{"/home/eladyaniv01/projects/frontend-master/src/jest.config.js": {"path":"/home/eladyaniv01/projects/frontend-master/src/jest.config.js","statementMap":{"0":{"start":{"line":1,"column":23},"end":{"line":3,"column":1}},"1":{"start":{"line":4,"column":34},"end":{"line":6,"column":1}},"2":{"start":{"line":7,"column":31},"end":{"line":7,"column":35}},"3":{"start":{"line":8,"column":33},"end":{"line":8,"column":63}},"4":{"start":{"line":9,"column":35},"end":{"line":14,"column":1}},"5":{"start":{"line":15,"column":33},"end":{"line":22,"column":1}},"6":{"start":{"line":23,"column":25},"end":{"line":27,"column":1}},"7":{"start":{"line":28,"column":36},"end":{"line":35,"column":1}},"8":{"start":{"line":36,"column":32},"end":{"line":44,"column":1}},"9":{"start":{"line":45,"column":25},"end":{"line":52,"column":1}},"10":{"start":{"line":53,"column":39},"end":{"line":55,"column":1}},"11":{"start":{"line":56,"column":35},"end":{"line":58,"column":1}}},"fnMap":{},"branchMap":{},"s":{"0":0,"1":0,"2":0,"3":0,"4":0,"5":0,"6":0,"7":0,"8":0,"9":0,"10":0,"11":0},"f":{},"b":{},"hash":"5f8edeb397462d5be27c18523b4edd04cdc75211"}
,"/home/eladyaniv01/projects/frontend-master/src/boot/Ftitle.js": {"path":"/home/eladyaniv01/projects/frontend-master/src/boot/Ftitle.js","statementMap":{"0":{"start":{"line":5,"column":2},"end":{"line":9,"column":4}},"1":{"start":{"line":6,"column":4},"end":{"line":6,"column":29}},"2":{"start":{"line":6,"column":18},"end":{"line":6,"column":27}},"3":{"start":{"line":7,"column":4},"end":{"line":7,"column":28}},"4":{"start":{"line":8,"column":4},"end":{"line":8,"column":57}}},"fnMap":{"0":{"name":"(anonymous_0)","decl":{"start":{"line":4,"column":15},"end":{"line":4,"column":16}},"loc":{"start":{"line":4,"column":41},"end":{"line":10,"column":1}},"line":4},"1":{"name":"(anonymous_1)","decl":{"start":{"line":5,"column":22},"end":{"line":5,"column":23}},"loc":{"start":{"line":5,"column":39},"end":{"line":9,"column":3}},"line":5}},"branchMap":{"0":{"loc":{"start":{"line":6,"column":4},"end":{"line":6,"column":29}},"type":"if","locations":[{"start":{"line":6,"column":4},"end":{"line":6,"column":29}},{"start":{"line":6,"column":4},"end":{"line":6,"column":29}}],"line":6}},"s":{"0":0,"1":0,"2":0,"3":0,"4":0},"f":{"0":0,"1":0},"b":{"0":[0,0]},"hash":"3ac68abdf82efa18b0aae114448e4c26caa31d13"}
,"/home/eladyaniv01/projects/frontend-master/src/boot/HighchartsVue.js": {"path":"/home/eladyaniv01/projects/frontend-master/src/boot/HighchartsVue.js","statementMap":{"0":{"start":{"line":5,"column":2},"end":{"line":5,"column":47}}},"fnMap":{"0":{"name":"(anonymous_0)","decl":{"start":{"line":4,"column":15},"end":{"line":4,"column":16}},"loc":{"start":{"line":4,"column":41},"end":{"line":6,"column":1}},"line":4}},"branchMap":{},"s":{"0":0},"f":{"0":0},"b":{},"hash":"872791fac1ae68e5114129ec2fe1b93561674c9b"}
,"/home/eladyaniv01/projects/frontend-master/src/boot/axios.js": {"path":"/home/eladyaniv01/projects/frontend-master/src/boot/axios.js","statementMap":{"0":{"start":{"line":11,"column":2},"end":{"line":19,"column":4}}},"fnMap":{"0":{"name":"(anonymous_0)","decl":{"start":{"line":10,"column":15},"end":{"line":10,"column":16}},"loc":{"start":{"line":10,"column":28},"end":{"line":21,"column":1}},"line":10}},"branchMap":{},"s":{"0":0},"f":{"0":0},"b":{},"hash":"df426a62d8fa66cc7d13396f495a5d1b719f910f"}
,"/home/eladyaniv01/projects/frontend-master/src/boot/i18n.js": {"path":"/home/eladyaniv01/projects/frontend-master/src/boot/i18n.js","statementMap":{"0":{"start":{"line":5,"column":2},"end":{"line":5,"column":18}},"1":{"start":{"line":8,"column":2},"end":{"line":12,"column":4}}},"fnMap":{"0":{"name":"(anonymous_0)","decl":{"start":{"line":4,"column":15},"end":{"line":4,"column":16}},"loc":{"start":{"line":4,"column":33},"end":{"line":13,"column":1}},"line":4}},"branchMap":{},"s":{"0":0,"1":0},"f":{"0":0},"b":{},"hash":"b780619d2cfc3961337988c7a1c9f0d492c6ab0a"}
,"/home/eladyaniv01/projects/frontend-master/src/boot/lodash.js": {"path":"/home/eladyaniv01/projects/frontend-master/src/boot/lodash.js","statementMap":{"0":{"start":{"line":8,"column":2},"end":{"line":8,"column":28}}},"fnMap":{"0":{"name":"(anonymous_0)","decl":{"start":{"line":7,"column":15},"end":{"line":7,"column":16}},"loc":{"start":{"line":7,"column":41},"end":{"line":9,"column":1}},"line":7}},"branchMap":{},"s":{"0":0},"f":{"0":0},"b":{},"hash":"99798d62bc3a0e08af1c0f462c04e4d5cd9fd38d"}
,"/home/eladyaniv01/projects/frontend-master/src/boot/noConsole.js": {"path":"/home/eladyaniv01/projects/frontend-master/src/boot/noConsole.js","statementMap":{"0":{"start":{"line":1,"column":28},"end":{"line":1,"column":30}},"1":{"start":{"line":2,"column":0},"end":{"line":4,"column":1}},"2":{"start":{"line":3,"column":2},"end":{"line":3,"column":54}}},"fnMap":{},"branchMap":{"0":{"loc":{"start":{"line":2,"column":0},"end":{"line":4,"column":1}},"type":"if","locations":[{"start":{"line":2,"column":0},"end":{"line":4,"column":1}},{"start":{"line":2,"column":0},"end":{"line":4,"column":1}}],"line":2}},"s":{"0":0,"1":0,"2":0},"f":{},"b":{"0":[0,0]},"hash":"9dfda25b1b9da3679d28cd02c8ae397b3edfde95"}
,"/home/eladyaniv01/projects/frontend-master/src/boot/notify-defaults.js": {"path":"/home/eladyaniv01/projects/frontend-master/src/boot/notify-defaults.js","statementMap":{"0":{"start":{"line":6,"column":0},"end":{"line":14,"column":2}}},"fnMap":{},"branchMap":{},"s":{"0":0},"f":{},"b":{},"hash":"ffe62a5088186c776c1895af54396b9bedfe2903"}
,"/home/eladyaniv01/projects/frontend-master/src/boot/quasar-calendar.js": {"path":"/home/eladyaniv01/projects/frontend-master/src/boot/quasar-calendar.js","statementMap":{"0":{"start":{"line":7,"column":2},"end":{"line":7,"column":37}}},"fnMap":{"0":{"name":"(anonymous_0)","decl":{"start":{"line":6,"column":15},"end":{"line":6,"column":16}},"loc":{"start":{"line":6,"column":28},"end":{"line":9,"column":1}},"line":6}},"branchMap":{},"s":{"0":0},"f":{"0":0},"b":{},"hash":"aad73e5b78f73b2154570aeafaaeb6e6f0b96e3d"}
,"/home/eladyaniv01/projects/frontend-master/src/boot/vuelidate.js": {"path":"/home/eladyaniv01/projects/frontend-master/src/boot/vuelidate.js","statementMap":{"0":{"start":{"line":4,"column":2},"end":{"line":4,"column":20}}},"fnMap":{"0":{"name":"(anonymous_0)","decl":{"start":{"line":3,"column":15},"end":{"line":3,"column":16}},"loc":{"start":{"line":3,"column":28},"end":{"line":5,"column":1}},"line":3}},"branchMap":{},"s":{"0":0},"f":{"0":0},"b":{},"hash":"9989d8dedda05fcc2825c101c601b6c05ce110ee"}
,"/home/eladyaniv01/projects/frontend-master/src/components/Box.vue": {"path":"/home/eladyaniv01/projects/frontend-master/src/components/Box.vue","statementMap":{"0":{"start":{"line":91,"column":0},"end":{"line":91,"column":null}},"1":{"start":{"line":92,"column":0},"end":{"line":92,"column":null}},"2":{"start":{"line":93,"column":0},"end":{"line":93,"column":null}},"3":{"start":{"line":94,"column":0},"end":{"line":94,"column":null}},"4":{"start":{"line":95,"column":0},"end":{"line":95,"column":null}},"5":{"start":{"line":96,"column":0},"end":{"line":96,"column":null}},"6":{"start":{"line":97,"column":0},"end":{"line":97,"column":null}},"7":{"start":{"line":108,"column":0},"end":{"line":108,"column":null}},"8":{"start":{"line":116,"column":0},"end":{"line":116,"column":null}},"9":{"start":{"line":118,"column":0},"end":{"line":120,"column":null}},"10":{"start":{"line":119,"column":0},"end":{"line":119,"column":null}},"11":{"start":{"line":121,"column":0},"end":{"line":123,"column":null}},"12":{"start":{"line":122,"column":0},"end":{"line":122,"column":null}},"13":{"start":{"line":124,"column":0},"end":{"line":129,"column":null}},"14":{"start":{"line":125,"column":0},"end":{"line":125,"column":null}},"15":{"start":{"line":126,"column":0},"end":{"line":126,"column":null}},"16":{"start":{"line":128,"column":0},"end":{"line":128,"column":null}},"17":{"start":{"line":130,"column":0},"end":{"line":130,"column":null}},"18":{"start":{"line":131,"column":0},"end":{"line":131,"column":null}},"19":{"start":{"line":141,"column":0},"end":{"line":143,"column":null}},"20":{"start":{"line":142,"column":0},"end":{"line":142,"column":null}},"21":{"start":{"line":144,"column":0},"end":{"line":144,"column":null}},"22":{"start":{"line":147,"column":0},"end":{"line":147,"column":null}},"23":{"start":{"line":148,"column":0},"end":{"line":148,"column":null}},"24":{"start":{"line":152,"column":0},"end":{"line":152,"column":null}},"25":{"start":{"line":155,"column":0},"end":{"line":155,"column":null}},"26":{"start":{"line":156,"column":0},"end":{"line":156,"column":null}},"27":{"start":{"line":160,"column":0},"end":{"line":160,"column":null}},"28":{"start":{"line":163,"column":0},"end":{"line":163,"column":null}},"29":{"start":{"line":164,"column":0},"end":{"line":164,"column":null}},"30":{"start":{"line":168,"column":0},"end":{"line":168,"column":null}},"31":{"start":{"line":171,"column":0},"end":{"line":171,"column":null}},"32":{"start":{"line":173,"column":0},"end":{"line":173,"column":null}},"33":{"start":{"line":176,"column":0},"end":{"line":176,"column":null}},"34":{"start":{"line":178,"column":0},"end":{"line":178,"column":null}},"35":{"start":{"line":182,"column":0},"end":{"line":184,"column":null}},"36":{"start":{"line":183,"column":0},"end":{"line":183,"column":null}},"37":{"start":{"line":186,"column":0},"end":{"line":186,"column":null}},"38":{"start":{"line":189,"column":0},"end":{"line":189,"column":null}}},"fnMap":{"0":{"name":"data","decl":{"start":{"line":107,"column":0},"end":{"line":107,"column":null}},"loc":{"start":{"line":107,"column":0},"end":{"line":109,"column":null}}},"1":{"name":"created","decl":{"start":{"line":110,"column":0},"end":{"line":110,"column":null}},"loc":{"start":{"line":110,"column":0},"end":{"line":112,"column":null}}},"2":{"name":"sortedFields","decl":{"start":{"line":115,"column":0},"end":{"line":115,"column":null}},"loc":{"start":{"line":115,"column":0},"end":{"line":132,"column":null}}},"3":{"name":"(anonymous_4)","decl":{"start":{"line":118,"column":0},"end":{"line":118,"column":null}},"loc":{"start":{"line":118,"column":0},"end":{"line":120,"column":null}}},"4":{"name":"(anonymous_5)","decl":{"start":{"line":121,"column":0},"end":{"line":121,"column":null}},"loc":{"start":{"line":121,"column":0},"end":{"line":123,"column":null}}},"5":{"name":"singularize","decl":{"start":{"line":140,"column":0},"end":{"line":140,"column":null}},"loc":{"start":{"line":140,"column":0},"end":{"line":145,"column":null}}},"6":{"name":"eventCount","decl":{"start":{"line":146,"column":0},"end":{"line":146,"column":null}},"loc":{"start":{"line":146,"column":0},"end":{"line":153,"column":null}}},"7":{"name":"menuCount","decl":{"start":{"line":154,"column":0},"end":{"line":154,"column":null}},"loc":{"start":{"line":154,"column":0},"end":{"line":161,"column":null}}},"8":{"name":"noteCount","decl":{"start":{"line":162,"column":0},"end":{"line":162,"column":null}},"loc":{"start":{"line":162,"column":0},"end":{"line":169,"column":null}}},"9":{"name":"clientName","decl":{"start":{"line":170,"column":0},"end":{"line":170,"column":null}},"loc":{"start":{"line":170,"column":0},"end":{"line":174,"column":null}}},"10":{"name":"nutritionistName","decl":{"start":{"line":175,"column":0},"end":{"line":175,"column":null}},"loc":{"start":{"line":175,"column":0},"end":{"line":179,"column":null}}},"11":{"name":"getPath","decl":{"start":{"line":181,"column":0},"end":{"line":181,"column":null}},"loc":{"start":{"line":181,"column":0},"end":{"line":187,"column":null}}},"12":{"name":"getDate","decl":{"start":{"line":188,"column":0},"end":{"line":188,"column":null}},"loc":{"start":{"line":188,"column":0},"end":{"line":190,"column":null}}}},"branchMap":{"0":{"loc":{"start":{"line":122,"column":0},"end":{"line":122,"column":null}},"type":"binary-expr","locations":[{"start":{"line":122,"column":0},"end":{"line":122,"column":null}},{"start":{"line":122,"column":0},"end":{"line":122,"column":null}}]},"1":{"loc":{"start":{"line":124,"column":0},"end":{"line":129,"column":null}},"type":"if","locations":[{"start":{"line":124,"column":0},"end":{"line":129,"column":null}},{"start":{"line":124,"column":0},"end":{"line":129,"column":null}}]},"2":{"loc":{"start":{"line":141,"column":0},"end":{"line":143,"column":null}},"type":"if","locations":[{"start":{"line":141,"column":0},"end":{"line":143,"column":null}},{"start":{"line":141,"column":0},"end":{"line":143,"column":null}}]},"3":{"loc":{"start":{"line":141,"column":0},"end":{"line":141,"column":null}},"type":"binary-expr","locations":[{"start":{"line":141,"column":0},"end":{"line":141,"column":null}},{"start":{"line":141,"column":0},"end":{"line":141,"column":null}}]},"4":{"loc":{"start":{"line":182,"column":0},"end":{"line":184,"column":null}},"type":"if","locations":[{"start":{"line":182,"column":0},"end":{"line":184,"column":null}},{"start":{"line":182,"column":0},"end":{"line":184,"column":null}}]},"5":{"loc":{"start":{"line":182,"column":0},"end":{"line":182,"column":null}},"type":"binary-expr","locations":[{"start":{"line":182,"column":0},"end":{"line":182,"column":null}},{"start":{"line":182,"column":0},"end":{"line":182,"column":null}}]}},"s":{"0":2,"1":2,"2":2,"3":2,"4":2,"5":2,"6":2,"7":2,"8":2,"9":2,"10":8,"11":2,"12":8,"13":2,"14":1,"15":1,"16":1,"17":1,"18":1,"19":6,"20":4,"21":2,"22":1,"23":1,"24":1,"25":1,"26":1,"27":1,"28":1,"29":1,"30":1,"31":2,"32":2,"33":1,"34":1,"35":3,"36":1,"37":2,"38":2},"f":{"0":2,"1":2,"2":2,"3":8,"4":8,"5":6,"6":1,"7":1,"8":1,"9":2,"10":1,"11":3,"12":2},"b":{"0":[8,7],"1":[1,1],"2":[4,2],"3":[6,2],"4":[1,2],"5":[3,1]}}
,"/home/eladyaniv01/projects/frontend-master/src/components/Event.vue": {"path":"/home/eladyaniv01/projects/frontend-master/src/components/Event.vue","statementMap":{"0":{"start":{"line":111,"column":0},"end":{"line":111,"column":null}},"1":{"start":{"line":112,"column":0},"end":{"line":112,"column":null}},"2":{"start":{"line":113,"column":0},"end":{"line":113,"column":null}},"3":{"start":{"line":123,"column":0},"end":{"line":123,"column":null}},"4":{"start":{"line":139,"column":0},"end":{"line":139,"column":null}},"5":{"start":{"line":140,"column":0},"end":{"line":140,"column":null}},"6":{"start":{"line":141,"column":0},"end":{"line":146,"column":null}},"7":{"start":{"line":144,"column":0},"end":{"line":144,"column":null}},"8":{"start":{"line":145,"column":0},"end":{"line":145,"column":null}},"9":{"start":{"line":149,"column":0},"end":{"line":149,"column":null}},"10":{"start":{"line":152,"column":0},"end":{"line":152,"column":null}},"11":{"start":{"line":154,"column":0},"end":{"line":154,"column":null}},"12":{"start":{"line":157,"column":0},"end":{"line":159,"column":null}},"13":{"start":{"line":158,"column":0},"end":{"line":158,"column":null}},"14":{"start":{"line":160,"column":0},"end":{"line":160,"column":null}},"15":{"start":{"line":161,"column":0},"end":{"line":161,"column":null}},"16":{"start":{"line":164,"column":0},"end":{"line":164,"column":null}},"17":{"start":{"line":165,"column":0},"end":{"line":165,"column":null}},"18":{"start":{"line":166,"column":0},"end":{"line":166,"column":null}},"19":{"start":{"line":174,"column":0},"end":{"line":174,"column":null}},"20":{"start":{"line":175,"column":0},"end":{"line":175,"column":null}},"21":{"start":{"line":177,"column":0},"end":{"line":177,"column":null}},"22":{"start":{"line":178,"column":0},"end":{"line":195,"column":null}},"23":{"start":{"line":179,"column":0},"end":{"line":192,"column":null}},"24":{"start":{"line":182,"column":0},"end":{"line":182,"column":null}},"25":{"start":{"line":190,"column":0},"end":{"line":190,"column":null}},"26":{"start":{"line":191,"column":0},"end":{"line":191,"column":null}},"27":{"start":{"line":202,"column":0},"end":{"line":202,"column":null}},"28":{"start":{"line":204,"column":0},"end":{"line":204,"column":null}},"29":{"start":{"line":205,"column":0},"end":{"line":205,"column":null}},"30":{"start":{"line":207,"column":0},"end":{"line":207,"column":null}},"31":{"start":{"line":209,"column":0},"end":{"line":209,"column":null}},"32":{"start":{"line":211,"column":0},"end":{"line":307,"column":null}},"33":{"start":{"line":213,"column":0},"end":{"line":215,"column":null}},"34":{"start":{"line":214,"column":0},"end":{"line":214,"column":null}},"35":{"start":{"line":216,"column":0},"end":{"line":216,"column":null}},"36":{"start":{"line":218,"column":0},"end":{"line":257,"column":null}},"37":{"start":{"line":221,"column":0},"end":{"line":221,"column":null}},"38":{"start":{"line":223,"column":0},"end":{"line":223,"column":null}},"39":{"start":{"line":231,"column":0},"end":{"line":231,"column":null}},"40":{"start":{"line":232,"column":0},"end":{"line":232,"column":null}},"41":{"start":{"line":235,"column":0},"end":{"line":235,"column":null}},"42":{"start":{"line":236,"column":0},"end":{"line":256,"column":null}},"43":{"start":{"line":237,"column":0},"end":{"line":237,"column":null}},"44":{"start":{"line":238,"column":0},"end":{"line":247,"column":null}},"45":{"start":{"line":239,"column":0},"end":{"line":246,"column":null}},"46":{"start":{"line":240,"column":0},"end":{"line":240,"column":null}},"47":{"start":{"line":249,"column":0},"end":{"line":249,"column":null}},"48":{"start":{"line":250,"column":0},"end":{"line":250,"column":null}},"49":{"start":{"line":260,"column":0},"end":{"line":262,"column":null}},"50":{"start":{"line":261,"column":0},"end":{"line":261,"column":null}},"51":{"start":{"line":263,"column":0},"end":{"line":263,"column":null}},"52":{"start":{"line":264,"column":0},"end":{"line":264,"column":null}},"53":{"start":{"line":265,"column":0},"end":{"line":265,"column":null}},"54":{"start":{"line":266,"column":0},"end":{"line":305,"column":null}},"55":{"start":{"line":269,"column":0},"end":{"line":269,"column":null}},"56":{"start":{"line":271,"column":0},"end":{"line":271,"column":null}},"57":{"start":{"line":279,"column":0},"end":{"line":279,"column":null}},"58":{"start":{"line":280,"column":0},"end":{"line":280,"column":null}},"59":{"start":{"line":283,"column":0},"end":{"line":283,"column":null}},"60":{"start":{"line":284,"column":0},"end":{"line":304,"column":null}},"61":{"start":{"line":285,"column":0},"end":{"line":285,"column":null}},"62":{"start":{"line":286,"column":0},"end":{"line":295,"column":null}},"63":{"start":{"line":287,"column":0},"end":{"line":294,"column":null}},"64":{"start":{"line":288,"column":0},"end":{"line":288,"column":null}},"65":{"start":{"line":297,"column":0},"end":{"line":297,"column":null}},"66":{"start":{"line":298,"column":0},"end":{"line":298,"column":null}},"67":{"start":{"line":313,"column":0},"end":{"line":313,"column":null}},"68":{"start":{"line":318,"column":0},"end":{"line":318,"column":null}},"69":{"start":{"line":324,"column":0},"end":{"line":324,"column":null}},"70":{"start":{"line":330,"column":0},"end":{"line":330,"column":null}},"71":{"start":{"line":337,"column":0},"end":{"line":337,"column":null}},"72":{"start":{"line":338,"column":0},"end":{"line":338,"column":null}},"73":{"start":{"line":340,"column":0},"end":{"line":340,"column":null}},"74":{"start":{"line":341,"column":0},"end":{"line":341,"column":null}},"75":{"start":{"line":342,"column":0},"end":{"line":342,"column":null}},"76":{"start":{"line":343,"column":0},"end":{"line":343,"column":null}},"77":{"start":{"line":347,"column":0},"end":{"line":347,"column":null}},"78":{"start":{"line":352,"column":0},"end":{"line":352,"column":null}},"79":{"start":{"line":353,"column":0},"end":{"line":353,"column":null}}},"fnMap":{"0":{"name":"data","decl":{"start":{"line":122,"column":0},"end":{"line":122,"column":null}},"loc":{"start":{"line":122,"column":0},"end":{"line":136,"column":null}}},"1":{"name":"clients","decl":{"start":{"line":138,"column":0},"end":{"line":138,"column":null}},"loc":{"start":{"line":138,"column":0},"end":{"line":150,"column":null}}},"2":{"name":"client","decl":{"start":{"line":151,"column":0},"end":{"line":151,"column":null}},"loc":{"start":{"line":151,"column":0},"end":{"line":162,"column":null}}},"3":{"name":"user","decl":{"start":{"line":164,"column":0},"end":{"line":164,"column":null}},"loc":{"start":{"line":164,"column":0},"end":{"line":164,"column":null}}},"4":{"name":"msg","decl":{"start":{"line":165,"column":0},"end":{"line":165,"column":null}},"loc":{"start":{"line":165,"column":0},"end":{"line":165,"column":null}}},"5":{"name":"userState","decl":{"start":{"line":166,"column":0},"end":{"line":166,"column":null}},"loc":{"start":{"line":166,"column":0},"end":{"line":166,"column":null}}},"6":{"name":"del","decl":{"start":{"line":174,"column":0},"end":{"line":174,"column":null}},"loc":{"start":{"line":174,"column":0},"end":{"line":203,"column":null}}},"7":{"name":"(anonymous_8)","decl":{"start":{"line":179,"column":0},"end":{"line":179,"column":null}},"loc":{"start":{"line":179,"column":0},"end":{"line":192,"column":null}}},"8":{"name":"(anonymous_9)","decl":{"start":{"line":192,"column":0},"end":{"line":192,"column":null}},"loc":{"start":{"line":192,"column":0},"end":{"line":192,"column":null}}},"9":{"name":"save","decl":{"start":{"line":204,"column":0},"end":{"line":204,"column":null}},"loc":{"start":{"line":204,"column":0},"end":{"line":314,"column":null}}},"10":{"name":"(anonymous_11)","decl":{"start":{"line":218,"column":0},"end":{"line":218,"column":null}},"loc":{"start":{"line":218,"column":0},"end":{"line":233,"column":null}}},"11":{"name":"(anonymous_12)","decl":{"start":{"line":233,"column":0},"end":{"line":233,"column":null}},"loc":{"start":{"line":233,"column":0},"end":{"line":257,"column":null}}},"12":{"name":"(anonymous_13)","decl":{"start":{"line":266,"column":0},"end":{"line":266,"column":null}},"loc":{"start":{"line":266,"column":0},"end":{"line":281,"column":null}}},"13":{"name":"(anonymous_14)","decl":{"start":{"line":281,"column":0},"end":{"line":281,"column":null}},"loc":{"start":{"line":281,"column":0},"end":{"line":305,"column":null}}},"14":{"name":"show","decl":{"start":{"line":317,"column":0},"end":{"line":317,"column":null}},"loc":{"start":{"line":317,"column":0},"end":{"line":319,"column":null}}},"15":{"name":"hide","decl":{"start":{"line":323,"column":0},"end":{"line":323,"column":null}},"loc":{"start":{"line":323,"column":0},"end":{"line":325,"column":null}}},"16":{"name":"onDialogHide","decl":{"start":{"line":327,"column":0},"end":{"line":327,"column":null}},"loc":{"start":{"line":327,"column":0},"end":{"line":331,"column":null}}},"17":{"name":"onOKClick","decl":{"start":{"line":333,"column":0},"end":{"line":333,"column":null}},"loc":{"start":{"line":333,"column":0},"end":{"line":348,"column":null}}},"18":{"name":"onCancelClick","decl":{"start":{"line":350,"column":0},"end":{"line":350,"column":null}},"loc":{"start":{"line":350,"column":0},"end":{"line":354,"column":null}}}},"branchMap":{"0":{"loc":{"start":{"line":157,"column":0},"end":{"line":159,"column":null}},"type":"if","locations":[{"start":{"line":157,"column":0},"end":{"line":159,"column":null}},{"start":{"line":157,"column":0},"end":{"line":159,"column":null}}]},"1":{"loc":{"start":{"line":178,"column":0},"end":{"line":195,"column":null}},"type":"if","locations":[{"start":{"line":178,"column":0},"end":{"line":195,"column":null}},{"start":{"line":178,"column":0},"end":{"line":195,"column":null}}]},"2":{"loc":{"start":{"line":178,"column":0},"end":{"line":178,"column":null}},"type":"binary-expr","locations":[{"start":{"line":178,"column":0},"end":{"line":178,"column":null}},{"start":{"line":178,"column":0},"end":{"line":178,"column":null}}]},"3":{"loc":{"start":{"line":211,"column":0},"end":{"line":307,"column":null}},"type":"if","locations":[{"start":{"line":211,"column":0},"end":{"line":307,"column":null}},{"start":{"line":211,"column":0},"end":{"line":307,"column":null}}]},"4":{"loc":{"start":{"line":211,"column":0},"end":{"line":211,"column":null}},"type":"binary-expr","locations":[{"start":{"line":211,"column":0},"end":{"line":211,"column":null}},{"start":{"line":211,"column":0},"end":{"line":211,"column":null}}]},"5":{"loc":{"start":{"line":213,"column":0},"end":{"line":215,"column":null}},"type":"if","locations":[{"start":{"line":213,"column":0},"end":{"line":215,"column":null}},{"start":{"line":213,"column":0},"end":{"line":215,"column":null}}]},"6":{"loc":{"start":{"line":236,"column":0},"end":{"line":256,"column":null}},"type":"if","locations":[{"start":{"line":236,"column":0},"end":{"line":256,"column":null}},{"start":{"line":236,"column":0},"end":{"line":256,"column":null}}]},"7":{"loc":{"start":{"line":239,"column":0},"end":{"line":246,"column":null}},"type":"if","locations":[{"start":{"line":239,"column":0},"end":{"line":246,"column":null}},{"start":{"line":239,"column":0},"end":{"line":246,"column":null}}]},"8":{"loc":{"start":{"line":260,"column":0},"end":{"line":262,"column":null}},"type":"if","locations":[{"start":{"line":260,"column":0},"end":{"line":262,"column":null}},{"start":{"line":260,"column":0},"end":{"line":262,"column":null}}]},"9":{"loc":{"start":{"line":284,"column":0},"end":{"line":304,"column":null}},"type":"if","locations":[{"start":{"line":284,"column":0},"end":{"line":304,"column":null}},{"start":{"line":284,"column":0},"end":{"line":304,"column":null}}]},"10":{"loc":{"start":{"line":287,"column":0},"end":{"line":294,"column":null}},"type":"if","locations":[{"start":{"line":287,"column":0},"end":{"line":294,"column":null}},{"start":{"line":287,"column":0},"end":{"line":294,"column":null}}]}},"s":{"0":4,"1":4,"2":4,"3":2,"4":2,"5":2,"6":2,"7":2,"8":2,"9":2,"10":2,"11":2,"12":2,"13":1,"14":1,"15":1,"16":0,"17":0,"18":0,"19":1,"20":1,"21":1,"22":1,"23":1,"24":0,"25":0,"26":0,"27":0,"28":0,"29":0,"30":0,"31":0,"32":0,"33":0,"34":0,"35":0,"36":0,"37":0,"38":0,"39":0,"40":0,"41":0,"42":0,"43":0,"44":0,"45":0,"46":0,"47":0,"48":0,"49":0,"50":0,"51":0,"52":0,"53":0,"54":0,"55":0,"56":0,"57":0,"58":0,"59":0,"60":0,"61":0,"62":0,"63":0,"64":0,"65":0,"66":0,"67":0,"68":0,"69":0,"70":0,"71":0,"72":0,"73":0,"74":0,"75":0,"76":0,"77":0,"78":0,"79":0},"f":{"0":2,"1":2,"2":2,"3":0,"4":0,"5":0,"6":1,"7":0,"8":0,"9":0,"10":0,"11":0,"12":0,"13":0,"14":0,"15":0,"16":0,"17":0,"18":0},"b":{"0":[1,1],"1":[1,0],"2":[1,1],"3":[0,0],"4":[0,0],"5":[0,0],"6":[0,0],"7":[0,0],"8":[0,0],"9":[0,0],"10":[0,0]}}
,"/home/eladyaniv01/projects/frontend-master/src/components/EventBox.vue": {"path":"/home/eladyaniv01/projects/frontend-master/src/components/EventBox.vue","statementMap":{"0":{"start":{"line":85,"column":0},"end":{"line":85,"column":null}},"1":{"start":{"line":86,"column":0},"end":{"line":86,"column":null}},"2":{"start":{"line":87,"column":0},"end":{"line":87,"column":null}},"3":{"start":{"line":88,"column":0},"end":{"line":88,"column":null}},"4":{"start":{"line":89,"column":0},"end":{"line":89,"column":null}},"5":{"start":{"line":90,"column":0},"end":{"line":90,"column":null}},"6":{"start":{"line":101,"column":0},"end":{"line":101,"column":null}},"7":{"start":{"line":111,"column":0},"end":{"line":111,"column":null}},"8":{"start":{"line":113,"column":0},"end":{"line":115,"column":null}},"9":{"start":{"line":114,"column":0},"end":{"line":114,"column":null}},"10":{"start":{"line":116,"column":0},"end":{"line":118,"column":null}},"11":{"start":{"line":117,"column":0},"end":{"line":117,"column":null}},"12":{"start":{"line":119,"column":0},"end":{"line":124,"column":null}},"13":{"start":{"line":120,"column":0},"end":{"line":120,"column":null}},"14":{"start":{"line":121,"column":0},"end":{"line":121,"column":null}},"15":{"start":{"line":123,"column":0},"end":{"line":123,"column":null}},"16":{"start":{"line":125,"column":0},"end":{"line":125,"column":null}},"17":{"start":{"line":126,"column":0},"end":{"line":126,"column":null}},"18":{"start":{"line":129,"column":0},"end":{"line":129,"column":null}},"19":{"start":{"line":133,"column":0},"end":{"line":133,"column":null}},"20":{"start":{"line":142,"column":0},"end":{"line":144,"column":null}},"21":{"start":{"line":143,"column":0},"end":{"line":143,"column":null}},"22":{"start":{"line":145,"column":0},"end":{"line":145,"column":null}},"23":{"start":{"line":148,"column":0},"end":{"line":148,"column":null}},"24":{"start":{"line":149,"column":0},"end":{"line":149,"column":null}},"25":{"start":{"line":153,"column":0},"end":{"line":153,"column":null}},"26":{"start":{"line":156,"column":0},"end":{"line":156,"column":null}},"27":{"start":{"line":157,"column":0},"end":{"line":157,"column":null}},"28":{"start":{"line":161,"column":0},"end":{"line":161,"column":null}},"29":{"start":{"line":164,"column":0},"end":{"line":164,"column":null}},"30":{"start":{"line":166,"column":0},"end":{"line":166,"column":null}},"31":{"start":{"line":169,"column":0},"end":{"line":169,"column":null}},"32":{"start":{"line":171,"column":0},"end":{"line":171,"column":null}},"33":{"start":{"line":175,"column":0},"end":{"line":177,"column":null}},"34":{"start":{"line":176,"column":0},"end":{"line":176,"column":null}},"35":{"start":{"line":178,"column":0},"end":{"line":180,"column":null}},"36":{"start":{"line":179,"column":0},"end":{"line":179,"column":null}},"37":{"start":{"line":182,"column":0},"end":{"line":182,"column":null}},"38":{"start":{"line":185,"column":0},"end":{"line":185,"column":null}}},"fnMap":{"0":{"name":"data","decl":{"start":{"line":100,"column":0},"end":{"line":100,"column":null}},"loc":{"start":{"line":100,"column":0},"end":{"line":102,"column":null}}},"1":{"name":"created","decl":{"start":{"line":103,"column":0},"end":{"line":103,"column":null}},"loc":{"start":{"line":103,"column":0},"end":{"line":105,"column":null}}},"2":{"name":"model","decl":{"start":{"line":107,"column":0},"end":{"line":107,"column":null}},"loc":{"start":{"line":107,"column":0},"end":{"line":107,"column":null}}},"3":{"name":"sortedFields","decl":{"start":{"line":110,"column":0},"end":{"line":110,"column":null}},"loc":{"start":{"line":110,"column":0},"end":{"line":127,"column":null}}},"4":{"name":"(anonymous_5)","decl":{"start":{"line":113,"column":0},"end":{"line":113,"column":null}},"loc":{"start":{"line":113,"column":0},"end":{"line":115,"column":null}}},"5":{"name":"(anonymous_6)","decl":{"start":{"line":116,"column":0},"end":{"line":116,"column":null}},"loc":{"start":{"line":116,"column":0},"end":{"line":118,"column":null}}},"6":{"name":"clientId","decl":{"start":{"line":128,"column":0},"end":{"line":128,"column":null}},"loc":{"start":{"line":128,"column":0},"end":{"line":134,"column":null}}},"7":{"name":"singularize","decl":{"start":{"line":141,"column":0},"end":{"line":141,"column":null}},"loc":{"start":{"line":141,"column":0},"end":{"line":146,"column":null}}},"8":{"name":"eventCount","decl":{"start":{"line":147,"column":0},"end":{"line":147,"column":null}},"loc":{"start":{"line":147,"column":0},"end":{"line":154,"column":null}}},"9":{"name":"menuCount","decl":{"start":{"line":155,"column":0},"end":{"line":155,"column":null}},"loc":{"start":{"line":155,"column":0},"end":{"line":162,"column":null}}},"10":{"name":"clientName","decl":{"start":{"line":163,"column":0},"end":{"line":163,"column":null}},"loc":{"start":{"line":163,"column":0},"end":{"line":167,"column":null}}},"11":{"name":"nutritionistName","decl":{"start":{"line":168,"column":0},"end":{"line":168,"column":null}},"loc":{"start":{"line":168,"column":0},"end":{"line":172,"column":null}}},"12":{"name":"getPath","decl":{"start":{"line":174,"column":0},"end":{"line":174,"column":null}},"loc":{"start":{"line":174,"column":0},"end":{"line":183,"column":null}}},"13":{"name":"getDate","decl":{"start":{"line":184,"column":0},"end":{"line":184,"column":null}},"loc":{"start":{"line":184,"column":0},"end":{"line":186,"column":null}}}},"branchMap":{"0":{"loc":{"start":{"line":117,"column":0},"end":{"line":117,"column":null}},"type":"binary-expr","locations":[{"start":{"line":117,"column":0},"end":{"line":117,"column":null}},{"start":{"line":117,"column":0},"end":{"line":117,"column":null}}]},"1":{"loc":{"start":{"line":119,"column":0},"end":{"line":124,"column":null}},"type":"if","locations":[{"start":{"line":119,"column":0},"end":{"line":124,"column":null}},{"start":{"line":119,"column":0},"end":{"line":124,"column":null}}]},"2":{"loc":{"start":{"line":142,"column":0},"end":{"line":144,"column":null}},"type":"if","locations":[{"start":{"line":142,"column":0},"end":{"line":144,"column":null}},{"start":{"line":142,"column":0},"end":{"line":144,"column":null}}]},"3":{"loc":{"start":{"line":142,"column":0},"end":{"line":142,"column":null}},"type":"binary-expr","locations":[{"start":{"line":142,"column":0},"end":{"line":142,"column":null}},{"start":{"line":142,"column":0},"end":{"line":142,"column":null}}]},"4":{"loc":{"start":{"line":175,"column":0},"end":{"line":177,"column":null}},"type":"if","locations":[{"start":{"line":175,"column":0},"end":{"line":177,"column":null}},{"start":{"line":175,"column":0},"end":{"line":177,"column":null}}]},"5":{"loc":{"start":{"line":175,"column":0},"end":{"line":175,"column":null}},"type":"binary-expr","locations":[{"start":{"line":175,"column":0},"end":{"line":175,"column":null}},{"start":{"line":175,"column":0},"end":{"line":175,"column":null}}]},"6":{"loc":{"start":{"line":178,"column":0},"end":{"line":180,"column":null}},"type":"if","locations":[{"start":{"line":178,"column":0},"end":{"line":180,"column":null}},{"start":{"line":178,"column":0},"end":{"line":180,"column":null}}]}},"s":{"0":0,"1":0,"2":0,"3":0,"4":0,"5":0,"6":0,"7":0,"8":0,"9":0,"10":0,"11":0,"12":0,"13":0,"14":0,"15":0,"16":0,"17":0,"18":0,"19":0,"20":0,"21":0,"22":0,"23":0,"24":0,"25":0,"26":0,"27":0,"28":0,"29":0,"30":0,"31":0,"32":0,"33":0,"34":0,"35":0,"36":0,"37":0,"38":0},"f":{"0":0,"1":0,"2":0,"3":0,"4":0,"5":0,"6":0,"7":0,"8":0,"9":0,"10":0,"11":0,"12":0,"13":0},"b":{"0":[0,0],"1":[0,0],"2":[0,0],"3":[0,0],"4":[0,0],"5":[0,0],"6":[0,0]}}
,"/home/eladyaniv01/projects/frontend-master/src/components/MenuBox.vue": {"path":"/home/eladyaniv01/projects/frontend-master/src/components/MenuBox.vue","statementMap":{"0":{"start":{"line":79,"column":0},"end":{"line":79,"column":null}},"1":{"start":{"line":80,"column":0},"end":{"line":80,"column":null}},"2":{"start":{"line":81,"column":0},"end":{"line":81,"column":null}},"3":{"start":{"line":82,"column":0},"end":{"line":82,"column":null}},"4":{"start":{"line":83,"column":0},"end":{"line":83,"column":null}},"5":{"start":{"line":84,"column":0},"end":{"line":84,"column":null}},"6":{"start":{"line":95,"column":0},"end":{"line":95,"column":null}},"7":{"start":{"line":105,"column":0},"end":{"line":105,"column":null}},"8":{"start":{"line":107,"column":0},"end":{"line":109,"column":null}},"9":{"start":{"line":108,"column":0},"end":{"line":108,"column":null}},"10":{"start":{"line":110,"column":0},"end":{"line":112,"column":null}},"11":{"start":{"line":111,"column":0},"end":{"line":111,"column":null}},"12":{"start":{"line":113,"column":0},"end":{"line":118,"column":null}},"13":{"start":{"line":114,"column":0},"end":{"line":114,"column":null}},"14":{"start":{"line":115,"column":0},"end":{"line":115,"column":null}},"15":{"start":{"line":117,"column":0},"end":{"line":117,"column":null}},"16":{"start":{"line":119,"column":0},"end":{"line":119,"column":null}},"17":{"start":{"line":120,"column":0},"end":{"line":120,"column":null}},"18":{"start":{"line":123,"column":0},"end":{"line":123,"column":null}},"19":{"start":{"line":127,"column":0},"end":{"line":127,"column":null}},"20":{"start":{"line":136,"column":0},"end":{"line":138,"column":null}},"21":{"start":{"line":137,"column":0},"end":{"line":137,"column":null}},"22":{"start":{"line":139,"column":0},"end":{"line":139,"column":null}},"23":{"start":{"line":142,"column":0},"end":{"line":142,"column":null}},"24":{"start":{"line":143,"column":0},"end":{"line":143,"column":null}},"25":{"start":{"line":147,"column":0},"end":{"line":147,"column":null}},"26":{"start":{"line":150,"column":0},"end":{"line":150,"column":null}},"27":{"start":{"line":151,"column":0},"end":{"line":151,"column":null}},"28":{"start":{"line":155,"column":0},"end":{"line":155,"column":null}},"29":{"start":{"line":158,"column":0},"end":{"line":158,"column":null}},"30":{"start":{"line":160,"column":0},"end":{"line":160,"column":null}},"31":{"start":{"line":163,"column":0},"end":{"line":163,"column":null}},"32":{"start":{"line":165,"column":0},"end":{"line":165,"column":null}},"33":{"start":{"line":169,"column":0},"end":{"line":171,"column":null}},"34":{"start":{"line":170,"column":0},"end":{"line":170,"column":null}},"35":{"start":{"line":172,"column":0},"end":{"line":174,"column":null}},"36":{"start":{"line":173,"column":0},"end":{"line":173,"column":null}},"37":{"start":{"line":176,"column":0},"end":{"line":176,"column":null}},"38":{"start":{"line":179,"column":0},"end":{"line":179,"column":null}}},"fnMap":{"0":{"name":"data","decl":{"start":{"line":94,"column":0},"end":{"line":94,"column":null}},"loc":{"start":{"line":94,"column":0},"end":{"line":96,"column":null}}},"1":{"name":"created","decl":{"start":{"line":97,"column":0},"end":{"line":97,"column":null}},"loc":{"start":{"line":97,"column":0},"end":{"line":99,"column":null}}},"2":{"name":"model","decl":{"start":{"line":101,"column":0},"end":{"line":101,"column":null}},"loc":{"start":{"line":101,"column":0},"end":{"line":101,"column":null}}},"3":{"name":"sortedFields","decl":{"start":{"line":104,"column":0},"end":{"line":104,"column":null}},"loc":{"start":{"line":104,"column":0},"end":{"line":121,"column":null}}},"4":{"name":"(anonymous_5)","decl":{"start":{"line":107,"column":0},"end":{"line":107,"column":null}},"loc":{"start":{"line":107,"column":0},"end":{"line":109,"column":null}}},"5":{"name":"(anonymous_6)","decl":{"start":{"line":110,"column":0},"end":{"line":110,"column":null}},"loc":{"start":{"line":110,"column":0},"end":{"line":112,"column":null}}},"6":{"name":"clientId","decl":{"start":{"line":122,"column":0},"end":{"line":122,"column":null}},"loc":{"start":{"line":122,"column":0},"end":{"line":128,"column":null}}},"7":{"name":"singularize","decl":{"start":{"line":135,"column":0},"end":{"line":135,"column":null}},"loc":{"start":{"line":135,"column":0},"end":{"line":140,"column":null}}},"8":{"name":"eventCount","decl":{"start":{"line":141,"column":0},"end":{"line":141,"column":null}},"loc":{"start":{"line":141,"column":0},"end":{"line":148,"column":null}}},"9":{"name":"menuCount","decl":{"start":{"line":149,"column":0},"end":{"line":149,"column":null}},"loc":{"start":{"line":149,"column":0},"end":{"line":156,"column":null}}},"10":{"name":"clientName","decl":{"start":{"line":157,"column":0},"end":{"line":157,"column":null}},"loc":{"start":{"line":157,"column":0},"end":{"line":161,"column":null}}},"11":{"name":"nutritionistName","decl":{"start":{"line":162,"column":0},"end":{"line":162,"column":null}},"loc":{"start":{"line":162,"column":0},"end":{"line":166,"column":null}}},"12":{"name":"getPath","decl":{"start":{"line":168,"column":0},"end":{"line":168,"column":null}},"loc":{"start":{"line":168,"column":0},"end":{"line":177,"column":null}}},"13":{"name":"getDate","decl":{"start":{"line":178,"column":0},"end":{"line":178,"column":null}},"loc":{"start":{"line":178,"column":0},"end":{"line":180,"column":null}}}},"branchMap":{"0":{"loc":{"start":{"line":111,"column":0},"end":{"line":111,"column":null}},"type":"binary-expr","locations":[{"start":{"line":111,"column":0},"end":{"line":111,"column":null}},{"start":{"line":111,"column":0},"end":{"line":111,"column":null}}]},"1":{"loc":{"start":{"line":113,"column":0},"end":{"line":118,"column":null}},"type":"if","locations":[{"start":{"line":113,"column":0},"end":{"line":118,"column":null}},{"start":{"line":113,"column":0},"end":{"line":118,"column":null}}]},"2":{"loc":{"start":{"line":136,"column":0},"end":{"line":138,"column":null}},"type":"if","locations":[{"start":{"line":136,"column":0},"end":{"line":138,"column":null}},{"start":{"line":136,"column":0},"end":{"line":138,"column":null}}]},"3":{"loc":{"start":{"line":136,"column":0},"end":{"line":136,"column":null}},"type":"binary-expr","locations":[{"start":{"line":136,"column":0},"end":{"line":136,"column":null}},{"start":{"line":136,"column":0},"end":{"line":136,"column":null}}]},"4":{"loc":{"start":{"line":169,"column":0},"end":{"line":171,"column":null}},"type":"if","locations":[{"start":{"line":169,"column":0},"end":{"line":171,"column":null}},{"start":{"line":169,"column":0},"end":{"line":171,"column":null}}]},"5":{"loc":{"start":{"line":169,"column":0},"end":{"line":169,"column":null}},"type":"binary-expr","locations":[{"start":{"line":169,"column":0},"end":{"line":169,"column":null}},{"start":{"line":169,"column":0},"end":{"line":169,"column":null}}]},"6":{"loc":{"start":{"line":172,"column":0},"end":{"line":174,"column":null}},"type":"if","locations":[{"start":{"line":172,"column":0},"end":{"line":174,"column":null}},{"start":{"line":172,"column":0},"end":{"line":174,"column":null}}]}},"s":{"0":0,"1":0,"2":0,"3":0,"4":0,"5":0,"6":0,"7":0,"8":0,"9":0,"10":0,"11":0,"12":0,"13":0,"14":0,"15":0,"16":0,"17":0,"18":0,"19":0,"20":0,"21":0,"22":0,"23":0,"24":0,"25":0,"26":0,"27":0,"28":0,"29":0,"30":0,"31":0,"32":0,"33":0,"34":0,"35":0,"36":0,"37":0,"38":0},"f":{"0":0,"1":0,"2":0,"3":0,"4":0,"5":0,"6":0,"7":0,"8":0,"9":0,"10":0,"11":0,"12":0,"13":0},"b":{"0":[0,0],"1":[0,0],"2":[0,0],"3":[0,0],"4":[0,0],"5":[0,0],"6":[0,0]}}
,"/home/eladyaniv01/projects/frontend-master/src/components/MinBox.vue": {"path":"/home/eladyaniv01/projects/frontend-master/src/components/MinBox.vue","statementMap":{"0":{"start":{"line":97,"column":0},"end":{"line":97,"column":null}},"1":{"start":{"line":98,"column":0},"end":{"line":98,"column":null}},"2":{"start":{"line":99,"column":0},"end":{"line":99,"column":null}},"3":{"start":{"line":100,"column":0},"end":{"line":100,"column":null}},"4":{"start":{"line":101,"column":0},"end":{"line":101,"column":null}},"5":{"start":{"line":102,"column":0},"end":{"line":102,"column":null}},"6":{"start":{"line":113,"column":0},"end":{"line":113,"column":null}},"7":{"start":{"line":123,"column":0},"end":{"line":123,"column":null}},"8":{"start":{"line":125,"column":0},"end":{"line":127,"column":null}},"9":{"start":{"line":126,"column":0},"end":{"line":126,"column":null}},"10":{"start":{"line":128,"column":0},"end":{"line":130,"column":null}},"11":{"start":{"line":129,"column":0},"end":{"line":129,"column":null}},"12":{"start":{"line":131,"column":0},"end":{"line":136,"column":null}},"13":{"start":{"line":132,"column":0},"end":{"line":132,"column":null}},"14":{"start":{"line":133,"column":0},"end":{"line":133,"column":null}},"15":{"start":{"line":135,"column":0},"end":{"line":135,"column":null}},"16":{"start":{"line":137,"column":0},"end":{"line":137,"column":null}},"17":{"start":{"line":138,"column":0},"end":{"line":138,"column":null}},"18":{"start":{"line":141,"column":0},"end":{"line":141,"column":null}},"19":{"start":{"line":145,"column":0},"end":{"line":145,"column":null}},"20":{"start":{"line":154,"column":0},"end":{"line":156,"column":null}},"21":{"start":{"line":155,"column":0},"end":{"line":155,"column":null}},"22":{"start":{"line":157,"column":0},"end":{"line":157,"column":null}},"23":{"start":{"line":160,"column":0},"end":{"line":160,"column":null}},"24":{"start":{"line":161,"column":0},"end":{"line":161,"column":null}},"25":{"start":{"line":165,"column":0},"end":{"line":165,"column":null}},"26":{"start":{"line":168,"column":0},"end":{"line":168,"column":null}},"27":{"start":{"line":169,"column":0},"end":{"line":169,"column":null}},"28":{"start":{"line":173,"column":0},"end":{"line":173,"column":null}},"29":{"start":{"line":176,"column":0},"end":{"line":176,"column":null}},"30":{"start":{"line":177,"column":0},"end":{"line":177,"column":null}},"31":{"start":{"line":181,"column":0},"end":{"line":181,"column":null}},"32":{"start":{"line":184,"column":0},"end":{"line":184,"column":null}},"33":{"start":{"line":186,"column":0},"end":{"line":186,"column":null}},"34":{"start":{"line":189,"column":0},"end":{"line":189,"column":null}},"35":{"start":{"line":191,"column":0},"end":{"line":191,"column":null}},"36":{"start":{"line":195,"column":0},"end":{"line":197,"column":null}},"37":{"start":{"line":196,"column":0},"end":{"line":196,"column":null}},"38":{"start":{"line":198,"column":0},"end":{"line":200,"column":null}},"39":{"start":{"line":199,"column":0},"end":{"line":199,"column":null}},"40":{"start":{"line":202,"column":0},"end":{"line":202,"column":null}},"41":{"start":{"line":205,"column":0},"end":{"line":205,"column":null}}},"fnMap":{"0":{"name":"data","decl":{"start":{"line":112,"column":0},"end":{"line":112,"column":null}},"loc":{"start":{"line":112,"column":0},"end":{"line":114,"column":null}}},"1":{"name":"created","decl":{"start":{"line":115,"column":0},"end":{"line":115,"column":null}},"loc":{"start":{"line":115,"column":0},"end":{"line":117,"column":null}}},"2":{"name":"model","decl":{"start":{"line":119,"column":0},"end":{"line":119,"column":null}},"loc":{"start":{"line":119,"column":0},"end":{"line":119,"column":null}}},"3":{"name":"sortedFields","decl":{"start":{"line":122,"column":0},"end":{"line":122,"column":null}},"loc":{"start":{"line":122,"column":0},"end":{"line":139,"column":null}}},"4":{"name":"(anonymous_5)","decl":{"start":{"line":125,"column":0},"end":{"line":125,"column":null}},"loc":{"start":{"line":125,"column":0},"end":{"line":127,"column":null}}},"5":{"name":"(anonymous_6)","decl":{"start":{"line":128,"column":0},"end":{"line":128,"column":null}},"loc":{"start":{"line":128,"column":0},"end":{"line":130,"column":null}}},"6":{"name":"clientId","decl":{"start":{"line":140,"column":0},"end":{"line":140,"column":null}},"loc":{"start":{"line":140,"column":0},"end":{"line":146,"column":null}}},"7":{"name":"singularize","decl":{"start":{"line":153,"column":0},"end":{"line":153,"column":null}},"loc":{"start":{"line":153,"column":0},"end":{"line":158,"column":null}}},"8":{"name":"eventCount","decl":{"start":{"line":159,"column":0},"end":{"line":159,"column":null}},"loc":{"start":{"line":159,"column":0},"end":{"line":166,"column":null}}},"9":{"name":"noteCount","decl":{"start":{"line":167,"column":0},"end":{"line":167,"column":null}},"loc":{"start":{"line":167,"column":0},"end":{"line":174,"column":null}}},"10":{"name":"menuCount","decl":{"start":{"line":175,"column":0},"end":{"line":175,"column":null}},"loc":{"start":{"line":175,"column":0},"end":{"line":182,"column":null}}},"11":{"name":"clientName","decl":{"start":{"line":183,"column":0},"end":{"line":183,"column":null}},"loc":{"start":{"line":183,"column":0},"end":{"line":187,"column":null}}},"12":{"name":"nutritionistName","decl":{"start":{"line":188,"column":0},"end":{"line":188,"column":null}},"loc":{"start":{"line":188,"column":0},"end":{"line":192,"column":null}}},"13":{"name":"getPath","decl":{"start":{"line":194,"column":0},"end":{"line":194,"column":null}},"loc":{"start":{"line":194,"column":0},"end":{"line":203,"column":null}}},"14":{"name":"getDate","decl":{"start":{"line":204,"column":0},"end":{"line":204,"column":null}},"loc":{"start":{"line":204,"column":0},"end":{"line":206,"column":null}}}},"branchMap":{"0":{"loc":{"start":{"line":129,"column":0},"end":{"line":129,"column":null}},"type":"binary-expr","locations":[{"start":{"line":129,"column":0},"end":{"line":129,"column":null}},{"start":{"line":129,"column":0},"end":{"line":129,"column":null}}]},"1":{"loc":{"start":{"line":131,"column":0},"end":{"line":136,"column":null}},"type":"if","locations":[{"start":{"line":131,"column":0},"end":{"line":136,"column":null}},{"start":{"line":131,"column":0},"end":{"line":136,"column":null}}]},"2":{"loc":{"start":{"line":154,"column":0},"end":{"line":156,"column":null}},"type":"if","locations":[{"start":{"line":154,"column":0},"end":{"line":156,"column":null}},{"start":{"line":154,"column":0},"end":{"line":156,"column":null}}]},"3":{"loc":{"start":{"line":154,"column":0},"end":{"line":154,"column":null}},"type":"binary-expr","locations":[{"start":{"line":154,"column":0},"end":{"line":154,"column":null}},{"start":{"line":154,"column":0},"end":{"line":154,"column":null}}]},"4":{"loc":{"start":{"line":195,"column":0},"end":{"line":197,"column":null}},"type":"if","locations":[{"start":{"line":195,"column":0},"end":{"line":197,"column":null}},{"start":{"line":195,"column":0},"end":{"line":197,"column":null}}]},"5":{"loc":{"start":{"line":195,"column":0},"end":{"line":195,"column":null}},"type":"binary-expr","locations":[{"start":{"line":195,"column":0},"end":{"line":195,"column":null}},{"start":{"line":195,"column":0},"end":{"line":195,"column":null}}]},"6":{"loc":{"start":{"line":198,"column":0},"end":{"line":200,"column":null}},"type":"if","locations":[{"start":{"line":198,"column":0},"end":{"line":200,"column":null}},{"start":{"line":198,"column":0},"end":{"line":200,"column":null}}]}},"s":{"0":0,"1":0,"2":0,"3":0,"4":0,"5":0,"6":0,"7":0,"8":0,"9":0,"10":0,"11":0,"12":0,"13":0,"14":0,"15":0,"16":0,"17":0,"18":0,"19":0,"20":0,"21":0,"22":0,"23":0,"24":0,"25":0,"26":0,"27":0,"28":0,"29":0,"30":0,"31":0,"32":0,"33":0,"34":0,"35":0,"36":0,"37":0,"38":0,"39":0,"40":0,"41":0},"f":{"0":0,"1":0,"2":0,"3":0,"4":0,"5":0,"6":0,"7":0,"8":0,"9":0,"10":0,"11":0,"12":0,"13":0,"14":0},"b":{"0":[0,0],"1":[0,0],"2":[0,0],"3":[0,0],"4":[0,0],"5":[0,0],"6":[0,0]}}
,"/home/eladyaniv01/projects/frontend-master/src/components/Form/ProfileForm.vue": {"path":"/home/eladyaniv01/projects/frontend-master/src/components/Form/ProfileForm.vue","statementMap":{"0":{"start":{"line":13,"column":0},"end":{"line":13,"column":null}},"1":{"start":{"line":20,"column":0},"end":{"line":20,"column":null}}},"fnMap":{"0":{"name":"data","decl":{"start":{"line":19,"column":0},"end":{"line":19,"column":null}},"loc":{"start":{"line":19,"column":0},"end":{"line":35,"column":null}}}},"branchMap":{},"s":{"0":0,"1":0},"f":{"0":0},"b":{}}
,"/home/eladyaniv01/projects/frontend-master/src/components/Form/ProfileFormCard.vue": {"path":"/home/eladyaniv01/projects/frontend-master/src/components/Form/ProfileFormCard.vue","statementMap":{"0":{"start":{"line":22,"column":0},"end":{"line":22,"column":null}},"1":{"start":{"line":23,"column":0},"end":{"line":23,"column":null}},"2":{"start":{"line":24,"column":0},"end":{"line":24,"column":null}},"3":{"start":{"line":30,"column":0},"end":{"line":30,"column":null}},"4":{"start":{"line":31,"column":0},"end":{"line":31,"column":null}},"5":{"start":{"line":43,"column":0},"end":{"line":43,"column":null}},"6":{"start":{"line":47,"column":0},"end":{"line":47,"column":null}},"7":{"start":{"line":48,"column":0},"end":{"line":48,"column":null}},"8":{"start":{"line":49,"column":0},"end":{"line":49,"column":null}},"9":{"start":{"line":52,"column":0},"end":{"line":54,"column":null}},"10":{"start":{"line":53,"column":0},"end":{"line":53,"column":null}},"11":{"start":{"line":55,"column":0},"end":{"line":57,"column":null}},"12":{"start":{"line":56,"column":0},"end":{"line":56,"column":null}},"13":{"start":{"line":58,"column":0},"end":{"line":58,"column":null}},"14":{"start":{"line":68,"column":0},"end":{"line":68,"column":null}},"15":{"start":{"line":73,"column":0},"end":{"line":73,"column":null}},"16":{"start":{"line":78,"column":0},"end":{"line":78,"column":null}},"17":{"start":{"line":81,"column":0},"end":{"line":81,"column":null}},"18":{"start":{"line":83,"column":0},"end":{"line":83,"column":null}},"19":{"start":{"line":85,"column":0},"end":{"line":85,"column":null}},"20":{"start":{"line":87,"column":0},"end":{"line":87,"column":null}},"21":{"start":{"line":89,"column":0},"end":{"line":89,"column":null}},"22":{"start":{"line":90,"column":0},"end":{"line":90,"column":null}},"23":{"start":{"line":91,"column":0},"end":{"line":91,"column":null}},"24":{"start":{"line":92,"column":0},"end":{"line":92,"column":null}},"25":{"start":{"line":93,"column":0},"end":{"line":93,"column":null}},"26":{"start":{"line":94,"column":0},"end":{"line":94,"column":null}},"27":{"start":{"line":95,"column":0},"end":{"line":95,"column":null}},"28":{"start":{"line":96,"column":0},"end":{"line":96,"column":null}},"29":{"start":{"line":97,"column":0},"end":{"line":97,"column":null}},"30":{"start":{"line":98,"column":0},"end":{"line":98,"column":null}},"31":{"start":{"line":99,"column":0},"end":{"line":99,"column":null}},"32":{"start":{"line":100,"column":0},"end":{"line":100,"column":null}},"33":{"start":{"line":103,"column":0},"end":{"line":103,"column":null}},"34":{"start":{"line":107,"column":0},"end":{"line":107,"column":null}},"35":{"start":{"line":108,"column":0},"end":{"line":108,"column":null}},"36":{"start":{"line":110,"column":0},"end":{"line":110,"column":null}},"37":{"start":{"line":111,"column":0},"end":{"line":111,"column":null}},"38":{"start":{"line":112,"column":0},"end":{"line":112,"column":null}}},"fnMap":{"0":{"name":"data","decl":{"start":{"line":42,"column":0},"end":{"line":42,"column":null}},"loc":{"start":{"line":42,"column":0},"end":{"line":44,"column":null}}},"1":{"name":"user","decl":{"start":{"line":47,"column":0},"end":{"line":47,"column":null}},"loc":{"start":{"line":47,"column":0},"end":{"line":47,"column":null}}},"2":{"name":"username","decl":{"start":{"line":48,"column":0},"end":{"line":48,"column":null}},"loc":{"start":{"line":48,"column":0},"end":{"line":48,"column":null}}},"3":{"name":"nutritionist","decl":{"start":{"line":49,"column":0},"end":{"line":49,"column":null}},"loc":{"start":{"line":49,"column":0},"end":{"line":49,"column":null}}},"4":{"name":"sex","decl":{"start":{"line":51,"column":0},"end":{"line":51,"column":null}},"loc":{"start":{"line":51,"column":0},"end":{"line":59,"column":null}}},"5":{"name":"user","decl":{"start":{"line":67,"column":0},"end":{"line":67,"column":null}},"loc":{"start":{"line":67,"column":0},"end":{"line":71,"column":null}}},"6":{"name":"username","decl":{"start":{"line":72,"column":0},"end":{"line":72,"column":null}},"loc":{"start":{"line":72,"column":0},"end":{"line":76,"column":null}}},"7":{"name":"id","decl":{"start":{"line":77,"column":0},"end":{"line":77,"column":null}},"loc":{"start":{"line":77,"column":0},"end":{"line":79,"column":null}}},"8":{"name":"(anonymous_9)","decl":{"start":{"line":82,"column":0},"end":{"line":82,"column":null}},"loc":{"start":{"line":82,"column":0},"end":{"line":81,"column":null}}},"9":{"name":"_callee","decl":{"start":{"line":81,"column":0},"end":{"line":81,"column":null}},"loc":{"start":{"line":81,"column":0},"end":{"line":81,"column":null}}}},"branchMap":{"0":{"loc":{"start":{"line":52,"column":0},"end":{"line":54,"column":null}},"type":"if","locations":[{"start":{"line":52,"column":0},"end":{"line":54,"column":null}},{"start":{"line":52,"column":0},"end":{"line":54,"column":null}}]},"1":{"loc":{"start":{"line":55,"column":0},"end":{"line":57,"column":null}},"type":"if","locations":[{"start":{"line":55,"column":0},"end":{"line":57,"column":null}},{"start":{"line":55,"column":0},"end":{"line":57,"column":null}}]},"2":{"loc":{"start":{"line":81,"column":0},"end":{"line":81,"column":null}},"type":"switch","locations":[{"start":{"line":81,"column":0},"end":{"line":81,"column":null}},{"start":{"line":81,"column":0},"end":{"line":81,"column":null}},{"start":{"line":81,"column":0},"end":{"line":81,"column":null}},{"start":{"line":81,"column":0},"end":{"line":81,"column":null}},{"start":{"line":81,"column":0},"end":{"line":81,"column":null}},{"start":{"line":81,"column":0},"end":{"line":81,"column":null}}]},"3":{"loc":{"start":{"line":85,"column":0},"end":{"line":85,"column":null}},"type":"binary-expr","locations":[{"start":{"line":85,"column":0},"end":{"line":85,"column":null}},{"start":{"line":85,"column":0},"end":{"line":85,"column":null}}]}},"s":{"0":0,"1":0,"2":0,"3":0,"4":0,"5":0,"6":0,"7":0,"8":0,"9":0,"10":0,"11":0,"12":0,"13":0,"14":0,"15":0,"16":0,"17":0,"18":0,"19":0,"20":0,"21":0,"22":0,"23":0,"24":0,"25":0,"26":0,"27":0,"28":0,"29":0,"30":0,"31":0,"32":0,"33":0,"34":0,"35":0,"36":0,"37":0,"38":0},"f":{"0":0,"1":0,"2":0,"3":0,"4":0,"5":0,"6":0,"7":0,"8":0,"9":0},"b":{"0":[0,0],"1":[0,0],"2":[0,0,0,0,0,0],"3":[0,0]}}
,"/home/eladyaniv01/projects/frontend-master/src/components/directives/resize.js": {"path":"/home/eladyaniv01/projects/frontend-master/src/components/directives/resize.js","statementMap":{"0":{"start":{"line":5,"column":21},"end":{"line":5,"column":34}},"1":{"start":{"line":6,"column":20},"end":{"line":6,"column":56}},"2":{"start":{"line":8,"column":4},"end":{"line":8,"column":56}},"3":{"start":{"line":9,"column":4},"end":{"line":12,"column":5}},"4":{"start":{"line":14,"column":4},"end":{"line":16,"column":5}},"5":{"start":{"line":15,"column":6},"end":{"line":15,"column":16}},"6":{"start":{"line":20,"column":4},"end":{"line":20,"column":29}},"7":{"start":{"line":20,"column":23},"end":{"line":20,"column":29}},"8":{"start":{"line":22,"column":34},"end":{"line":22,"column":46}},"9":{"start":{"line":23,"column":4},"end":{"line":23,"column":59}},"10":{"start":{"line":24,"column":4},"end":{"line":24,"column":23}}},"fnMap":{"0":{"name":"(anonymous_0)","decl":{"start":{"line":4,"column":2},"end":{"line":4,"column":3}},"loc":{"start":{"line":4,"column":25},"end":{"line":17,"column":3}},"line":4},"1":{"name":"(anonymous_1)","decl":{"start":{"line":19,"column":2},"end":{"line":19,"column":3}},"loc":{"start":{"line":19,"column":14},"end":{"line":25,"column":3}},"line":19}},"branchMap":{"0":{"loc":{"start":{"line":6,"column":20},"end":{"line":6,"column":56}},"type":"binary-expr","locations":[{"start":{"line":6,"column":20},"end":{"line":6,"column":35}},{"start":{"line":6,"column":39},"end":{"line":6,"column":56}}],"line":6},"1":{"loc":{"start":{"line":14,"column":4},"end":{"line":16,"column":5}},"type":"if","locations":[{"start":{"line":14,"column":4},"end":{"line":16,"column":5}},{"start":{"line":14,"column":4},"end":{"line":16,"column":5}}],"line":14},"2":{"loc":{"start":{"line":14,"column":8},"end":{"line":14,"column":54}},"type":"binary-expr","locations":[{"start":{"line":14,"column":8},"end":{"line":14,"column":26}},{"start":{"line":14,"column":30},"end":{"line":14,"column":54}}],"line":14},"3":{"loc":{"start":{"line":20,"column":4},"end":{"line":20,"column":29}},"type":"if","locations":[{"start":{"line":20,"column":4},"end":{"line":20,"column":29}},{"start":{"line":20,"column":4},"end":{"line":20,"column":29}}],"line":20}},"s":{"0":0,"1":0,"2":0,"3":0,"4":0,"5":0,"6":0,"7":0,"8":0,"9":0,"10":0},"f":{"0":0,"1":0},"b":{"0":[0,0],"1":[0,0],"2":[0,0],"3":[0,0]},"hash":"43bab20ff5933cecc46c920c2acda277ec57cabe"}
,"/home/eladyaniv01/projects/frontend-master/src/components/utils/helpers.js": {"path":"/home/eladyaniv01/projects/frontend-master/src/components/utils/helpers.js","statementMap":{"0":{"start":{"line":2,"column":2},"end":{"line":8,"column":3}},"1":{"start":{"line":3,"column":4},"end":{"line":3,"column":17}},"2":{"start":{"line":4,"column":9},"end":{"line":8,"column":3}},"3":{"start":{"line":5,"column":4},"end":{"line":5,"column":22}},"4":{"start":{"line":7,"column":4},"end":{"line":7,"column":34}}},"fnMap":{"0":{"name":"convertToUnit","decl":{"start":{"line":1,"column":16},"end":{"line":1,"column":29}},"loc":{"start":{"line":1,"column":49},"end":{"line":9,"column":1}},"line":1}},"branchMap":{"0":{"loc":{"start":{"line":1,"column":36},"end":{"line":1,"column":47}},"type":"default-arg","locations":[{"start":{"line":1,"column":43},"end":{"line":1,"column":47}}],"line":1},"1":{"loc":{"start":{"line":2,"column":2},"end":{"line":8,"column":3}},"type":"if","locations":[{"start":{"line":2,"column":2},"end":{"line":8,"column":3}},{"start":{"line":2,"column":2},"end":{"line":8,"column":3}}],"line":2},"2":{"loc":{"start":{"line":2,"column":6},"end":{"line":2,"column":31}},"type":"binary-expr","locations":[{"start":{"line":2,"column":6},"end":{"line":2,"column":17}},{"start":{"line":2,"column":21},"end":{"line":2,"column":31}}],"line":2},"3":{"loc":{"start":{"line":4,"column":9},"end":{"line":8,"column":3}},"type":"if","locations":[{"start":{"line":4,"column":9},"end":{"line":8,"column":3}},{"start":{"line":4,"column":9},"end":{"line":8,"column":3}}],"line":4}},"s":{"0":0,"1":0,"2":0,"3":0,"4":0},"f":{"0":0},"b":{"0":[0],"1":[0,0],"2":[0,0],"3":[0,0]},"hash":"c4daaae11f385edda5f9e566e7ec6ff3f875a1bd"}
,"/home/eladyaniv01/projects/frontend-master/src/components/utils/props.js": {"path":"/home/eladyaniv01/projects/frontend-master/src/components/utils/props.js","statementMap":{"0":{"start":{"line":8,"column":21},"end":{"line":8,"column":42}},"1":{"start":{"line":94,"column":22},"end":{"line":94,"column":98}}},"fnMap":{"0":{"name":"(anonymous_0)","decl":{"start":{"line":8,"column":15},"end":{"line":8,"column":16}},"loc":{"start":{"line":8,"column":21},"end":{"line":8,"column":42}},"line":8},"1":{"name":"(anonymous_1)","decl":{"start":{"line":94,"column":17},"end":{"line":94,"column":18}},"loc":{"start":{"line":94,"column":22},"end":{"line":94,"column":98}},"line":94}},"branchMap":{},"s":{"0":0,"1":0},"f":{"0":0,"1":0},"b":{},"hash":"07502a03416af855a97a2d0e9a68c1ea9fc98184"}
,"/home/eladyaniv01/projects/frontend-master/src/components/utils/timestamp.js": {"path":"/home/eladyaniv01/projects/frontend-master/src/components/utils/timestamp.js","statementMap":{"0":{"start":{"line":3,"column":27},"end":{"line":3,"column":105}},"1":{"start":{"line":4,"column":26},"end":{"line":4,"column":57}},"2":{"start":{"line":6,"column":29},"end":{"line":6,"column":80}},"3":{"start":{"line":7,"column":34},"end":{"line":7,"column":85}},"4":{"start":{"line":8,"column":33},"end":{"line":8,"column":35}},"5":{"start":{"line":9,"column":33},"end":{"line":9,"column":35}},"6":{"start":{"line":10,"column":25},"end":{"line":10,"column":27}},"7":{"start":{"line":11,"column":25},"end":{"line":11,"column":26}},"8":{"start":{"line":12,"column":23},"end":{"line":12,"column":24}},"9":{"start":{"line":13,"column":28},"end":{"line":13,"column":29}},"10":{"start":{"line":14,"column":31},"end":{"line":14,"column":33}},"11":{"start":{"line":15,"column":28},"end":{"line":15,"column":30}},"12":{"start":{"line":16,"column":26},"end":{"line":16,"column":27}},"13":{"start":{"line":17,"column":35},"end":{"line":17,"column":43}},"14":{"start":{"line":18,"column":36},"end":{"line":18,"column":43}},"15":{"start":{"line":19,"column":38},"end":{"line":19,"column":43}},"16":{"start":{"line":21,"column":25},"end":{"line":37,"column":1}},"17":{"start":{"line":39,"column":26},"end":{"line":42,"column":1}},"18":{"start":{"line":45,"column":16},"end":{"line":45,"column":40}},"19":{"start":{"line":46,"column":2},"end":{"line":46,"column":42}},"20":{"start":{"line":47,"column":2},"end":{"line":47,"column":24}},"21":{"start":{"line":48,"column":2},"end":{"line":50,"column":3}},"22":{"start":{"line":49,"column":4},"end":{"line":49,"column":47}},"23":{"start":{"line":51,"column":2},"end":{"line":51,"column":14}},"24":{"start":{"line":55,"column":14},"end":{"line":55,"column":38}},"25":{"start":{"line":56,"column":2},"end":{"line":56,"column":49}},"26":{"start":{"line":57,"column":2},"end":{"line":57,"column":22}},"27":{"start":{"line":58,"column":2},"end":{"line":60,"column":3}},"28":{"start":{"line":59,"column":4},"end":{"line":59,"column":43}},"29":{"start":{"line":61,"column":2},"end":{"line":61,"column":12}},"30":{"start":{"line":65,"column":16},"end":{"line":65,"column":40}},"31":{"start":{"line":66,"column":2},"end":{"line":66,"column":21}},"32":{"start":{"line":67,"column":2},"end":{"line":67,"column":24}},"33":{"start":{"line":68,"column":2},"end":{"line":68,"column":14}},"34":{"start":{"line":72,"column":14},"end":{"line":72,"column":38}},"35":{"start":{"line":73,"column":2},"end":{"line":73,"column":44}},"36":{"start":{"line":74,"column":2},"end":{"line":74,"column":22}},"37":{"start":{"line":75,"column":2},"end":{"line":75,"column":12}},"38":{"start":{"line":79,"column":2},"end":{"line":98,"column":3}},"39":{"start":{"line":81,"column":4},"end":{"line":81,"column":16}},"40":{"start":{"line":82,"column":9},"end":{"line":98,"column":3}},"41":{"start":{"line":84,"column":18},"end":{"line":84,"column":40}},"42":{"start":{"line":85,"column":4},"end":{"line":87,"column":5}},"43":{"start":{"line":86,"column":6},"end":{"line":86,"column":18}},"44":{"start":{"line":88,"column":4},"end":{"line":88,"column":60}},"45":{"start":{"line":89,"column":9},"end":{"line":98,"column":3}},"46":{"start":{"line":91,"column":4},"end":{"line":93,"column":5}},"47":{"start":{"line":92,"column":6},"end":{"line":92,"column":18}},"48":{"start":{"line":94,"column":4},"end":{"line":94,"column":41}},"49":{"start":{"line":97,"column":4},"end":{"line":97,"column":16}},"50":{"start":{"line":102,"column":2},"end":{"line":102,"column":34}},"51":{"start":{"line":107,"column":16},"end":{"line":107,"column":39}},"52":{"start":{"line":109,"column":2},"end":{"line":109,"column":25}},"53":{"start":{"line":109,"column":14},"end":{"line":109,"column":25}},"54":{"start":{"line":111,"column":2},"end":{"line":127,"column":3}},"55":{"start":{"line":131,"column":20},"end":{"line":131,"column":33}},"56":{"start":{"line":132,"column":2},"end":{"line":132,"column":37}},"57":{"start":{"line":132,"column":26},"end":{"line":132,"column":37}},"58":{"start":{"line":134,"column":2},"end":{"line":134,"column":28}},"59":{"start":{"line":136,"column":2},"end":{"line":138,"column":3}},"60":{"start":{"line":137,"column":4},"end":{"line":137,"column":53}},"61":{"start":{"line":140,"column":2},"end":{"line":140,"column":18}},"62":{"start":{"line":144,"column":2},"end":{"line":160,"column":4}},"63":{"start":{"line":164,"column":2},"end":{"line":164,"column":71}},"64":{"start":{"line":168,"column":2},"end":{"line":168,"column":48}},"65":{"start":{"line":172,"column":10},"end":{"line":172,"column":31}},"66":{"start":{"line":173,"column":10},"end":{"line":173,"column":37}},"67":{"start":{"line":174,"column":16},"end":{"line":174,"column":23}},"68":{"start":{"line":176,"column":2},"end":{"line":180,"column":3}},"69":{"start":{"line":177,"column":4},"end":{"line":177,"column":30}},"70":{"start":{"line":178,"column":4},"end":{"line":178,"column":36}},"71":{"start":{"line":179,"column":4},"end":{"line":179,"column":21}},"72":{"start":{"line":182,"column":2},"end":{"line":182,"column":24}},"73":{"start":{"line":183,"column":2},"end":{"line":183,"column":29}},"74":{"start":{"line":184,"column":2},"end":{"line":184,"column":26}},"75":{"start":{"line":186,"column":2},"end":{"line":186,"column":18}},"76":{"start":{"line":190,"column":2},"end":{"line":190,"column":26}},"77":{"start":{"line":191,"column":2},"end":{"line":191,"column":56}},"78":{"start":{"line":192,"column":2},"end":{"line":192,"column":46}},"79":{"start":{"line":193,"column":2},"end":{"line":193,"column":37}},"80":{"start":{"line":194,"column":2},"end":{"line":196,"column":3}},"81":{"start":{"line":195,"column":4},"end":{"line":195,"column":40}},"82":{"start":{"line":198,"column":2},"end":{"line":198,"column":18}},"83":{"start":{"line":202,"column":2},"end":{"line":202,"column":43}},"84":{"start":{"line":204,"column":2},"end":{"line":204,"column":18}},"85":{"start":{"line":208,"column":2},"end":{"line":208,"column":41}},"86":{"start":{"line":210,"column":2},"end":{"line":210,"column":18}},"87":{"start":{"line":214,"column":2},"end":{"line":214,"column":45}},"88":{"start":{"line":216,"column":2},"end":{"line":216,"column":18}},"89":{"start":{"line":220,"column":2},"end":{"line":220,"column":37}},"90":{"start":{"line":221,"column":2},"end":{"line":221,"column":37}},"91":{"start":{"line":222,"column":2},"end":{"line":222,"column":43}},"92":{"start":{"line":223,"column":2},"end":{"line":223,"column":41}},"93":{"start":{"line":224,"column":2},"end":{"line":224,"column":45}},"94":{"start":{"line":226,"column":2},"end":{"line":226,"column":18}},"95":{"start":{"line":230,"column":2},"end":{"line":230,"column":34}},"96":{"start":{"line":230,"column":28},"end":{"line":230,"column":34}},"97":{"start":{"line":231,"column":11},"end":{"line":231,"column":46}},"98":{"start":{"line":232,"column":2},"end":{"line":232,"column":30}},"99":{"start":{"line":236,"column":2},"end":{"line":236,"column":34}},"100":{"start":{"line":236,"column":28},"end":{"line":236,"column":34}},"101":{"start":{"line":237,"column":13},"end":{"line":237,"column":48}},"102":{"start":{"line":238,"column":2},"end":{"line":238,"column":31}},"103":{"start":{"line":242,"column":2},"end":{"line":245,"column":3}},"104":{"start":{"line":243,"column":15},"end":{"line":243,"column":50}},"105":{"start":{"line":244,"column":4},"end":{"line":244,"column":32}},"106":{"start":{"line":247,"column":2},"end":{"line":247,"column":26}},"107":{"start":{"line":251,"column":2},"end":{"line":251,"column":71}},"108":{"start":{"line":255,"column":2},"end":{"line":255,"column":76}},"109":{"start":{"line":259,"column":2},"end":{"line":259,"column":25}},"110":{"start":{"line":263,"column":15},"end":{"line":263,"column":24}},"111":{"start":{"line":264,"column":2},"end":{"line":266,"column":3}},"112":{"start":{"line":265,"column":4},"end":{"line":265,"column":25}},"113":{"start":{"line":268,"column":2},"end":{"line":268,"column":15}},"114":{"start":{"line":272,"column":12},"end":{"line":272,"column":78}},"115":{"start":{"line":274,"column":2},"end":{"line":274,"column":64}},"116":{"start":{"line":274,"column":24},"end":{"line":274,"column":64}},"117":{"start":{"line":276,"column":2},"end":{"line":276,"column":12}},"118":{"start":{"line":280,"column":2},"end":{"line":282,"column":3}},"119":{"start":{"line":281,"column":4},"end":{"line":281,"column":13}},"120":{"start":{"line":284,"column":2},"end":{"line":284,"column":76}},"121":{"start":{"line":288,"column":2},"end":{"line":288,"column":29}},"122":{"start":{"line":289,"column":2},"end":{"line":296,"column":3}},"123":{"start":{"line":290,"column":4},"end":{"line":290,"column":39}},"124":{"start":{"line":291,"column":4},"end":{"line":291,"column":20}},"125":{"start":{"line":292,"column":4},"end":{"line":295,"column":5}},"126":{"start":{"line":293,"column":6},"end":{"line":293,"column":24}},"127":{"start":{"line":294,"column":6},"end":{"line":294,"column":33}},"128":{"start":{"line":298,"column":2},"end":{"line":298,"column":18}},"129":{"start":{"line":302,"column":2},"end":{"line":302,"column":17}},"130":{"start":{"line":303,"column":2},"end":{"line":303,"column":60}},"131":{"start":{"line":304,"column":2},"end":{"line":311,"column":3}},"132":{"start":{"line":305,"column":4},"end":{"line":305,"column":27}},"133":{"start":{"line":306,"column":4},"end":{"line":306,"column":21}},"134":{"start":{"line":307,"column":4},"end":{"line":310,"column":5}},"135":{"start":{"line":308,"column":6},"end":{"line":308,"column":33}},"136":{"start":{"line":309,"column":6},"end":{"line":309,"column":22}},"137":{"start":{"line":313,"column":2},"end":{"line":313,"column":18}},"138":{"start":{"line":317,"column":2},"end":{"line":317,"column":17}},"139":{"start":{"line":318,"column":2},"end":{"line":318,"column":60}},"140":{"start":{"line":319,"column":2},"end":{"line":326,"column":3}},"141":{"start":{"line":320,"column":4},"end":{"line":320,"column":21}},"142":{"start":{"line":321,"column":4},"end":{"line":324,"column":5}},"143":{"start":{"line":322,"column":6},"end":{"line":322,"column":22}},"144":{"start":{"line":323,"column":6},"end":{"line":323,"column":33}},"145":{"start":{"line":325,"column":4},"end":{"line":325,"column":64}},"146":{"start":{"line":328,"column":2},"end":{"line":328,"column":18}},"147":{"start":{"line":332,"column":2},"end":{"line":335,"column":3}},"148":{"start":{"line":333,"column":4},"end":{"line":333,"column":20}},"149":{"start":{"line":334,"column":4},"end":{"line":334,"column":90}},"150":{"start":{"line":334,"column":84},"end":{"line":334,"column":90}},"151":{"start":{"line":337,"column":2},"end":{"line":337,"column":18}},"152":{"start":{"line":341,"column":2},"end":{"line":341,"column":74}},"153":{"start":{"line":341,"column":58},"end":{"line":341,"column":74}},"154":{"start":{"line":343,"column":2},"end":{"line":343,"column":18}},"155":{"start":{"line":347,"column":16},"end":{"line":347,"column":37}},"156":{"start":{"line":348,"column":17},"end":{"line":348,"column":38}},"157":{"start":{"line":349,"column":2},"end":{"line":351,"column":3}},"158":{"start":{"line":349,"column":15},"end":{"line":349,"column":16}},"159":{"start":{"line":350,"column":4},"end":{"line":350,"column":27}},"160":{"start":{"line":352,"column":2},"end":{"line":362,"column":3}},"161":{"start":{"line":352,"column":15},"end":{"line":352,"column":16}},"162":{"start":{"line":353,"column":15},"end":{"line":353,"column":16}},"163":{"start":{"line":354,"column":4},"end":{"line":360,"column":5}},"164":{"start":{"line":354,"column":17},"end":{"line":354,"column":18}},"165":{"start":{"line":355,"column":19},"end":{"line":355,"column":41}},"166":{"start":{"line":356,"column":6},"end":{"line":358,"column":7}},"167":{"start":{"line":357,"column":8},"end":{"line":357,"column":13}},"168":{"start":{"line":359,"column":6},"end":{"line":359,"column":12}},"169":{"start":{"line":361,"column":4},"end":{"line":361,"column":31}},"170":{"start":{"line":364,"column":2},"end":{"line":364,"column":14}},"171":{"start":{"line":368,"column":15},"end":{"line":368,"column":36}},"172":{"start":{"line":369,"column":15},"end":{"line":369,"column":17}},"173":{"start":{"line":370,"column":16},"end":{"line":370,"column":36}},"174":{"start":{"line":371,"column":26},"end":{"line":371,"column":27}},"175":{"start":{"line":372,"column":16},"end":{"line":372,"column":42}},"176":{"start":{"line":374,"column":2},"end":{"line":376,"column":3}},"177":{"start":{"line":375,"column":4},"end":{"line":375,"column":15}},"178":{"start":{"line":378,"column":2},"end":{"line":390,"column":3}},"179":{"start":{"line":379,"column":4},"end":{"line":379,"column":49}},"180":{"start":{"line":380,"column":4},"end":{"line":380,"column":51}},"181":{"start":{"line":381,"column":4},"end":{"line":384,"column":5}},"182":{"start":{"line":382,"column":6},"end":{"line":382,"column":32}},"183":{"start":{"line":383,"column":6},"end":{"line":383,"column":14}},"184":{"start":{"line":385,"column":16},"end":{"line":385,"column":38}},"185":{"start":{"line":386,"column":4},"end":{"line":386,"column":24}},"186":{"start":{"line":387,"column":4},"end":{"line":387,"column":28}},"187":{"start":{"line":388,"column":4},"end":{"line":388,"column":18}},"188":{"start":{"line":389,"column":4},"end":{"line":389,"column":75}},"189":{"start":{"line":392,"column":2},"end":{"line":392,"column":13}},"190":{"start":{"line":396,"column":20},"end":{"line":396,"column":22}},"191":{"start":{"line":398,"column":2},"end":{"line":402,"column":3}},"192":{"start":{"line":398,"column":15},"end":{"line":398,"column":16}},"193":{"start":{"line":399,"column":17},"end":{"line":399,"column":38}},"194":{"start":{"line":400,"column":16},"end":{"line":400,"column":40}},"195":{"start":{"line":401,"column":4},"end":{"line":401,"column":49}},"196":{"start":{"line":404,"column":2},"end":{"line":404,"column":18}},"197":{"start":{"line":408,"column":25},"end":{"line":408,"column":39}},"198":{"start":{"line":408,"column":37},"end":{"line":408,"column":39}},"199":{"start":{"line":410,"column":2},"end":{"line":412,"column":3}},"200":{"start":{"line":411,"column":4},"end":{"line":411,"column":25}},"201":{"start":{"line":414,"column":2},"end":{"line":423,"column":3}},"202":{"start":{"line":415,"column":4},"end":{"line":422,"column":5}},"203":{"start":{"line":416,"column":28},"end":{"line":416,"column":99}},"204":{"start":{"line":417,"column":19},"end":{"line":417,"column":86}},"205":{"start":{"line":418,"column":19},"end":{"line":418,"column":33}},"206":{"start":{"line":419,"column":6},"end":{"line":419,"column":71}},"207":{"start":{"line":421,"column":6},"end":{"line":421,"column":15}},"208":{"start":{"line":427,"column":2},"end":{"line":427,"column":34}}},"fnMap":{"0":{"name":"getStartOfWeek","decl":{"start":{"line":44,"column":16},"end":{"line":44,"column":30}},"loc":{"start":{"line":44,"column":60},"end":{"line":52,"column":1}},"line":44},"1":{"name":"getEndOfWeek","decl":{"start":{"line":54,"column":16},"end":{"line":54,"column":28}},"loc":{"start":{"line":54,"column":58},"end":{"line":62,"column":1}},"line":54},"2":{"name":"getStartOfMonth","decl":{"start":{"line":64,"column":16},"end":{"line":64,"column":31}},"loc":{"start":{"line":64,"column":44},"end":{"line":69,"column":1}},"line":64},"3":{"name":"getEndOfMonth","decl":{"start":{"line":71,"column":16},"end":{"line":71,"column":29}},"loc":{"start":{"line":71,"column":42},"end":{"line":76,"column":1}},"line":71},"4":{"name":"parseTime","decl":{"start":{"line":78,"column":16},"end":{"line":78,"column":25}},"loc":{"start":{"line":78,"column":34},"end":{"line":99,"column":1}},"line":78},"5":{"name":"validateTimestamp","decl":{"start":{"line":101,"column":16},"end":{"line":101,"column":33}},"loc":{"start":{"line":101,"column":42},"end":{"line":103,"column":1}},"line":101},"6":{"name":"parsed","decl":{"start":{"line":105,"column":16},"end":{"line":105,"column":22}},"loc":{"start":{"line":105,"column":31},"end":{"line":128,"column":1}},"line":105},"7":{"name":"parseTimestamp","decl":{"start":{"line":130,"column":16},"end":{"line":130,"column":30}},"loc":{"start":{"line":130,"column":44},"end":{"line":141,"column":1}},"line":130},"8":{"name":"parseDate","decl":{"start":{"line":143,"column":16},"end":{"line":143,"column":25}},"loc":{"start":{"line":143,"column":33},"end":{"line":161,"column":1}},"line":143},"9":{"name":"getDayIdentifier","decl":{"start":{"line":163,"column":16},"end":{"line":163,"column":32}},"loc":{"start":{"line":163,"column":45},"end":{"line":165,"column":1}},"line":163},"10":{"name":"getTimeIdentifier","decl":{"start":{"line":167,"column":16},"end":{"line":167,"column":33}},"loc":{"start":{"line":167,"column":46},"end":{"line":169,"column":1}},"line":167},"11":{"name":"updateRelative","decl":{"start":{"line":171,"column":16},"end":{"line":171,"column":30}},"loc":{"start":{"line":171,"column":62},"end":{"line":187,"column":1}},"line":171},"12":{"name":"updateMinutes","decl":{"start":{"line":189,"column":16},"end":{"line":189,"column":29}},"loc":{"start":{"line":189,"column":56},"end":{"line":199,"column":1}},"line":189},"13":{"name":"updateWeekday","decl":{"start":{"line":201,"column":16},"end":{"line":201,"column":29}},"loc":{"start":{"line":201,"column":42},"end":{"line":205,"column":1}},"line":201},"14":{"name":"updateDayOfYear","decl":{"start":{"line":207,"column":16},"end":{"line":207,"column":31}},"loc":{"start":{"line":207,"column":44},"end":{"line":211,"column":1}},"line":207},"15":{"name":"updateWorkWeek","decl":{"start":{"line":213,"column":16},"end":{"line":213,"column":30}},"loc":{"start":{"line":213,"column":43},"end":{"line":217,"column":1}},"line":213},"16":{"name":"updateFormatted","decl":{"start":{"line":219,"column":16},"end":{"line":219,"column":31}},"loc":{"start":{"line":219,"column":44},"end":{"line":227,"column":1}},"line":219},"17":{"name":"getDayOfYear","decl":{"start":{"line":229,"column":16},"end":{"line":229,"column":28}},"loc":{"start":{"line":229,"column":41},"end":{"line":233,"column":1}},"line":229},"18":{"name":"getWorkWeek","decl":{"start":{"line":235,"column":16},"end":{"line":235,"column":27}},"loc":{"start":{"line":235,"column":40},"end":{"line":239,"column":1}},"line":235},"19":{"name":"getWeekday","decl":{"start":{"line":241,"column":16},"end":{"line":241,"column":26}},"loc":{"start":{"line":241,"column":39},"end":{"line":248,"column":1}},"line":241},"20":{"name":"isLeapYear","decl":{"start":{"line":250,"column":16},"end":{"line":250,"column":26}},"loc":{"start":{"line":250,"column":34},"end":{"line":252,"column":1}},"line":250},"21":{"name":"daysInMonth","decl":{"start":{"line":254,"column":16},"end":{"line":254,"column":27}},"loc":{"start":{"line":254,"column":42},"end":{"line":256,"column":1}},"line":254},"22":{"name":"copyTimestamp","decl":{"start":{"line":258,"column":16},"end":{"line":258,"column":29}},"loc":{"start":{"line":258,"column"
[...]
,"/home/eladyaniv01/projects/frontend-master/src/store/UserModules/getters.js": {"path":"/home/eladyaniv01/projects/frontend-master/src/store/UserModules/getters.js","statementMap":{"0":{"start":{"line":2,"column":2},"end":{"line":2,"column":32}},"1":{"start":{"line":5,"column":2},"end":{"line":5,"column":25}},"2":{"start":{"line":6,"column":2},"end":{"line":6,"column":34}},"3":{"start":{"line":7,"column":2},"end":{"line":11,"column":3}},"4":{"start":{"line":8,"column":4},"end":{"line":8,"column":30}},"5":{"start":{"line":10,"column":4},"end":{"line":10,"column":15}}},"fnMap":{"0":{"name":"nutritionist","decl":{"start":{"line":1,"column":16},"end":{"line":1,"column":28}},"loc":{"start":{"line":1,"column":36},"end":{"line":3,"column":1}},"line":1},"1":{"name":"getUser","decl":{"start":{"line":4,"column":16},"end":{"line":4,"column":23}},"loc":{"start":{"line":4,"column":31},"end":{"line":12,"column":1}},"line":4}},"branchMap":{"0":{"loc":{"start":{"line":7,"column":2},"end":{"line":11,"column":3}},"type":"if","locations":[{"start":{"line":7,"column":2},"end":{"line":11,"column":3}},{"start":{"line":7,"column":2},"end":{"line":11,"column":3}}],"line":7}},"s":{"0":0,"1":2,"2":2,"3":2,"4":0,"5":2},"f":{"0":0,"1":2},"b":{"0":[0,2]},"_coverageSchema":"43e27e138ebf9cfc5966b082cf9a028302ed4184","hash":"0ca58d309c6bbd87f6717c699b33cd8126b06065"}
,"/home/eladyaniv01/projects/frontend-master/src/store/UserModules/index.js": {"path":"/home/eladyaniv01/projects/frontend-master/src/store/UserModules/index.js","statementMap":{"0":{"start":{"line":6,"column":20},"end":{"line":12,"column":1}}},"fnMap":{},"branchMap":{},"s":{"0":5},"f":{},"b":{},"_coverageSchema":"43e27e138ebf9cfc5966b082cf9a028302ed4184","hash":"0dd552c1f51660a0c3ecc764461e5cdd55152959"}
,"/home/eladyaniv01/projects/frontend-master/src/store/UserModules/mutations.js": {"path":"/home/eladyaniv01/projects/frontend-master/src/store/UserModules/mutations.js","statementMap":{"0":{"start":{"line":4,"column":2},"end":{"line":4,"column":26}},"1":{"start":{"line":7,"column":2},"end":{"line":7,"column":27}},"2":{"start":{"line":8,"column":2},"end":{"line":8,"column":31}},"3":{"start":{"line":11,"column":2},"end":{"line":11,"column":24}},"4":{"start":{"line":14,"column":2},"end":{"line":14,"column":25}},"5":{"start":{"line":15,"column":2},"end":{"line":15,"column":33}},"6":{"start":{"line":18,"column":2},"end":{"line":18,"column":20}},"7":{"start":{"line":19,"column":2},"end":{"line":19,"column":19}},"8":{"start":{"line":20,"column":2},"end":{"line":20,"column":27}},"9":{"start":{"line":21,"column":2},"end":{"line":21,"column":24}},"10":{"start":{"line":23,"column":2},"end":{"line":23,"column":41}},"11":{"start":{"line":24,"column":2},"end":{"line":24,"column":34}},"12":{"start":{"line":25,"column":2},"end":{"line":25,"column":33}},"13":{"start":{"line":26,"column":2},"end":{"line":26,"column":41}},"14":{"start":{"line":28,"column":2},"end":{"line":28,"column":34}},"15":{"start":{"line":32,"column":2},"end":{"line":51,"column":3}},"16":{"start":{"line":33,"column":4},"end":{"line":33,"column":26}},"17":{"start":{"line":34,"column":4},"end":{"line":34,"column":43}},"18":{"start":{"line":35,"column":4},"end":{"line":35,"column":35}},"19":{"start":{"line":36,"column":4},"end":{"line":36,"column":36}},"20":{"start":{"line":38,"column":4},"end":{"line":38,"column":36}},"21":{"start":{"line":39,"column":4},"end":{"line":39,"column":43}},"22":{"start":{"line":40,"column":4},"end":{"line":40,"column":21}},"23":{"start":{"line":41,"column":4},"end":{"line":41,"column":22}},"24":{"start":{"line":43,"column":4},"end":{"line":43,"column":22}},"25":{"start":{"line":47,"column":4},"end":{"line":47,"column":29}},"26":{"start":{"line":48,"column":4},"end":{"line":48,"column":53}},"27":{"start":{"line":49,"column":4},"end":{"line":49,"column":25}},"28":{"start":{"line":50,"column":4},"end":{"line":50,"column":42}},"29":{"start":{"line":73,"column":2},"end":{"line":75,"column":3}},"30":{"start":{"line":74,"column":4},"end":{"line":74,"column":46}},"31":{"start":{"line":76,"column":2},"end":{"line":78,"column":3}},"32":{"start":{"line":77,"column":4},"end":{"line":77,"column":53}},"33":{"start":{"line":80,"column":2},"end":{"line":82,"column":3}},"34":{"start":{"line":81,"column":4},"end":{"line":81,"column":46}},"35":{"start":{"line":83,"column":2},"end":{"line":85,"column":3}},"36":{"start":{"line":84,"column":4},"end":{"line":84,"column":60}},"37":{"start":{"line":88,"column":2},"end":{"line":93,"column":3}},"38":{"start":{"line":89,"column":4},"end":{"line":89,"column":57}},"39":{"start":{"line":92,"column":4},"end":{"line":92,"column":75}},"40":{"start":{"line":94,"column":2},"end":{"line":94,"column":27}},"41":{"start":{"line":96,"column":2},"end":{"line":96,"column":44}},"42":{"start":{"line":97,"column":2},"end":{"line":97,"column":51}},"43":{"start":{"line":102,"column":2},"end":{"line":106,"column":3}},"44":{"start":{"line":103,"column":4},"end":{"line":103,"column":10}},"45":{"start":{"line":105,"column":4},"end":{"line":105,"column":49}},"46":{"start":{"line":110,"column":2},"end":{"line":110,"column":47}},"47":{"start":{"line":111,"column":2},"end":{"line":115,"column":3}},"48":{"start":{"line":112,"column":4},"end":{"line":112,"column":50}},"49":{"start":{"line":114,"column":4},"end":{"line":114,"column":47}},"50":{"start":{"line":118,"column":2},"end":{"line":118,"column":31}},"51":{"start":{"line":122,"column":2},"end":{"line":122,"column":25}},"52":{"start":{"line":126,"column":2},"end":{"line":126,"column":45}}},"fnMap":{"0":{"name":"REGISTERSTART","decl":{"start":{"line":3,"column":16},"end":{"line":3,"column":29}},"loc":{"start":{"line":3,"column":37},"end":{"line":5,"column":1}},"line":3},"1":{"name":"REGISTERSTOP","decl":{"start":{"line":6,"column":16},"end":{"line":6,"column":28}},"loc":{"start":{"line":6,"column":50},"end":{"line":9,"column":1}},"line":6},"2":{"name":"LOGINSTART","decl":{"start":{"line":10,"column":16},"end":{"line":10,"column":26}},"loc":{"start":{"line":10,"column":34},"end":{"line":12,"column":1}},"line":10},"3":{"name":"LOGINSTOP","decl":{"start":{"line":13,"column":16},"end":{"line":13,"column":25}},"loc":{"start":{"line":13,"column":47},"end":{"line":16,"column":1}},"line":13},"4":{"name":"LOGOUT","decl":{"start":{"line":17,"column":16},"end":{"line":17,"column":22}},"loc":{"start":{"line":17,"column":30},"end":{"line":29,"column":1}},"line":17},"5":{"name":"UPDATEUSER","decl":{"start":{"line":30,"column":16},"end":{"line":30,"column":26}},"loc":{"start":{"line":30,"column":43},"end":{"line":52,"column":1}},"line":30},"6":{"name":"FETCHTOKEN","decl":{"start":{"line":72,"column":16},"end":{"line":72,"column":26}},"loc":{"start":{"line":72,"column":34},"end":{"line":86,"column":1}},"line":72},"7":{"name":"SETTOKEN","decl":{"start":{"line":87,"column":16},"end":{"line":87,"column":24}},"loc":{"start":{"line":87,"column":45},"end":{"line":99,"column":1}},"line":87},"8":{"name":"ADDCLIENT","decl":{"start":{"line":100,"column":16},"end":{"line":100,"column":25}},"loc":{"start":{"line":100,"column":42},"end":{"line":107,"column":1}},"line":100},"9":{"name":"FETCHCLIENTS","decl":{"start":{"line":109,"column":16},"end":{"line":109,"column":28}},"loc":{"start":{"line":109,"column":45},"end":{"line":116,"column":1}},"line":109},"10":{"name":"SETCURRENTCLIENT","decl":{"start":{"line":117,"column":16},"end":{"line":117,"column":32}},"loc":{"start":{"line":117,"column":49},"end":{"line":120,"column":1}},"line":117},"11":{"name":"SETCLIENTS","decl":{"start":{"line":121,"column":16},"end":{"line":121,"column":26}},"loc":{"start":{"line":121,"column":43},"end":{"line":124,"column":1}},"line":121},"12":{"name":"SETCLIENTNOTES","decl":{"start":{"line":125,"column":16},"end":{"line":125,"column":30}},"loc":{"start":{"line":125,"column":47},"end":{"line":128,"column":1}},"line":125}},"branchMap":{"0":{"loc":{"start":{"line":32,"column":2},"end":{"line":51,"column":3}},"type":"if","locations":[{"start":{"line":32,"column":2},"end":{"line":51,"column":3}},{"start":{"line":32,"column":2},"end":{"line":51,"column":3}}],"line":32},"1":{"loc":{"start":{"line":73,"column":2},"end":{"line":75,"column":3}},"type":"if","locations":[{"start":{"line":73,"column":2},"end":{"line":75,"column":3}},{"start":{"line":73,"column":2},"end":{"line":75,"column":3}}],"line":73},"2":{"loc":{"start":{"line":76,"column":2},"end":{"line":78,"column":3}},"type":"if","locations":[{"start":{"line":76,"column":2},"end":{"line":78,"column":3}},{"start":{"line":76,"column":2},"end":{"line":78,"column":3}}],"line":76},"3":{"loc":{"start":{"line":80,"column":2},"end":{"line":82,"column":3}},"type":"if","locations":[{"start":{"line":80,"column":2},"end":{"line":82,"column":3}},{"start":{"line":80,"column":2},"end":{"line":82,"column":3}}],"line":80},"4":{"loc":{"start":{"line":83,"column":2},"end":{"line":85,"column":3}},"type":"if","locations":[{"start":{"line":83,"column":2},"end":{"line":85,"column":3}},{"start":{"line":83,"column":2},"end":{"line":85,"column":3}}],"line":83},"5":{"loc":{"start":{"line":88,"column":2},"end":{"line":93,"column":3}},"type":"if","locations":[{"start":{"line":88,"column":2},"end":{"line":93,"column":3}},{"start":{"line":88,"column":2},"end":{"line":93,"column":3}}],"line":88},"6":{"loc":{"start":{"line":102,"column":2},"end":{"line":106,"column":3}},"type":"if","locations":[{"start":{"line":102,"column":2},"end":{"line":106,"column":3}},{"start":{"line":102,"column":2},"end":{"line":106,"column":3}}],"line":102},"7":{"loc":{"start":{"line":111,"column":2},"end":{"line":115,"column":3}},"type":"if","locations":[{"start":{"line":111,"column":2},"end":{"line":115,"column":3}},{"start":{"line":111,"column":2},"end":{"line":115,"column":3}}],"line":111},"8":{"loc":{"start":{"line":112,"column":11},"end":{"line":112,"column":50}},"type":"binary-expr","locations":[{"start":{"line":112,"column":11},"end":{"line":112,"column":42}},{"start":{"line":112,"column":46},"end":{"line":112,"column":50}}],"line":112}},"s":{"0":1,"1":0,"2":0,"3":0,"4":0,"5":0,"6":0,"7":0,"8":0,"9":0,"10":0,"11":0,"12":0,"13":0,"14":0,"15":0,"16":0,"17":0,"18":0,"19":0,"20":0,"21":0,"22":0,"23":0,"24":0,"25":0,"26":0,"27":0,"28":0,"29":0,"30":0,"31":0,"32":0,"33":0,"34":0,"35":0,"36":0,"37":0,"38":0,"39":0,"40":0,"41":0,"42":0,"43":0,"44":0,"45":0,"46":0,"47":0,"48":0,"49":0,"50":0,"51":0,"52":0},"f":{"0":1,"1":0,"2":0,"3":0,"4":0,"5":0,"6":0,"7":0,"8":0,"9":0,"10":0,"11":0,"12":0},"b":{"0":[0,0],"1":[0,0],"2":[0,0],"3":[0,0],"4":[0,0],"5":[0,0],"6":[0,0],"7":[0,0],"8":[0,0]},"_coverageSchema":"43e27e138ebf9cfc5966b082cf9a028302ed4184","hash":"17ef8847cd5315fdaf4c8c20d09b5135ddc3c270"}
,"/home/eladyaniv01/projects/frontend-master/src/store/UserModules/state.js": {"path":"/home/eladyaniv01/projects/frontend-master/src/store/UserModules/state.js","statementMap":{"0":{"start":{"line":1,"column":14},"end":{"line":15,"column":1}}},"fnMap":{},"branchMap":{},"s":{"0":5},"f":{},"b":{},"_coverageSchema":"43e27e138ebf9cfc5966b082cf9a028302ed4184","hash":"63d84a0239297b224638d0a4295d58d64f6855c3"}
,"/home/eladyaniv01/projects/frontend-master/src/utils/color.js": {"path":"/home/eladyaniv01/projects/frontend-master/src/utils/color.js","statementMap":{"0":{"start":{"line":1,"column":26},"end":{"line":3,"column":1}},"1":{"start":{"line":2,"column":2},"end":{"line":2,"column":55}}},"fnMap":{"0":{"name":"(anonymous_0)","decl":{"start":{"line":1,"column":26},"end":{"line":1,"column":27}},"loc":{"start":{"line":1,"column":37},"end":{"line":3,"column":1}},"line":1}},"branchMap":{"0":{"loc":{"start":{"line":2,"column":9},"end":{"line":2,"column":55}},"type":"binary-expr","locations":[{"start":{"line":2,"column":9},"end":{"line":2,"column":16}},{"start":{"line":2,"column":20},"end":{"line":2,"column":55}}],"line":2}},"s":{"0":2,"1":0},"f":{"0":0},"b":{"0":[0,0]},"_coverageSchema":"43e27e138ebf9cfc5966b082cf9a028302ed4184","hash":"6e9d1045361ded596f6a13e177964c5c77b96864"}
,"/home/eladyaniv01/projects/frontend-master/src/utils/events.js": {"path":"/home/eladyaniv01/projects/frontend-master/src/utils/events.js","statementMap":{},"fnMap":{},"branchMap":{},"s":{},"f":{},"b":{},"_coverageSchema":"43e27e138ebf9cfc5966b082cf9a028302ed4184","hash":"532e2e2b0eacb0b6e4099fbbd04e423aa1b95ec1"}
,"/home/eladyaniv01/projects/frontend-master/src/utils/getLocale.js": {"path":"/home/eladyaniv01/projects/frontend-master/src/utils/getLocale.js","statementMap":{"0":{"start":{"line":1,"column":25},"end":{"line":7,"column":1}},"1":{"start":{"line":2,"column":2},"end":{"line":6,"column":3}},"2":{"start":{"line":3,"column":4},"end":{"line":3,"column":33}},"3":{"start":{"line":5,"column":4},"end":{"line":5,"column":97}}},"fnMap":{"0":{"name":"(anonymous_0)","decl":{"start":{"line":1,"column":25},"end":{"line":1,"column":26}},"loc":{"start":{"line":1,"column":31},"end":{"line":7,"column":1}},"line":1}},"branchMap":{"0":{"loc":{"start":{"line":2,"column":2},"end":{"line":6,"column":3}},"type":"if","locations":[{"start":{"line":2,"column":2},"end":{"line":6,"column":3}},{"start":{"line":2,"column":2},"end":{"line":6,"column":3}}],"line":2},"1":{"loc":{"start":{"line":2,"column":6},"end":{"line":2,"column":59}},"type":"binary-expr","locations":[{"start":{"line":2,"column":6},"end":{"line":2,"column":25}},{"start":{"line":2,"column":29},"end":{"line":2,"column":59}}],"line":2},"2":{"loc":{"start":{"line":5,"column":11},"end":{"line":5,"column":97}},"type":"binary-expr","locations":[{"start":{"line":5,"column":11},"end":{"line":5,"column":34}},{"start":{"line":5,"column":38},"end":{"line":5,"column":56}},{"start":{"line":5,"column":60},"end":{"line":5,"column":86}},{"start":{"line":5,"column":90},"end":{"line":5,"column":97}}],"line":5}},"s":{"0":0,"1":0,"2":0,"3":0},"f":{"0":0},"b":{"0":[0,0],"1":[0,0],"2":[0,0,0,0]},"hash":"96ddbeeefd388ec548bceee8ce30ca08f778e369"}
,"/home/eladyaniv01/projects/frontend-master/src/utils/stringutils.js": {"path":"/home/eladyaniv01/projects/frontend-master/src/utils/stringutils.js","statementMap":{"0":{"start":{"line":2,"column":2},"end":{"line":6,"column":24}},"1":{"start":{"line":10,"column":2},"end":{"line":10,"column":60}},"2":{"start":{"line":11,"column":2},"end":{"line":13,"column":3}},"3":{"start":{"line":12,"column":4},"end":{"line":12,"column":31}},"4":{"start":{"line":14,"column":2},"end":{"line":18,"column":6}},"5":{"start":{"line":17,"column":6},"end":{"line":17,"column":49}},"6":{"start":{"line":22,"column":16},"end":{"line":22,"column":39}},"7":{"start":{"line":23,"column":12},"end":{"line":23,"column":40}},"8":{"start":{"line":24,"column":12},"end":{"line":24,"column":26}},"9":{"start":{"line":25,"column":2},"end":{"line":27,"column":3}},"10":{"start":{"line":26,"column":4},"end":{"line":26,"column":53}},"11":{"start":{"line":29,"column":2},"end":{"line":29,"column":11}},"12":{"start":{"line":32,"column":2},"end":{"line":32,"column":26}},"13":{"start":{"line":37,"column":16},"end":{"line":37,"column":32}},"14":{"start":{"line":39,"column":14},"end":{"line":40,"column":30}},"15":{"start":{"line":41,"column":12},"end":{"line":41,"column":72}},"16":{"start":{"line":42,"column":13},"end":{"line":42,"column":39}},"17":{"start":{"line":44,"column":2},"end":{"line":44,"column":39}}},"fnMap":{"0":{"name":"myRep","decl":{"start":{"line":1,"column":16},"end":{"line":1,"column":21}},"loc":{"start":{"line":1,"column":29},"end":{"line":7,"column":1}},"line":1},"1":{"name":"sentenceCase","decl":{"start":{"line":9,"column":16},"end":{"line":9,"column":28}},"loc":{"start":{"line":9,"column":53},"end":{"line":19,"column":1}},"line":9},"2":{"name":"(anonymous_2)","decl":{"start":{"line":16,"column":33},"end":{"line":16,"column":34}},"loc":{"start":{"line":16,"column":67},"end":{"line":18,"column":5}},"line":16},"3":{"name":"prettyStringJson","decl":{"start":{"line":21,"column":16},"end":{"line":21,"column":32}},"loc":{"start":{"line":21,"column":42},"end":{"line":30,"column":1}},"line":21},"4":{"name":"doNotify","decl":{"start":{"line":31,"column":16},"end":{"line":31,"column":24}},"loc":{"start":{"line":31,"column":46},"end":{"line":33,"column":1}},"line":31},"5":{"name":"GetFormattedDate","decl":{"start":{"line":36,"column":16},"end":{"line":36,"column":32}},"loc":{"start":{"line":36,"column":41},"end":{"line":45,"column":1}},"line":36}},"branchMap":{"0":{"loc":{"start":{"line":10,"column":10},"end":{"line":10,"column":60}},"type":"cond-expr","locations":[{"start":{"line":10,"column":50},"end":{"line":10,"column":52}},{"start":{"line":10,"column":55},"end":{"line":10,"column":60}}],"line":10},"1":{"loc":{"start":{"line":10,"column":10},"end":{"line":10,"column":47}},"type":"binary-expr","locations":[{"start":{"line":10,"column":10},"end":{"line":10,"column":29}},{"start":{"line":10,"column":33},"end":{"line":10,"column":47}}],"line":10},"2":{"loc":{"start":{"line":11,"column":2},"end":{"line":13,"column":3}},"type":"if","locations":[{"start":{"line":11,"column":2},"end":{"line":13,"column":3}},{"start":{"line":11,"column":2},"end":{"line":13,"column":3}}],"line":11},"3":{"loc":{"start":{"line":39,"column":18},"end":{"line":39,"column":56}},"type":"cond-expr","locations":[{"start":{"line":39,"column":48},"end":{"line":39,"column":51}},{"start":{"line":39,"column":54},"end":{"line":39,"column":56}}],"line":39},"4":{"loc":{"start":{"line":41,"column":16},"end":{"line":41,"column":49}},"type":"cond-expr","locations":[{"start":{"line":41,"column":41},"end":{"line":41,"column":44}},{"start":{"line":41,"column":47},"end":{"line":41,"column":49}}],"line":41}},"s":{"0":0,"1":0,"2":0,"3":0,"4":0,"5":0,"6":0,"7":0,"8":0,"9":0,"10":0,"11":0,"12":0,"13":2,"14":2,"15":2,"16":2,"17":2},"f":{"0":0,"1":0,"2":0,"3":0,"4":0,"5":2},"b":{"0":[0,0],"1":[0,0],"2":[0,0],"3":[2,0],"4":[0,2]},"_coverageSchema":"43e27e138ebf9cfc5966b082cf9a028302ed4184","hash":"a85148e5ac323c6db0c1d152966af9a0f62decd3"}
,"/home/eladyaniv01/projects/frontend-master/src/utils/time.js": {"path":"/home/eladyaniv01/projects/frontend-master/src/utils/time.js","statementMap":{"0":{"start":{"line":1,"column":23},"end":{"line":7,"column":1}},"1":{"start":{"line":2,"column":2},"end":{"line":2,"column":23}},"2":{"start":{"line":3,"column":2},"end":{"line":5,"column":3}},"3":{"start":{"line":4,"column":4},"end":{"line":4,"column":20}},"4":{"start":{"line":6,"column":2},"end":{"line":6,"column":17}}},"fnMap":{"0":{"name":"(anonymous_0)","decl":{"start":{"line":1,"column":23},"end":{"line":1,"column":24}},"loc":{"start":{"line":1,"column":32},"end":{"line":7,"column":1}},"line":1}},"branchMap":{"0":{"loc":{"start":{"line":3,"column":2},"end":{"line":5,"column":3}},"type":"if","locations":[{"start":{"line":3,"column":2},"end":{"line":5,"column":3}},{"start":{"line":3,"column":2},"end":{"line":5,"column":3}}],"line":3}},"s":{"0":2,"1":0,"2":0,"3":0,"4":0},"f":{"0":0},"b":{"0":[0,0]},"_coverageSchema":"43e27e138ebf9cfc5966b082cf9a028302ed4184","hash":"31527b69d5152db41f1ede80bb4f93cb2780b0b2"}
}
