{"/home/eladyaniv01/projects/nutrition-front/src/boot/Ftitle.js": {"path":"/home/eladyaniv01/projects/nutrition-front/src/boot/Ftitle.js","statementMap":{"0":{"start":{"line":5,"column":2},"end":{"line":9,"column":4}},"1":{"start":{"line":6,"column":4},"end":{"line":6,"column":25}},"2":{"start":{"line":6,"column":16},"end":{"line":6,"column":25}},"3":{"start":{"line":7,"column":4},"end":{"line":7,"column":28}},"4":{"start":{"line":8,"column":4},"end":{"line":8,"column":57}}},"fnMap":{"0":{"name":"(anonymous_0)","decl":{"start":{"line":4,"column":15},"end":{"line":4,"column":16}},"loc":{"start":{"line":4,"column":41},"end":{"line":10,"column":1}},"line":4},"1":{"name":"(anonymous_1)","decl":{"start":{"line":5,"column":22},"end":{"line":5,"column":23}},"loc":{"start":{"line":5,"column":38},"end":{"line":9,"column":3}},"line":5}},"branchMap":{"0":{"loc":{"start":{"line":6,"column":4},"end":{"line":6,"column":25}},"type":"if","locations":[{"start":{"line":6,"column":4},"end":{"line":6,"column":25}},{"start":{"line":6,"column":4},"end":{"line":6,"column":25}}],"line":6}},"s":{"0":0,"1":0,"2":0,"3":0,"4":0},"f":{"0":0,"1":0},"b":{"0":[0,0]},"hash":"a1ae8bd393fc446a8c0f5b23f46eb53ad55ef0c9"}
,"/home/eladyaniv01/projects/nutrition-front/src/boot/HighchartsVue.js": {"path":"/home/eladyaniv01/projects/nutrition-front/src/boot/HighchartsVue.js","statementMap":{"0":{"start":{"line":5,"column":2},"end":{"line":5,"column":47}}},"fnMap":{"0":{"name":"(anonymous_0)","decl":{"start":{"line":4,"column":15},"end":{"line":4,"column":16}},"loc":{"start":{"line":4,"column":41},"end":{"line":6,"column":1}},"line":4}},"branchMap":{},"s":{"0":0},"f":{"0":0},"b":{},"hash":"3dbf30bac8d9d9dd865ea14f3e6b52337688a3b8"}
,"/home/eladyaniv01/projects/nutrition-front/src/boot/axios.js": {"path":"/home/eladyaniv01/projects/nutrition-front/src/boot/axios.js","statementMap":{"0":{"start":{"line":11,"column":2},"end":{"line":19,"column":4}}},"fnMap":{"0":{"name":"(anonymous_0)","decl":{"start":{"line":10,"column":15},"end":{"line":10,"column":16}},"loc":{"start":{"line":10,"column":28},"end":{"line":21,"column":1}},"line":10}},"branchMap":{},"s":{"0":0},"f":{"0":0},"b":{},"hash":"7300fadc5c50d6875ee62e975699fa99bba98df0"}
,"/home/eladyaniv01/projects/nutrition-front/src/boot/i18n.js": {"path":"/home/eladyaniv01/projects/nutrition-front/src/boot/i18n.js","statementMap":{"0":{"start":{"line":5,"column":2},"end":{"line":5,"column":18}},"1":{"start":{"line":8,"column":2},"end":{"line":12,"column":4}}},"fnMap":{"0":{"name":"(anonymous_0)","decl":{"start":{"line":4,"column":15},"end":{"line":4,"column":16}},"loc":{"start":{"line":4,"column":33},"end":{"line":13,"column":1}},"line":4}},"branchMap":{},"s":{"0":0,"1":0},"f":{"0":0},"b":{},"hash":"5c5685530d738deacba06e2f7e02d5e66d300fd9"}
,"/home/eladyaniv01/projects/nutrition-front/src/boot/lodash.js": {"path":"/home/eladyaniv01/projects/nutrition-front/src/boot/lodash.js","statementMap":{"0":{"start":{"line":8,"column":2},"end":{"line":8,"column":28}}},"fnMap":{"0":{"name":"(anonymous_0)","decl":{"start":{"line":7,"column":15},"end":{"line":7,"column":16}},"loc":{"start":{"line":7,"column":41},"end":{"line":9,"column":1}},"line":7}},"branchMap":{},"s":{"0":0},"f":{"0":0},"b":{},"hash":"6b943672eb459c1fc02512e77edf67863d2eb7a3"}
,"/home/eladyaniv01/projects/nutrition-front/src/boot/noConsole.js": {"path":"/home/eladyaniv01/projects/nutrition-front/src/boot/noConsole.js","statementMap":{"0":{"start":{"line":1,"column":28},"end":{"line":1,"column":30}},"1":{"start":{"line":2,"column":0},"end":{"line":4,"column":1}},"2":{"start":{"line":3,"column":2},"end":{"line":3,"column":54}}},"fnMap":{},"branchMap":{"0":{"loc":{"start":{"line":2,"column":0},"end":{"line":4,"column":1}},"type":"if","locations":[{"start":{"line":2,"column":0},"end":{"line":4,"column":1}},{"start":{"line":2,"column":0},"end":{"line":4,"column":1}}],"line":2}},"s":{"0":0,"1":0,"2":0},"f":{},"b":{"0":[0,0]},"hash":"3561a42d4e8cf6a27bb602bfdeb8a496b5c541ce"}
,"/home/eladyaniv01/projects/nutrition-front/src/boot/notify-defaults.js": {"path":"/home/eladyaniv01/projects/nutrition-front/src/boot/notify-defaults.js","statementMap":{"0":{"start":{"line":6,"column":0},"end":{"line":14,"column":2}}},"fnMap":{},"branchMap":{},"s":{"0":0},"f":{},"b":{},"hash":"172895fdb3abbccd973189687c43914b03609a99"}
,"/home/eladyaniv01/projects/nutrition-front/src/boot/quasar-calendar.js": {"path":"/home/eladyaniv01/projects/nutrition-front/src/boot/quasar-calendar.js","statementMap":{"0":{"start":{"line":7,"column":2},"end":{"line":7,"column":37}}},"fnMap":{"0":{"name":"(anonymous_0)","decl":{"start":{"line":6,"column":15},"end":{"line":6,"column":16}},"loc":{"start":{"line":6,"column":28},"end":{"line":9,"column":1}},"line":6}},"branchMap":{},"s":{"0":0},"f":{"0":0},"b":{},"hash":"d7b661ace39040b17d68206969dae11fd5ad6799"}
,"/home/eladyaniv01/projects/nutrition-front/src/boot/vuelidate.js": {"path":"/home/eladyaniv01/projects/nutrition-front/src/boot/vuelidate.js","statementMap":{"0":{"start":{"line":4,"column":2},"end":{"line":4,"column":20}}},"fnMap":{"0":{"name":"(anonymous_0)","decl":{"start":{"line":3,"column":15},"end":{"line":3,"column":16}},"loc":{"start":{"line":3,"column":28},"end":{"line":5,"column":1}},"line":3}},"branchMap":{},"s":{"0":0},"f":{"0":0},"b":{},"hash":"403d3f5596aa9a39ea862117488ffc77ed5d337e"}
,"/home/eladyaniv01/projects/nutrition-front/src/components/Box.vue": {"path":"/home/eladyaniv01/projects/nutrition-front/src/components/Box.vue","statementMap":{"0":{"start":{"line":91,"column":0},"end":{"line":91,"column":null}},"1":{"start":{"line":92,"column":0},"end":{"line":92,"column":null}},"2":{"start":{"line":93,"column":0},"end":{"line":93,"column":null}},"3":{"start":{"line":94,"column":0},"end":{"line":94,"column":null}},"4":{"start":{"line":95,"column":0},"end":{"line":95,"column":null}},"5":{"start":{"line":96,"column":0},"end":{"line":96,"column":null}},"6":{"start":{"line":97,"column":0},"end":{"line":97,"column":null}},"7":{"start":{"line":108,"column":0},"end":{"line":108,"column":null}},"8":{"start":{"line":116,"column":0},"end":{"line":116,"column":null}},"9":{"start":{"line":118,"column":0},"end":{"line":120,"column":null}},"10":{"start":{"line":119,"column":0},"end":{"line":119,"column":null}},"11":{"start":{"line":121,"column":0},"end":{"line":123,"column":null}},"12":{"start":{"line":122,"column":0},"end":{"line":122,"column":null}},"13":{"start":{"line":124,"column":0},"end":{"line":129,"column":null}},"14":{"start":{"line":125,"column":0},"end":{"line":125,"column":null}},"15":{"start":{"line":126,"column":0},"end":{"line":126,"column":null}},"16":{"start":{"line":128,"column":0},"end":{"line":128,"column":null}},"17":{"start":{"line":130,"column":0},"end":{"line":130,"column":null}},"18":{"start":{"line":131,"column":0},"end":{"line":131,"column":null}},"19":{"start":{"line":141,"column":0},"end":{"line":143,"column":null}},"20":{"start":{"line":142,"column":0},"end":{"line":142,"column":null}},"21":{"start":{"line":144,"column":0},"end":{"line":144,"column":null}},"22":{"start":{"line":147,"column":0},"end":{"line":147,"column":null}},"23":{"start":{"line":148,"column":0},"end":{"line":148,"column":null}},"24":{"start":{"line":152,"column":0},"end":{"line":152,"column":null}},"25":{"start":{"line":155,"column":0},"end":{"line":155,"column":null}},"26":{"start":{"line":156,"column":0},"end":{"line":156,"column":null}},"27":{"start":{"line":160,"column":0},"end":{"line":160,"column":null}},"28":{"start":{"line":163,"column":0},"end":{"line":163,"column":null}},"29":{"start":{"line":164,"column":0},"end":{"line":164,"column":null}},"30":{"start":{"line":168,"column":0},"end":{"line":168,"column":null}},"31":{"start":{"line":171,"column":0},"end":{"line":171,"column":null}},"32":{"start":{"line":173,"column":0},"end":{"line":173,"column":null}},"33":{"start":{"line":176,"column":0},"end":{"line":176,"column":null}},"34":{"start":{"line":178,"column":0},"end":{"line":178,"column":null}},"35":{"start":{"line":182,"column":0},"end":{"line":184,"column":null}},"36":{"start":{"line":183,"column":0},"end":{"line":183,"column":null}},"37":{"start":{"line":186,"column":0},"end":{"line":186,"column":null}},"38":{"start":{"line":189,"column":0},"end":{"line":189,"column":null}}},"fnMap":{"0":{"name":"data","decl":{"start":{"line":107,"column":0},"end":{"line":107,"column":null}},"loc":{"start":{"line":107,"column":0},"end":{"line":109,"column":null}}},"1":{"name":"created","decl":{"start":{"line":110,"column":0},"end":{"line":110,"column":null}},"loc":{"start":{"line":110,"column":0},"end":{"line":112,"column":null}}},"2":{"name":"sortedFields","decl":{"start":{"line":115,"column":0},"end":{"line":115,"column":null}},"loc":{"start":{"line":115,"column":0},"end":{"line":132,"column":null}}},"3":{"name":"(anonymous_4)","decl":{"start":{"line":118,"column":0},"end":{"line":118,"column":null}},"loc":{"start":{"line":118,"column":0},"end":{"line":120,"column":null}}},"4":{"name":"(anonymous_5)","decl":{"start":{"line":121,"column":0},"end":{"line":121,"column":null}},"loc":{"start":{"line":121,"column":0},"end":{"line":123,"column":null}}},"5":{"name":"singularize","decl":{"start":{"line":140,"column":0},"end":{"line":140,"column":null}},"loc":{"start":{"line":140,"column":0},"end":{"line":145,"column":null}}},"6":{"name":"eventCount","decl":{"start":{"line":146,"column":0},"end":{"line":146,"column":null}},"loc":{"start":{"line":146,"column":0},"end":{"line":153,"column":null}}},"7":{"name":"menuCount","decl":{"start":{"line":154,"column":0},"end":{"line":154,"column":null}},"loc":{"start":{"line":154,"column":0},"end":{"line":161,"column":null}}},"8":{"name":"noteCount","decl":{"start":{"line":162,"column":0},"end":{"line":162,"column":null}},"loc":{"start":{"line":162,"column":0},"end":{"line":169,"column":null}}},"9":{"name":"clientName","decl":{"start":{"line":170,"column":0},"end":{"line":170,"column":null}},"loc":{"start":{"line":170,"column":0},"end":{"line":174,"column":null}}},"10":{"name":"nutritionistName","decl":{"start":{"line":175,"column":0},"end":{"line":175,"column":null}},"loc":{"start":{"line":175,"column":0},"end":{"line":179,"column":null}}},"11":{"name":"getPath","decl":{"start":{"line":181,"column":0},"end":{"line":181,"column":null}},"loc":{"start":{"line":181,"column":0},"end":{"line":187,"column":null}}},"12":{"name":"getDate","decl":{"start":{"line":188,"column":0},"end":{"line":188,"column":null}},"loc":{"start":{"line":188,"column":0},"end":{"line":190,"column":null}}}},"branchMap":{"0":{"loc":{"start":{"line":122,"column":0},"end":{"line":122,"column":null}},"type":"binary-expr","locations":[{"start":{"line":122,"column":0},"end":{"line":122,"column":null}},{"start":{"line":122,"column":0},"end":{"line":122,"column":null}}]},"1":{"loc":{"start":{"line":124,"column":0},"end":{"line":129,"column":null}},"type":"if","locations":[{"start":{"line":124,"column":0},"end":{"line":129,"column":null}},{"start":{"line":124,"column":0},"end":{"line":129,"column":null}}]},"2":{"loc":{"start":{"line":141,"column":0},"end":{"line":143,"column":null}},"type":"if","locations":[{"start":{"line":141,"column":0},"end":{"line":143,"column":null}},{"start":{"line":141,"column":0},"end":{"line":143,"column":null}}]},"3":{"loc":{"start":{"line":141,"column":0},"end":{"line":141,"column":null}},"type":"binary-expr","locations":[{"start":{"line":141,"column":0},"end":{"line":141,"column":null}},{"start":{"line":141,"column":0},"end":{"line":141,"column":null}}]},"4":{"loc":{"start":{"line":182,"column":0},"end":{"line":184,"column":null}},"type":"if","locations":[{"start":{"line":182,"column":0},"end":{"line":184,"column":null}},{"start":{"line":182,"column":0},"end":{"line":184,"column":null}}]},"5":{"loc":{"start":{"line":182,"column":0},"end":{"line":182,"column":null}},"type":"binary-expr","locations":[{"start":{"line":182,"column":0},"end":{"line":182,"column":null}},{"start":{"line":182,"column":0},"end":{"line":182,"column":null}}]}},"s":{"0":2,"1":2,"2":2,"3":2,"4":2,"5":2,"6":2,"7":2,"8":2,"9":2,"10":8,"11":2,"12":8,"13":2,"14":1,"15":1,"16":1,"17":1,"18":1,"19":6,"20":4,"21":2,"22":1,"23":1,"24":1,"25":1,"26":1,"27":1,"28":1,"29":1,"30":1,"31":2,"32":2,"33":1,"34":1,"35":3,"36":1,"37":2,"38":2},"f":{"0":2,"1":2,"2":2,"3":8,"4":8,"5":6,"6":1,"7":1,"8":1,"9":2,"10":1,"11":3,"12":2},"b":{"0":[8,7],"1":[1,1],"2":[4,2],"3":[6,2],"4":[1,2],"5":[3,1]}}
,"/home/eladyaniv01/projects/nutrition-front/src/components/Card.vue": {"path":"/home/eladyaniv01/projects/nutrition-front/src/components/Card.vue","statementMap":{"0":{"start":{"line":25,"column":0},"end":{"line":25,"column":null}},"1":{"start":{"line":26,"column":0},"end":{"line":26,"column":null}},"2":{"start":{"line":29,"column":0},"end":{"line":29,"column":null}},"3":{"start":{"line":38,"column":0},"end":{"line":38,"column":null}},"4":{"start":{"line":41,"column":0},"end":{"line":41,"column":null}},"5":{"start":{"line":44,"column":0},"end":{"line":44,"column":null}},"6":{"start":{"line":45,"column":0},"end":{"line":45,"column":null}},"7":{"start":{"line":46,"column":0},"end":{"line":46,"column":null}},"8":{"start":{"line":51,"column":0},"end":{"line":51,"column":null}},"9":{"start":{"line":52,"column":0},"end":{"line":52,"column":null}},"10":{"start":{"line":53,"column":0},"end":{"line":53,"column":null}},"11":{"start":{"line":58,"column":0},"end":{"line":58,"column":null}},"12":{"start":{"line":65,"column":0},"end":{"line":65,"column":null}},"13":{"start":{"line":66,"column":0},"end":{"line":66,"column":null}},"14":{"start":{"line":69,"column":0},"end":{"line":69,"column":null}},"15":{"start":{"line":71,"column":0},"end":{"line":71,"column":null}},"16":{"start":{"line":72,"column":0},"end":{"line":75,"column":null}},"17":{"start":{"line":73,"column":0},"end":{"line":73,"column":null}},"18":{"start":{"line":74,"column":0},"end":{"line":74,"column":null}}},"fnMap":{"0":{"name":"mounted","decl":{"start":{"line":24,"column":0},"end":{"line":24,"column":null}},"loc":{"start":{"line":24,"column":0},"end":{"line":27,"column":null}}},"1":{"name":"data","decl":{"start":{"line":29,"column":0},"end":{"line":29,"column":null}},"loc":{"start":{"line":29,"column":0},"end":{"line":29,"column":null}}},"2":{"name":"mousePX","decl":{"start":{"line":37,"column":0},"end":{"line":37,"column":null}},"loc":{"start":{"line":37,"column":0},"end":{"line":39,"column":null}}},"3":{"name":"mousePY","decl":{"start":{"line":40,"column":0},"end":{"line":40,"column":null}},"loc":{"start":{"line":40,"column":0},"end":{"line":42,"column":null}}},"4":{"name":"cardStyle","decl":{"start":{"line":43,"column":0},"end":{"line":43,"column":null}},"loc":{"start":{"line":43,"column":0},"end":{"line":49,"column":null}}},"5":{"name":"cardBgTransform","decl":{"start":{"line":50,"column":0},"end":{"line":50,"column":null}},"loc":{"start":{"line":50,"column":0},"end":{"line":56,"column":null}}},"6":{"name":"cardBgImage","decl":{"start":{"line":57,"column":0},"end":{"line":57,"column":null}},"loc":{"start":{"line":57,"column":0},"end":{"line":61,"column":null}}},"7":{"name":"handleMouseMove","decl":{"start":{"line":64,"column":0},"end":{"line":64,"column":null}},"loc":{"start":{"line":64,"column":0},"end":{"line":67,"column":null}}},"8":{"name":"handleMouseEnter","decl":{"start":{"line":68,"column":0},"end":{"line":68,"column":null}},"loc":{"start":{"line":68,"column":0},"end":{"line":70,"column":null}}},"9":{"name":"handleMouseLeave","decl":{"start":{"line":71,"column":0},"end":{"line":71,"column":null}},"loc":{"start":{"line":71,"column":0},"end":{"line":76,"column":null}}},"10":{"name":"(anonymous_11)","decl":{"start":{"line":72,"column":0},"end":{"line":72,"column":null}},"loc":{"start":{"line":72,"column":0},"end":{"line":75,"column":null}}}},"branchMap":{},"s":{"0":0,"1":0,"2":0,"3":0,"4":0,"5":0,"6":0,"7":0,"8":0,"9":0,"10":0,"11":0,"12":0,"13":0,"14":0,"15":0,"16":0,"17":0,"18":0},"f":{"0":0,"1":0,"2":0,"3":0,"4":0,"5":0,"6":0,"7":0,"8":0,"9":0,"10":0},"b":{}}
,"/home/eladyaniv01/projects/nutrition-front/src/components/Event.vue": {"path":"/home/eladyaniv01/projects/nutrition-front/src/components/Event.vue","statementMap":{"0":{"start":{"line":111,"column":0},"end":{"line":111,"column":null}},"1":{"start":{"line":112,"column":0},"end":{"line":112,"column":null}},"2":{"start":{"line":113,"column":0},"end":{"line":113,"column":null}},"3":{"start":{"line":123,"column":0},"end":{"line":123,"column":null}},"4":{"start":{"line":139,"column":0},"end":{"line":139,"column":null}},"5":{"start":{"line":140,"column":0},"end":{"line":140,"column":null}},"6":{"start":{"line":141,"column":0},"end":{"line":146,"column":null}},"7":{"start":{"line":144,"column":0},"end":{"line":144,"column":null}},"8":{"start":{"line":145,"column":0},"end":{"line":145,"column":null}},"9":{"start":{"line":149,"column":0},"end":{"line":149,"column":null}},"10":{"start":{"line":152,"column":0},"end":{"line":152,"column":null}},"11":{"start":{"line":154,"column":0},"end":{"line":154,"column":null}},"12":{"start":{"line":157,"column":0},"end":{"line":159,"column":null}},"13":{"start":{"line":158,"column":0},"end":{"line":158,"column":null}},"14":{"start":{"line":160,"column":0},"end":{"line":160,"column":null}},"15":{"start":{"line":161,"column":0},"end":{"line":161,"column":null}},"16":{"start":{"line":164,"column":0},"end":{"line":164,"column":null}},"17":{"start":{"line":165,"column":0},"end":{"line":165,"column":null}},"18":{"start":{"line":166,"column":0},"end":{"line":166,"column":null}},"19":{"start":{"line":167,"column":0},"end":{"line":167,"column":null}},"20":{"start":{"line":168,"column":0},"end":{"line":168,"column":null}},"21":{"start":{"line":169,"column":0},"end":{"line":169,"column":null}},"22":{"start":{"line":170,"column":0},"end":{"line":170,"column":null}},"23":{"start":{"line":171,"column":0},"end":{"line":171,"column":null}},"24":{"start":{"line":201,"column":0},"end":{"line":201,"column":null}},"25":{"start":{"line":202,"column":0},"end":{"line":202,"column":null}},"26":{"start":{"line":204,"column":0},"end":{"line":204,"column":null}},"27":{"start":{"line":205,"column":0},"end":{"line":222,"column":null}},"28":{"start":{"line":206,"column":0},"end":{"line":219,"column":null}},"29":{"start":{"line":209,"column":0},"end":{"line":209,"column":null}},"30":{"start":{"line":217,"column":0},"end":{"line":217,"column":null}},"31":{"start":{"line":218,"column":0},"end":{"line":218,"column":null}},"32":{"start":{"line":229,"column":0},"end":{"line":229,"column":null}},"33":{"start":{"line":231,"column":0},"end":{"line":231,"column":null}},"34":{"start":{"line":232,"column":0},"end":{"line":232,"column":null}},"35":{"start":{"line":234,"column":0},"end":{"line":234,"column":null}},"36":{"start":{"line":236,"column":0},"end":{"line":236,"column":null}},"37":{"start":{"line":238,"column":0},"end":{"line":334,"column":null}},"38":{"start":{"line":240,"column":0},"end":{"line":242,"column":null}},"39":{"start":{"line":241,"column":0},"end":{"line":241,"column":null}},"40":{"start":{"line":243,"column":0},"end":{"line":243,"column":null}},"41":{"start":{"line":245,"column":0},"end":{"line":284,"column":null}},"42":{"start":{"line":248,"column":0},"end":{"line":248,"column":null}},"43":{"start":{"line":250,"column":0},"end":{"line":250,"column":null}},"44":{"start":{"line":258,"column":0},"end":{"line":258,"column":null}},"45":{"start":{"line":259,"column":0},"end":{"line":259,"column":null}},"46":{"start":{"line":262,"column":0},"end":{"line":262,"column":null}},"47":{"start":{"line":263,"column":0},"end":{"line":283,"column":null}},"48":{"start":{"line":264,"column":0},"end":{"line":264,"column":null}},"49":{"start":{"line":265,"column":0},"end":{"line":274,"column":null}},"50":{"start":{"line":266,"column":0},"end":{"line":273,"column":null}},"51":{"start":{"line":267,"column":0},"end":{"line":267,"column":null}},"52":{"start":{"line":276,"column":0},"end":{"line":276,"column":null}},"53":{"start":{"line":277,"column":0},"end":{"line":277,"column":null}},"54":{"start":{"line":287,"column":0},"end":{"line":289,"column":null}},"55":{"start":{"line":288,"column":0},"end":{"line":288,"column":null}},"56":{"start":{"line":290,"column":0},"end":{"line":290,"column":null}},"57":{"start":{"line":291,"column":0},"end":{"line":291,"column":null}},"58":{"start":{"line":292,"column":0},"end":{"line":292,"column":null}},"59":{"start":{"line":293,"column":0},"end":{"line":332,"column":null}},"60":{"start":{"line":296,"column":0},"end":{"line":296,"column":null}},"61":{"start":{"line":298,"column":0},"end":{"line":298,"column":null}},"62":{"start":{"line":306,"column":0},"end":{"line":306,"column":null}},"63":{"start":{"line":307,"column":0},"end":{"line":307,"column":null}},"64":{"start":{"line":310,"column":0},"end":{"line":310,"column":null}},"65":{"start":{"line":311,"column":0},"end":{"line":331,"column":null}},"66":{"start":{"line":312,"column":0},"end":{"line":312,"column":null}},"67":{"start":{"line":313,"column":0},"end":{"line":322,"column":null}},"68":{"start":{"line":314,"column":0},"end":{"line":321,"column":null}},"69":{"start":{"line":315,"column":0},"end":{"line":315,"column":null}},"70":{"start":{"line":324,"column":0},"end":{"line":324,"column":null}},"71":{"start":{"line":325,"column":0},"end":{"line":325,"column":null}},"72":{"start":{"line":340,"column":0},"end":{"line":340,"column":null}},"73":{"start":{"line":345,"column":0},"end":{"line":345,"column":null}},"74":{"start":{"line":351,"column":0},"end":{"line":351,"column":null}},"75":{"start":{"line":357,"column":0},"end":{"line":357,"column":null}},"76":{"start":{"line":364,"column":0},"end":{"line":364,"column":null}},"77":{"start":{"line":365,"column":0},"end":{"line":365,"column":null}},"78":{"start":{"line":367,"column":0},"end":{"line":367,"column":null}},"79":{"start":{"line":368,"column":0},"end":{"line":368,"column":null}},"80":{"start":{"line":369,"column":0},"end":{"line":369,"column":null}},"81":{"start":{"line":370,"column":0},"end":{"line":370,"column":null}},"82":{"start":{"line":374,"column":0},"end":{"line":374,"column":null}},"83":{"start":{"line":379,"column":0},"end":{"line":379,"column":null}},"84":{"start":{"line":380,"column":0},"end":{"line":380,"column":null}}},"fnMap":{"0":{"name":"data","decl":{"start":{"line":122,"column":0},"end":{"line":122,"column":null}},"loc":{"start":{"line":122,"column":0},"end":{"line":136,"column":null}}},"1":{"name":"clients","decl":{"start":{"line":138,"column":0},"end":{"line":138,"column":null}},"loc":{"start":{"line":138,"column":0},"end":{"line":150,"column":null}}},"2":{"name":"client","decl":{"start":{"line":151,"column":0},"end":{"line":151,"column":null}},"loc":{"start":{"line":151,"column":0},"end":{"line":162,"column":null}}},"3":{"name":"user","decl":{"start":{"line":164,"column":0},"end":{"line":164,"column":null}},"loc":{"start":{"line":164,"column":0},"end":{"line":164,"column":null}}},"4":{"name":"msg","decl":{"start":{"line":165,"column":0},"end":{"line":165,"column":null}},"loc":{"start":{"line":165,"column":0},"end":{"line":165,"column":null}}},"5":{"name":"userState","decl":{"start":{"line":166,"column":0},"end":{"line":166,"column":null}},"loc":{"start":{"line":166,"column":0},"end":{"line":166,"column":null}}},"6":{"name":"rightBlocks","decl":{"start":{"line":167,"column":0},"end":{"line":167,"column":null}},"loc":{"start":{"line":167,"column":0},"end":{"line":167,"column":null}}},"7":{"name":"leftBlocks","decl":{"start":{"line":168,"column":0},"end":{"line":168,"column":null}},"loc":{"start":{"line":168,"column":0},"end":{"line":168,"column":null}}},"8":{"name":"landingHeader","decl":{"start":{"line":169,"column":0},"end":{"line":169,"column":null}},"loc":{"start":{"line":169,"column":0},"end":{"line":169,"column":null}}},"9":{"name":"landingCards","decl":{"start":{"line":170,"column":0},"end":{"line":170,"column":null}},"loc":{"start":{"line":170,"column":0},"end":{"line":170,"column":null}}},"10":{"name":"stickyHeader","decl":{"start":{"line":171,"column":0},"end":{"line":171,"column":null}},"loc":{"start":{"line":171,"column":0},"end":{"line":171,"column":null}}},"11":{"name":"del","decl":{"start":{"line":201,"column":0},"end":{"line":201,"column":null}},"loc":{"start":{"line":201,"column":0},"end":{"line":230,"column":null}}},"12":{"name":"(anonymous_13)","decl":{"start":{"line":206,"column":0},"end":{"line":206,"column":null}},"loc":{"start":{"line":206,"column":0},"end":{"line":219,"column":null}}},"13":{"name":"(anonymous_14)","decl":{"start":{"line":219,"column":0},"end":{"line":219,"column":null}},"loc":{"start":{"line":219,"column":0},"end":{"line":219,"column":null}}},"14":{"name":"save","decl":{"start":{"line":231,"column":0},"end":{"line":231,"column":null}},"loc":{"start":{"line":231,"column":0},"end":{"line":341,"column":null}}},"15":{"name":"(anonymous_16)","decl":{"start":{"line":245,"column":0},"end":{"line":245,"column":null}},"loc":{"start":{"line":245,"column":0},"end":{"line":260,"column":null}}},"16":{"name":"(anonymous_17)","decl":{"start":{"line":260,"column":0},"end":{"line":260,"column":null}},"loc":{"start":{"line":260,"column":0},"end":{"line":284,"column":null}}},"17":{"name":"(anonymous_18)","decl":{"start":{"line":293,"column":0},"end":{"line":293,"column":null}},"loc":{"start":{"line":293,"column":0},"end":{"line":308,"column":null}}},"18":{"name":"(anonymous_19)","decl":{"start":{"line":308,"column":0},"end":{"line":308,"column":null}},"loc":{"start":{"line":308,"column":0},"end":{"line":332,"column":null}}},"19":{"name":"show","decl":{"start":{"line":344,"column":0},"end":{"line":344,"column":null}},"loc":{"start":{"line":344,"column":0},"end":{"line":346,"column":null}}},"20":{"name":"hide","decl":{"start":{"line":350,"column":0},"end":{"line":350,"column":null}},"loc":{"start":{"line":350,"column":0},"end":{"line":352,"column":null}}},"21":{"name":"onDialogHide","decl":{"start":{"line":354,"column":0},"end":{"line":354,"column":null}},"loc":{"start":{"line":354,"column":0},"end":{"line":358,"column":null}}},"22":{"name":"onOKClick","decl":{"start":{"line":360,"column":0},"end":{"line":360,"column":null}},"loc":{"start":{"line":360,"column":0},"end":{"line":375,"column":null}}},"23":{"name":"onCancelClick","decl":{"start":{"line":377,"column":0},"end":{"line":377,"column":null}},"loc":{"start":{"line":377,"column":0},"end":{"line":381,"column":null}}}},"branchMap":{"0":{"loc":{"start":{"line":157,"column":0},"end":{"line":159,"column":null}},"type":"if","locations":[{"start":{"line":157,"column":0},"end":{"line":159,"column":null}},{"start":{"line":157,"column":0},"end":{"line":159,"column":null}}]},"1":{"loc":{"start":{"line":205,"column":0},"end":{"line":222,"column":null}},"type":"if","locations":[{"start":{"line":205,"column":0},"end":{"line":222,"column":null}},{"start":{"line":205,"column":0},"end":{"line":222,"column":null}}]},"2":{"loc":{"start":{"line":205,"column":0},"end":{"line":205,"column":null}},"type":"binary-expr","locations":[{"start":{"line":205,"column":0},"end":{"line":205,"column":null}},{"start":{"line":205,"column":0},"end":{"line":205,"column":null}}]},"3":{"loc":{"start":{"line":238,"column":0},"end":{"line":334,"column":null}},"type":"if","locations":[{"start":{"line":238,"column":0},"end":{"line":334,"column":null}},{"start":{"line":238,"column":0},"end":{"line":334,"column":null}}]},"4":{"loc":{"start":{"line":238,"column":0},"end":{"line":238,"column":null}},"type":"binary-expr","locations":[{"start":{"line":238,"column":0},"end":{"line":238,"column":null}},{"start":{"line":238,"column":0},"end":{"line":238,"column":null}}]},"5":{"loc":{"start":{"line":240,"column":0},"end":{"line":242,"column":null}},"type":"if","locations":[{"start":{"line":240,"column":0},"end":{"line":242,"column":null}},{"start":{"line":240,"column":0},"end":{"line":242,"column":null}}]},"6":{"loc":{"start":{"line":263,"column":0},"end":{"line":283,"column":null}},"type":"if","locations":[{"start":{"line":263,"column":0},"end":{"line":283,"column":null}},{"start":{"line":263,"column":0},"end":{"line":283,"column":null}}]},"7":{"loc":{"start":{"line":266,"column":0},"end":{"line":273,"column":null}},"type":"if","locations":[{"start":{"line":266,"column":0},"end":{"line":273,"column":null}},{"start":{"line":266,"column":0},"end":{"line":273,"column":null}}]},"8":{"loc":{"start":{"line":287,"column":0},"end":{"line":289,"column":null}},"type":"if","locations":[{"start":{"line":287,"column":0},"end":{"line":289,"column":null}},{"start":{"line":287,"column":0},"end":{"line":289,"column":null}}]},"9":{"loc":{"start":{"line":311,"column":0},"end":{"line":331,"column":null}},"type":"if","locations":[{"start":{"line":311,"column":0},"end":{"line":331,"column":null}},{"start":{"line":311,"column":0},"end":{"line":331,"column":null}}]},"10":{"loc":{"start":{"line":314,"column":0},"end":{"line":321,"column":null}},"type":"if","locations":[{"start":{"line":314,"column":0},"end":{"line":321,"column":null}},{"start":{"line":314,"column":0},"end":{"line":321,"column":null}}]}},"s":{"0":2,"1":2,"2":2,"3":0,"4":0,"5":0,"6":0,"7":0,"8":0,"9":0,"10":0,"11":0,"12":0,"13":0,"14":0,"15":0,"16":0,"17":0,"18":0,"19":0,"20":0,"21":0,"22":0,"23":0,"24":0,"25":0,"26":0,"27":0,"28":0,"29":0,"30":0,"31":0,"32":0,"33":0,"34":0,"35":0,"36":0,"37":0,"38":0,"39":0,"40":0,"41":0,"42":0,"43":0,"44":0,"45":0,"46":0,"47":0,"48":0,"49":0,"50":0,"51":0,"52":0,"53":0,"54":0,"55":0,"56":0,"57":0,"58":0,"59":0,"60":0,"61":0,"62":0,"63":0,"64":0,"65":0,"66":0,"67":0,"68":0,"69":0,"70":0,"71":0,"72":0,"73":0,"74":0,"75":0,"76":0,"77":0,"78":0,"79":0,"80":0,"81":0,"82":0,"83":0,"84":0},"f":{"0":0,"1":0,"2":0,"3":0,"4":0,"5":0,"6":0,"7":0,"8":0,"9":0,"10":0,"11":0,"12":0,"13":0,"14":0,"15":0,"16":0,"17":0,"18":0,"19":0,"20":0,"21":0,"22":0,"23":0},"b":{"0":[0,0],"1":[0,0],"2":[0,0],"3":[0,0],"4":[0,0],"5":[0,0],"6":[0,0],"7":[0,0],"8":[0,0],"9":[0,0],"10":[0,0]}}
,"/home/eladyaniv01/projects/nutrition-front/src/components/EventBox.vue": {"path":"/home/eladyaniv01/projects/nutrition-front/src/components/EventBox.vue","statementMap":{"0":{"start":{"line":85,"column":0},"end":{"line":85,"column":null}},"1":{"start":{"line":86,"column":0},"end":{"line":86,"column":null}},"2":{"start":{"line":87,"column":0},"end":{"line":87,"column":null}},"3":{"start":{"line":88,"column":0},"end":{"line":88,"column":null}},"4":{"start":{"line":89,"column":0},"end":{"line":89,"column":null}},"5":{"start":{"line":90,"column":0},"end":{"line":90,"column":null}},"6":{"start":{"line":101,"column":0},"end":{"line":101,"column":null}},"7":{"start":{"line":111,"column":0},"end":{"line":111,"column":null}},"8":{"start":{"line":113,"column":0},"end":{"line":115,"column":null}},"9":{"start":{"line":114,"column":0},"end":{"line":114,"column":null}},"10":{"start":{"line":116,"column":0},"end":{"line":118,"column":null}},"11":{"start":{"line":117,"column":0},"end":{"line":117,"column":null}},"12":{"start":{"line":119,"column":0},"end":{"line":124,"column":null}},"13":{"start":{"line":120,"column":0},"end":{"line":120,"column":null}},"14":{"start":{"line":121,"column":0},"end":{"line":121,"column":null}},"15":{"start":{"line":123,"column":0},"end":{"line":123,"column":null}},"16":{"start":{"line":125,"column":0},"end":{"line":125,"column":null}},"17":{"start":{"line":126,"column":0},"end":{"line":126,"column":null}},"18":{"start":{"line":129,"column":0},"end":{"line":129,"column":null}},"19":{"start":{"line":133,"column":0},"end":{"line":133,"column":null}},"20":{"start":{"line":142,"column":0},"end":{"line":144,"column":null}},"21":{"start":{"line":143,"column":0},"end":{"line":143,"column":null}},"22":{"start":{"line":145,"column":0},"end":{"line":145,"column":null}},"23":{"start":{"line":148,"column":0},"end":{"line":148,"column":null}},"24":{"start":{"line":149,"column":0},"end":{"line":149,"column":null}},"25":{"start":{"line":153,"column":0},"end":{"line":153,"column":null}},"26":{"start":{"line":156,"column":0},"end":{"line":156,"column":null}},"27":{"start":{"line":157,"column":0},"end":{"line":157,"column":null}},"28":{"start":{"line":161,"column":0},"end":{"line":161,"column":null}},"29":{"start":{"line":164,"column":0},"end":{"line":164,"column":null}},"30":{"start":{"line":166,"column":0},"end":{"line":166,"column":null}},"31":{"start":{"line":169,"column":0},"end":{"line":169,"column":null}},"32":{"start":{"line":171,"column":0},"end":{"line":171,"column":null}},"33":{"start":{"line":175,"column":0},"end":{"line":177,"column":null}},"34":{"start":{"line":176,"column":0},"end":{"line":176,"column":null}},"35":{"start":{"line":178,"column":0},"end":{"line":180,"column":null}},"36":{"start":{"line":179,"column":0},"end":{"line":179,"column":null}},"37":{"start":{"line":182,"column":0},"end":{"line":182,"column":null}},"38":{"start":{"line":185,"column":0},"end":{"line":185,"column":null}}},"fnMap":{"0":{"name":"data","decl":{"start":{"line":100,"column":0},"end":{"line":100,"column":null}},"loc":{"start":{"line":100,"column":0},"end":{"line":102,"column":null}}},"1":{"name":"created","decl":{"start":{"line":103,"column":0},"end":{"line":103,"column":null}},"loc":{"start":{"line":103,"column":0},"end":{"line":105,"column":null}}},"2":{"name":"model","decl":{"start":{"line":107,"column":0},"end":{"line":107,"column":null}},"loc":{"start":{"line":107,"column":0},"end":{"line":107,"column":null}}},"3":{"name":"sortedFields","decl":{"start":{"line":110,"column":0},"end":{"line":110,"column":null}},"loc":{"start":{"line":110,"column":0},"end":{"line":127,"column":null}}},"4":{"name":"(anonymous_5)","decl":{"start":{"line":113,"column":0},"end":{"line":113,"column":null}},"loc":{"start":{"line":113,"column":0},"end":{"line":115,"column":null}}},"5":{"name":"(anonymous_6)","decl":{"start":{"line":116,"column":0},"end":{"line":116,"column":null}},"loc":{"start":{"line":116,"column":0},"end":{"line":118,"column":null}}},"6":{"name":"clientId","decl":{"start":{"line":128,"column":0},"end":{"line":128,"column":null}},"loc":{"start":{"line":128,"column":0},"end":{"line":134,"column":null}}},"7":{"name":"singularize","decl":{"start":{"line":141,"column":0},"end":{"line":141,"column":null}},"loc":{"start":{"line":141,"column":0},"end":{"line":146,"column":null}}},"8":{"name":"eventCount","decl":{"start":{"line":147,"column":0},"end":{"line":147,"column":null}},"loc":{"start":{"line":147,"column":0},"end":{"line":154,"column":null}}},"9":{"name":"menuCount","decl":{"start":{"line":155,"column":0},"end":{"line":155,"column":null}},"loc":{"start":{"line":155,"column":0},"end":{"line":162,"column":null}}},"10":{"name":"clientName","decl":{"start":{"line":163,"column":0},"end":{"line":163,"column":null}},"loc":{"start":{"line":163,"column":0},"end":{"line":167,"column":null}}},"11":{"name":"nutritionistName","decl":{"start":{"line":168,"column":0},"end":{"line":168,"column":null}},"loc":{"start":{"line":168,"column":0},"end":{"line":172,"column":null}}},"12":{"name":"getPath","decl":{"start":{"line":174,"column":0},"end":{"line":174,"column":null}},"loc":{"start":{"line":174,"column":0},"end":{"line":183,"column":null}}},"13":{"name":"getDate","decl":{"start":{"line":184,"column":0},"end":{"line":184,"column":null}},"loc":{"start":{"line":184,"column":0},"end":{"line":186,"column":null}}}},"branchMap":{"0":{"loc":{"start":{"line":117,"column":0},"end":{"line":117,"column":null}},"type":"binary-expr","locations":[{"start":{"line":117,"column":0},"end":{"line":117,"column":null}},{"start":{"line":117,"column":0},"end":{"line":117,"column":null}}]},"1":{"loc":{"start":{"line":119,"column":0},"end":{"line":124,"column":null}},"type":"if","locations":[{"start":{"line":119,"column":0},"end":{"line":124,"column":null}},{"start":{"line":119,"column":0},"end":{"line":124,"column":null}}]},"2":{"loc":{"start":{"line":142,"column":0},"end":{"line":144,"column":null}},"type":"if","locations":[{"start":{"line":142,"column":0},"end":{"line":144,"column":null}},{"start":{"line":142,"column":0},"end":{"line":144,"column":null}}]},"3":{"loc":{"start":{"line":142,"column":0},"end":{"line":142,"column":null}},"type":"binary-expr","locations":[{"start":{"line":142,"column":0},"end":{"line":142,"column":null}},{"start":{"line":142,"column":0},"end":{"line":142,"column":null}}]},"4":{"loc":{"start":{"line":175,"column":0},"end":{"line":177,"column":null}},"type":"if","locations":[{"start":{"line":175,"column":0},"end":{"line":177,"column":null}},{"start":{"line":175,"column":0},"end":{"line":177,"column":null}}]},"5":{"loc":{"start":{"line":175,"column":0},"end":{"line":175,"column":null}},"type":"binary-expr","locations":[{"start":{"line":175,"column":0},"end":{"line":175,"column":null}},{"start":{"line":175,"column":0},"end":{"line":175,"column":null}}]},"6":{"loc":{"start":{"line":178,"column":0},"end":{"line":180,"column":null}},"type":"if","locations":[{"start":{"line":178,"column":0},"end":{"line":180,"column":null}},{"start":{"line":178,"column":0},"end":{"line":180,"column":null}}]}},"s":{"0":0,"1":0,"2":0,"3":0,"4":0,"5":0,"6":0,"7":0,"8":0,"9":0,"10":0,"11":0,"12":0,"13":0,"14":0,"15":0,"16":0,"17":0,"18":0,"19":0,"20":0,"21":0,"22":0,"23":0,"24":0,"25":0,"26":0,"27":0,"28":0,"29":0,"30":0,"31":0,"32":0,"33":0,"34":0,"35":0,"36":0,"37":0,"38":0},"f":{"0":0,"1":0,"2":0,"3":0,"4":0,"5":0,"6":0,"7":0,"8":0,"9":0,"10":0,"11":0,"12":0,"13":0},"b":{"0":[0,0],"1":[0,0],"2":[0,0],"3":[0,0],"4":[0,0],"5":[0,0],"6":[0,0]}}
,"/home/eladyaniv01/projects/nutrition-front/src/components/MenuBox.vue": {"path":"/home/eladyaniv01/projects/nutrition-front/src/components/MenuBox.vue","statementMap":{"0":{"start":{"line":79,"column":0},"end":{"line":79,"column":null}},"1":{"start":{"line":80,"column":0},"end":{"line":80,"column":null}},"2":{"start":{"line":81,"column":0},"end":{"line":81,"column":null}},"3":{"start":{"line":82,"column":0},"end":{"line":82,"column":null}},"4":{"start":{"line":83,"column":0},"end":{"line":83,"column":null}},"5":{"start":{"line":84,"column":0},"end":{"line":84,"column":null}},"6":{"start":{"line":95,"column":0},"end":{"line":95,"column":null}},"7":{"start":{"line":105,"column":0},"end":{"line":105,"column":null}},"8":{"start":{"line":107,"column":0},"end":{"line":109,"column":null}},"9":{"start":{"line":108,"column":0},"end":{"line":108,"column":null}},"10":{"start":{"line":110,"column":0},"end":{"line":112,"column":null}},"11":{"start":{"line":111,"column":0},"end":{"line":111,"column":null}},"12":{"start":{"line":113,"column":0},"end":{"line":118,"column":null}},"13":{"start":{"line":114,"column":0},"end":{"line":114,"column":null}},"14":{"start":{"line":115,"column":0},"end":{"line":115,"column":null}},"15":{"start":{"line":117,"column":0},"end":{"line":117,"column":null}},"16":{"start":{"line":119,"column":0},"end":{"line":119,"column":null}},"17":{"start":{"line":120,"column":0},"end":{"line":120,"column":null}},"18":{"start":{"line":123,"column":0},"end":{"line":123,"column":null}},"19":{"start":{"line":127,"column":0},"end":{"line":127,"column":null}},"20":{"start":{"line":136,"column":0},"end":{"line":138,"column":null}},"21":{"start":{"line":137,"column":0},"end":{"line":137,"column":null}},"22":{"start":{"line":139,"column":0},"end":{"line":139,"column":null}},"23":{"start":{"line":142,"column":0},"end":{"line":142,"column":null}},"24":{"start":{"line":143,"column":0},"end":{"line":143,"column":null}},"25":{"start":{"line":147,"column":0},"end":{"line":147,"column":null}},"26":{"start":{"line":150,"column":0},"end":{"line":150,"column":null}},"27":{"start":{"line":151,"column":0},"end":{"line":151,"column":null}},"28":{"start":{"line":155,"column":0},"end":{"line":155,"column":null}},"29":{"start":{"line":158,"column":0},"end":{"line":158,"column":null}},"30":{"start":{"line":160,"column":0},"end":{"line":160,"column":null}},"31":{"start":{"line":163,"column":0},"end":{"line":163,"column":null}},"32":{"start":{"line":165,"column":0},"end":{"line":165,"column":null}},"33":{"start":{"line":169,"column":0},"end":{"line":171,"column":null}},"34":{"start":{"line":170,"column":0},"end":{"line":170,"column":null}},"35":{"start":{"line":172,"column":0},"end":{"line":174,"column":null}},"36":{"start":{"line":173,"column":0},"end":{"line":173,"column":null}},"37":{"start":{"line":176,"column":0},"end":{"line":176,"column":null}},"38":{"start":{"line":179,"column":0},"end":{"line":179,"column":null}}},"fnMap":{"0":{"name":"data","decl":{"start":{"line":94,"column":0},"end":{"line":94,"column":null}},"loc":{"start":{"line":94,"column":0},"end":{"line":96,"column":null}}},"1":{"name":"created","decl":{"start":{"line":97,"column":0},"end":{"line":97,"column":null}},"loc":{"start":{"line":97,"column":0},"end":{"line":99,"column":null}}},"2":{"name":"model","decl":{"start":{"line":101,"column":0},"end":{"line":101,"column":null}},"loc":{"start":{"line":101,"column":0},"end":{"line":101,"column":null}}},"3":{"name":"sortedFields","decl":{"start":{"line":104,"column":0},"end":{"line":104,"column":null}},"loc":{"start":{"line":104,"column":0},"end":{"line":121,"column":null}}},"4":{"name":"(anonymous_5)","decl":{"start":{"line":107,"column":0},"end":{"line":107,"column":null}},"loc":{"start":{"line":107,"column":0},"end":{"line":109,"column":null}}},"5":{"name":"(anonymous_6)","decl":{"start":{"line":110,"column":0},"end":{"line":110,"column":null}},"loc":{"start":{"line":110,"column":0},"end":{"line":112,"column":null}}},"6":{"name":"clientId","decl":{"start":{"line":122,"column":0},"end":{"line":122,"column":null}},"loc":{"start":{"line":122,"column":0},"end":{"line":128,"column":null}}},"7":{"name":"singularize","decl":{"start":{"line":135,"column":0},"end":{"line":135,"column":null}},"loc":{"start":{"line":135,"column":0},"end":{"line":140,"column":null}}},"8":{"name":"eventCount","decl":{"start":{"line":141,"column":0},"end":{"line":141,"column":null}},"loc":{"start":{"line":141,"column":0},"end":{"line":148,"column":null}}},"9":{"name":"menuCount","decl":{"start":{"line":149,"column":0},"end":{"line":149,"column":null}},"loc":{"start":{"line":149,"column":0},"end":{"line":156,"column":null}}},"10":{"name":"clientName","decl":{"start":{"line":157,"column":0},"end":{"line":157,"column":null}},"loc":{"start":{"line":157,"column":0},"end":{"line":161,"column":null}}},"11":{"name":"nutritionistName","decl":{"start":{"line":162,"column":0},"end":{"line":162,"column":null}},"loc":{"start":{"line":162,"column":0},"end":{"line":166,"column":null}}},"12":{"name":"getPath","decl":{"start":{"line":168,"column":0},"end":{"line":168,"column":null}},"loc":{"start":{"line":168,"column":0},"end":{"line":177,"column":null}}},"13":{"name":"getDate","decl":{"start":{"line":178,"column":0},"end":{"line":178,"column":null}},"loc":{"start":{"line":178,"column":0},"end":{"line":180,"column":null}}}},"branchMap":{"0":{"loc":{"start":{"line":111,"column":0},"end":{"line":111,"column":null}},"type":"binary-expr","locations":[{"start":{"line":111,"column":0},"end":{"line":111,"column":null}},{"start":{"line":111,"column":0},"end":{"line":111,"column":null}}]},"1":{"loc":{"start":{"line":113,"column":0},"end":{"line":118,"column":null}},"type":"if","locations":[{"start":{"line":113,"column":0},"end":{"line":118,"column":null}},{"start":{"line":113,"column":0},"end":{"line":118,"column":null}}]},"2":{"loc":{"start":{"line":136,"column":0},"end":{"line":138,"column":null}},"type":"if","locations":[{"start":{"line":136,"column":0},"end":{"line":138,"column":null}},{"start":{"line":136,"column":0},"end":{"line":138,"column":null}}]},"3":{"loc":{"start":{"line":136,"column":0},"end":{"line":136,"column":null}},"type":"binary-expr","locations":[{"start":{"line":136,"column":0},"end":{"line":136,"column":null}},{"start":{"line":136,"column":0},"end":{"line":136,"column":null}}]},"4":{"loc":{"start":{"line":169,"column":0},"end":{"line":171,"column":null}},"type":"if","locations":[{"start":{"line":169,"column":0},"end":{"line":171,"column":null}},{"start":{"line":169,"column":0},"end":{"line":171,"column":null}}]},"5":{"loc":{"start":{"line":169,"column":0},"end":{"line":169,"column":null}},"type":"binary-expr","locations":[{"start":{"line":169,"column":0},"end":{"line":169,"column":null}},{"start":{"line":169,"column":0},"end":{"line":169,"column":null}}]},"6":{"loc":{"start":{"line":172,"column":0},"end":{"line":174,"column":null}},"type":"if","locations":[{"start":{"line":172,"column":0},"end":{"line":174,"column":null}},{"start":{"line":172,"column":0},"end":{"line":174,"column":null}}]}},"s":{"0":0,"1":0,"2":0,"3":0,"4":0,"5":0,"6":0,"7":0,"8":0,"9":0,"10":0,"11":0,"12":0,"13":0,"14":0,"15":0,"16":0,"17":0,"18":0,"19":0,"20":0,"21":0,"22":0,"23":0,"24":0,"25":0,"26":0,"27":0,"28":0,"29":0,"30":0,"31":0,"32":0,"33":0,"34":0,"35":0,"36":0,"37":0,"38":0},"f":{"0":0,"1":0,"2":0,"3":0,"4":0,"5":0,"6":0,"7":0,"8":0,"9":0,"10":0,"11":0,"12":0,"13":0},"b":{"0":[0,0],"1":[0,0],"2":[0,0],"3":[0,0],"4":[0,0],"5":[0,0],"6":[0,0]}}
,"/home/eladyaniv01/projects/nutrition-front/src/components/MinBox.vue": {"path":"/home/eladyaniv01/projects/nutrition-front/src/components/MinBox.vue","statementMap":{"0":{"start":{"line":97,"column":0},"end":{"line":97,"column":null}},"1":{"start":{"line":98,"column":0},"end":{"line":98,"column":null}},"2":{"start":{"line":99,"column":0},"end":{"line":99,"column":null}},"3":{"start":{"line":100,"column":0},"end":{"line":100,"column":null}},"4":{"start":{"line":101,"column":0},"end":{"line":101,"column":null}},"5":{"start":{"line":102,"column":0},"end":{"line":102,"column":null}},"6":{"start":{"line":113,"column":0},"end":{"line":113,"column":null}},"7":{"start":{"line":123,"column":0},"end":{"line":123,"column":null}},"8":{"start":{"line":125,"column":0},"end":{"line":127,"column":null}},"9":{"start":{"line":126,"column":0},"end":{"line":126,"column":null}},"10":{"start":{"line":128,"column":0},"end":{"line":130,"column":null}},"11":{"start":{"line":129,"column":0},"end":{"line":129,"column":null}},"12":{"start":{"line":131,"column":0},"end":{"line":136,"column":null}},"13":{"start":{"line":132,"column":0},"end":{"line":132,"column":null}},"14":{"start":{"line":133,"column":0},"end":{"line":133,"column":null}},"15":{"start":{"line":135,"column":0},"end":{"line":135,"column":null}},"16":{"start":{"line":137,"column":0},"end":{"line":137,"column":null}},"17":{"start":{"line":138,"column":0},"end":{"line":138,"column":null}},"18":{"start":{"line":141,"column":0},"end":{"line":141,"column":null}},"19":{"start":{"line":145,"column":0},"end":{"line":145,"column":null}},"20":{"start":{"line":154,"column":0},"end":{"line":156,"column":null}},"21":{"start":{"line":155,"column":0},"end":{"line":155,"column":null}},"22":{"start":{"line":157,"column":0},"end":{"line":157,"column":null}},"23":{"start":{"line":160,"column":0},"end":{"line":160,"column":null}},"24":{"start":{"line":161,"column":0},"end":{"line":161,"column":null}},"25":{"start":{"line":165,"column":0},"end":{"line":165,"column":null}},"26":{"start":{"line":168,"column":0},"end":{"line":168,"column":null}},"27":{"start":{"line":169,"column":0},"end":{"line":169,"column":null}},"28":{"start":{"line":173,"column":0},"end":{"line":173,"column":null}},"29":{"start":{"line":176,"column":0},"end":{"line":176,"column":null}},"30":{"start":{"line":177,"column":0},"end":{"line":177,"column":null}},"31":{"start":{"line":181,"column":0},"end":{"line":181,"column":null}},"32":{"start":{"line":184,"column":0},"end":{"line":184,"column":null}},"33":{"start":{"line":186,"column":0},"end":{"line":186,"column":null}},"34":{"start":{"line":189,"column":0},"end":{"line":189,"column":null}},"35":{"start":{"line":191,"column":0},"end":{"line":191,"column":null}},"36":{"start":{"line":195,"column":0},"end":{"line":197,"column":null}},"37":{"start":{"line":196,"column":0},"end":{"line":196,"column":null}},"38":{"start":{"line":198,"column":0},"end":{"line":200,"column":null}},"39":{"start":{"line":199,"column":0},"end":{"line":199,"column":null}},"40":{"start":{"line":202,"column":0},"end":{"line":202,"column":null}},"41":{"start":{"line":205,"column":0},"end":{"line":205,"column":null}}},"fnMap":{"0":{"name":"data","decl":{"start":{"line":112,"column":0},"end":{"line":112,"column":null}},"loc":{"start":{"line":112,"column":0},"end":{"line":114,"column":null}}},"1":{"name":"created","decl":{"start":{"line":115,"column":0},"end":{"line":115,"column":null}},"loc":{"start":{"line":115,"column":0},"end":{"line":117,"column":null}}},"2":{"name":"model","decl":{"start":{"line":119,"column":0},"end":{"line":119,"column":null}},"loc":{"start":{"line":119,"column":0},"end":{"line":119,"column":null}}},"3":{"name":"sortedFields","decl":{"start":{"line":122,"column":0},"end":{"line":122,"column":null}},"loc":{"start":{"line":122,"column":0},"end":{"line":139,"column":null}}},"4":{"name":"(anonymous_5)","decl":{"start":{"line":125,"column":0},"end":{"line":125,"column":null}},"loc":{"start":{"line":125,"column":0},"end":{"line":127,"column":null}}},"5":{"name":"(anonymous_6)","decl":{"start":{"line":128,"column":0},"end":{"line":128,"column":null}},"loc":{"start":{"line":128,"column":0},"end":{"line":130,"column":null}}},"6":{"name":"clientId","decl":{"start":{"line":140,"column":0},"end":{"line":140,"column":null}},"loc":{"start":{"line":140,"column":0},"end":{"line":146,"column":null}}},"7":{"name":"singularize","decl":{"start":{"line":153,"column":0},"end":{"line":153,"column":null}},"loc":{"start":{"line":153,"column":0},"end":{"line":158,"column":null}}},"8":{"name":"eventCount","decl":{"start":{"line":159,"column":0},"end":{"line":159,"column":null}},"loc":{"start":{"line":159,"column":0},"end":{"line":166,"column":null}}},"9":{"name":"noteCount","decl":{"start":{"line":167,"column":0},"end":{"line":167,"column":null}},"loc":{"start":{"line":167,"column":0},"end":{"line":174,"column":null}}},"10":{"name":"menuCount","decl":{"start":{"line":175,"column":0},"end":{"line":175,"column":null}},"loc":{"start":{"line":175,"column":0},"end":{"line":182,"column":null}}},"11":{"name":"clientName","decl":{"start":{"line":183,"column":0},"end":{"line":183,"column":null}},"loc":{"start":{"line":183,"column":0},"end":{"line":187,"column":null}}},"12":{"name":"nutritionistName","decl":{"start":{"line":188,"column":0},"end":{"line":188,"column":null}},"loc":{"start":{"line":188,"column":0},"end":{"line":192,"column":null}}},"13":{"name":"getPath","decl":{"start":{"line":194,"column":0},"end":{"line":194,"column":null}},"loc":{"start":{"line":194,"column":0},"end":{"line":203,"column":null}}},"14":{"name":"getDate","decl":{"start":{"line":204,"column":0},"end":{"line":204,"column":null}},"loc":{"start":{"line":204,"column":0},"end":{"line":206,"column":null}}}},"branchMap":{"0":{"loc":{"start":{"line":129,"column":0},"end":{"line":129,"column":null}},"type":"binary-expr","locations":[{"start":{"line":129,"column":0},"end":{"line":129,"column":null}},{"start":{"line":129,"column":0},"end":{"line":129,"column":null}}]},"1":{"loc":{"start":{"line":131,"column":0},"end":{"line":136,"column":null}},"type":"if","locations":[{"start":{"line":131,"column":0},"end":{"line":136,"column":null}},{"start":{"line":131,"column":0},"end":{"line":136,"column":null}}]},"2":{"loc":{"start":{"line":154,"column":0},"end":{"line":156,"column":null}},"type":"if","locations":[{"start":{"line":154,"column":0},"end":{"line":156,"column":null}},{"start":{"line":154,"column":0},"end":{"line":156,"column":null}}]},"3":{"loc":{"start":{"line":154,"column":0},"end":{"line":154,"column":null}},"type":"binary-expr","locations":[{"start":{"line":154,"column":0},"end":{"line":154,"column":null}},{"start":{"line":154,"column":0},"end":{"line":154,"column":null}}]},"4":{"loc":{"start":{"line":195,"column":0},"end":{"line":197,"column":null}},"type":"if","locations":[{"start":{"line":195,"column":0},"end":{"line":197,"column":null}},{"start":{"line":195,"column":0},"end":{"line":197,"column":null}}]},"5":{"loc":{"start":{"line":195,"column":0},"end":{"line":195,"column":null}},"type":"binary-expr","locations":[{"start":{"line":195,"column":0},"end":{"line":195,"column":null}},{"start":{"line":195,"column":0},"end":{"line":195,"column":null}}]},"6":{"loc":{"start":{"line":198,"column":0},"end":{"line":200,"column":null}},"type":"if","locations":[{"start":{"line":198,"column":0},"end":{"line":200,"column":null}},{"start":{"line":198,"column":0},"end":{"line":200,"column":null}}]}},"s":{"0":0,"1":0,"2":0,"3":0,"4":0,"5":0,"6":0,"7":0,"8":0,"9":0,"10":0,"11":0,"12":0,"13":0,"14":0,"15":0,"16":0,"17":0,"18":0,"19":0,"20":0,"21":0,"22":0,"23":0,"24":0,"25":0,"26":0,"27":0,"28":0,"29":0,"30":0,"31":0,"32":0,"33":0,"34":0,"35":0,"36":0,"37":0,"38":0,"39":0,"40":0,"41":0},"f":{"0":0,"1":0,"2":0,"3":0,"4":0,"5":0,"6":0,"7":0,"8":0,"9":0,"10":0,"11":0,"12":0,"13":0,"14":0},"b":{"0":[0,0],"1":[0,0],"2":[0,0],"3":[0,0],"4":[0,0],"5":[0,0],"6":[0,0]}}
,"/home/eladyaniv01/projects/nutrition-front/src/components/Playground.vue": {"path":"/home/eladyaniv01/projects/nutrition-front/src/components/Playground.vue","statementMap":{"0":{"start":{"line":78,"column":0},"end":{"line":78,"column":null}},"1":{"start":{"line":79,"column":0},"end":{"line":79,"column":null}},"2":{"start":{"line":83,"column":0},"end":{"line":83,"column":null}},"3":{"start":{"line":88,"column":0},"end":{"line":93,"column":null}},"4":{"start":{"line":89,"column":0},"end":{"line":89,"column":null}},"5":{"start":{"line":90,"column":0},"end":{"line":90,"column":null}},"6":{"start":{"line":91,"column":0},"end":{"line":91,"column":null}},"7":{"start":{"line":92,"column":0},"end":{"line":92,"column":null}},"8":{"start":{"line":97,"column":0},"end":{"line":97,"column":null}},"9":{"start":{"line":98,"column":0},"end":{"line":98,"column":null}},"10":{"start":{"line":99,"column":0},"end":{"line":99,"column":null}},"11":{"start":{"line":100,"column":0},"end":{"line":100,"column":null}},"12":{"start":{"line":103,"column":0},"end":{"line":103,"column":null}},"13":{"start":{"line":104,"column":0},"end":{"line":104,"column":null}},"14":{"start":{"line":105,"column":0},"end":{"line":105,"column":null}},"15":{"start":{"line":106,"column":0},"end":{"line":106,"column":null}},"16":{"start":{"line":109,"column":0},"end":{"line":111,"column":null}},"17":{"start":{"line":110,"column":0},"end":{"line":110,"column":null}},"18":{"start":{"line":112,"column":0},"end":{"line":112,"column":null}},"19":{"start":{"line":116,"column":0},"end":{"line":116,"column":null}},"20":{"start":{"line":119,"column":0},"end":{"line":119,"column":null}},"21":{"start":{"line":124,"column":0},"end":{"line":124,"column":null}},"22":{"start":{"line":127,"column":0},"end":{"line":127,"column":null}},"23":{"start":{"line":132,"column":0},"end":{"line":132,"column":null}},"24":{"start":{"line":135,"column":0},"end":{"line":135,"column":null}},"25":{"start":{"line":140,"column":0},"end":{"line":140,"column":null}},"26":{"start":{"line":143,"column":0},"end":{"line":143,"column":null}},"27":{"start":{"line":148,"column":0},"end":{"line":148,"column":null}},"28":{"start":{"line":151,"column":0},"end":{"line":151,"column":null}},"29":{"start":{"line":156,"column":0},"end":{"line":156,"column":null}},"30":{"start":{"line":159,"column":0},"end":{"line":159,"column":null}},"31":{"start":{"line":164,"column":0},"end":{"line":164,"column":null}},"32":{"start":{"line":167,"column":0},"end":{"line":167,"column":null}},"33":{"start":{"line":172,"column":0},"end":{"line":172,"column":null}},"34":{"start":{"line":175,"column":0},"end":{"line":175,"column":null}},"35":{"start":{"line":180,"column":0},"end":{"line":180,"column":null}},"36":{"start":{"line":183,"column":0},"end":{"line":183,"column":null}},"37":{"start":{"line":188,"column":0},"end":{"line":188,"column":null}},"38":{"start":{"line":191,"column":0},"end":{"line":191,"column":null}},"39":{"start":{"line":196,"column":0},"end":{"line":196,"column":null}},"40":{"start":{"line":199,"column":0},"end":{"line":199,"column":null}},"41":{"start":{"line":204,"column":0},"end":{"line":204,"column":null}},"42":{"start":{"line":207,"column":0},"end":{"line":207,"column":null}},"43":{"start":{"line":212,"column":0},"end":{"line":212,"column":null}},"44":{"start":{"line":215,"column":0},"end":{"line":215,"column":null}},"45":{"start":{"line":220,"column":0},"end":{"line":220,"column":null}},"46":{"start":{"line":223,"column":0},"end":{"line":223,"column":null}},"47":{"start":{"line":228,"column":0},"end":{"line":228,"column":null}},"48":{"start":{"line":231,"column":0},"end":{"line":231,"column":null}},"49":{"start":{"line":236,"column":0},"end":{"line":236,"column":null}},"50":{"start":{"line":239,"column":0},"end":{"line":239,"column":null}},"51":{"start":{"line":244,"column":0},"end":{"line":244,"column":null}},"52":{"start":{"line":249,"column":0},"end":{"line":249,"column":null}},"53":{"start":{"line":252,"column":0},"end":{"line":252,"column":null}},"54":{"start":{"line":256,"column":0},"end":{"line":256,"column":null}},"55":{"start":{"line":257,"column":0},"end":{"line":262,"column":null}},"56":{"start":{"line":258,"column":0},"end":{"line":258,"column":null}},"57":{"start":{"line":263,"column":0},"end":{"line":263,"column":null}}},"fnMap":{"0":{"name":"data","decl":{"start":{"line":82,"column":0},"end":{"line":82,"column":null}},"loc":{"start":{"line":82,"column":0},"end":{"line":86,"column":null}}},"1":{"name":"mounted","decl":{"start":{"line":87,"column":0},"end":{"line":87,"column":null}},"loc":{"start":{"line":87,"column":0},"end":{"line":94,"column":null}}},"2":{"name":"leftLabelRange","decl":{"start":{"line":96,"column":0},"end":{"line":96,"column":null}},"loc":{"start":{"line":96,"column":0},"end":{"line":101,"column":null}}},"3":{"name":"rightLabelRange","decl":{"start":{"line":102,"column":0},"end":{"line":102,"column":null}},"loc":{"start":{"line":102,"column":0},"end":{"line":107,"column":null}}},"4":{"name":"displayedLocale","decl":{"start":{"line":108,"column":0},"end":{"line":108,"column":null}},"loc":{"start":{"line":108,"column":0},"end":{"line":113,"column":null}}},"5":{"name":"get","decl":{"start":{"line":115,"column":0},"end":{"line":115,"column":null}},"loc":{"start":{"line":115,"column":0},"end":{"line":117,"column":null}}},"6":{"name":"set","decl":{"start":{"line":118,"column":0},"end":{"line":118,"column":null}},"loc":{"start":{"line":118,"column":0},"end":{"line":120,"column":null}}},"7":{"name":"get","decl":{"start":{"line":123,"column":0},"end":{"line":123,"column":null}},"loc":{"start":{"line":123,"column":0},"end":{"line":125,"column":null}}},"8":{"name":"set","decl":{"start":{"line":126,"column":0},"end":{"line":126,"column":null}},"loc":{"start":{"line":126,"column":0},"end":{"line":128,"column":null}}},"9":{"name":"get","decl":{"start":{"line":131,"column":0},"end":{"line":131,"column":null}},"loc":{"start":{"line":131,"column":0},"end":{"line":133,"column":null}}},"10":{"name":"set","decl":{"start":{"line":134,"column":0},"end":{"line":134,"column":null}},"loc":{"start":{"line":134,"column":0},"end":{"line":136,"column":null}}},"11":{"name":"get","decl":{"start":{"line":139,"column":0},"end":{"line":139,"column":null}},"loc":{"start":{"line":139,"column":0},"end":{"line":141,"column":null}}},"12":{"name":"set","decl":{"start":{"line":142,"column":0},"end":{"line":142,"column":null}},"loc":{"start":{"line":142,"column":0},"end":{"line":144,"column":null}}},"13":{"name":"get","decl":{"start":{"line":147,"column":0},"end":{"line":147,"column":null}},"loc":{"start":{"line":147,"column":0},"end":{"line":149,"column":null}}},"14":{"name":"set","decl":{"start":{"line":150,"column":0},"end":{"line":150,"column":null}},"loc":{"start":{"line":150,"column":0},"end":{"line":152,"column":null}}},"15":{"name":"get","decl":{"start":{"line":155,"column":0},"end":{"line":155,"column":null}},"loc":{"start":{"line":155,"column":0},"end":{"line":157,"column":null}}},"16":{"name":"set","decl":{"start":{"line":158,"column":0},"end":{"line":158,"column":null}},"loc":{"start":{"line":158,"column":0},"end":{"line":160,"column":null}}},"17":{"name":"get","decl":{"start":{"line":163,"column":0},"end":{"line":163,"column":null}},"loc":{"start":{"line":163,"column":0},"end":{"line":165,"column":null}}},"18":{"name":"set","decl":{"start":{"line":166,"column":0},"end":{"line":166,"column":null}},"loc":{"start":{"line":166,"column":0},"end":{"line":168,"column":null}}},"19":{"name":"get","decl":{"start":{"line":171,"column":0},"end":{"line":171,"column":null}},"loc":{"start":{"line":171,"column":0},"end":{"line":173,"column":null}}},"20":{"name":"set","decl":{"start":{"line":174,"column":0},"end":{"line":174,"column":null}},"loc":{"start":{"line":174,"column":0},"end":{"line":176,"column":null}}},"21":{"name":"get","decl":{"start":{"line":179,"column":0},"end":{"line":179,"column":null}},"loc":{"start":{"line":179,"column":0},"end":{"line":181,"column":null}}},"22":{"name":"set","decl":{"start":{"line":182,"column":0},"end":{"line":182,"column":null}},"loc":{"start":{"line":182,"column":0},"end":{"line":184,"column":null}}},"23":{"name":"get","decl":{"start":{"line":187,"column":0},"end":{"line":187,"column":null}},"loc":{"start":{"line":187,"column":0},"end":{"line":189,"column":null}}},"24":{"name":"set","decl":{"start":{"line":190,"column":0},"end":{"line":190,"column":null}},"loc":{"start":{"line":190,"column":0},"end":{"line":192,"column":null}}},"25":{"name":"get","decl":{"start":{"line":195,"column":0},"end":{"line":195,"column":null}},"loc":{"start":{"line":195,"column":0},"end":{"line":197,"column":null}}},"26":{"name":"set","decl":{"start":{"line":198,"column":0},"end":{"line":198,"column":null}},"loc":{"start":{"line":198,"column":0},"end":{"line":200,"column":null}}},"27":{"name":"get","decl":{"start":{"line":203,"column":0},"end":{"line":203,"column":null}},"loc":{"start":{"line":203,"column":0},"end":{"line":205,"column":null}}},"28":{"name":"set","decl":{"start":{"line":206,"column":0},"end":{"line":206,"column":null}},"loc":{"start":{"line":206,"column":0},"end":{"line":208,"column":null}}},"29":{"name":"get","decl":{"start":{"line":211,"column":0},"end":{"line":211,"column":null}},"loc":{"start":{"line":211,"column":0},"end":{"line":213,"column":null}}},"30":{"name":"set","decl":{"start":{"line":214,"column":0},"end":{"line":214,"column":null}},"loc":{"start":{"line":214,"column":0},"end":{"line":216,"column":null}}},"31":{"name":"get","decl":{"start":{"line":219,"column":0},"end":{"line":219,"column":null}},"loc":{"start":{"line":219,"column":0},"end":{"line":221,"column":null}}},"32":{"name":"set","decl":{"start":{"line":222,"column":0},"end":{"line":222,"column":null}},"loc":{"start":{"line":222,"column":0},"end":{"line":224,"column":null}}},"33":{"name":"get","decl":{"start":{"line":227,"column":0},"end":{"line":227,"column":null}},"loc":{"start":{"line":227,"column":0},"end":{"line":229,"column":null}}},"34":{"name":"set","decl":{"start":{"line":230,"column":0},"end":{"line":230,"column":null}},"loc":{"start":{"line":230,"column":0},"end":{"line":232,"column":null}}},"35":{"name":"get","decl":{"start":{"line":235,"column":0},"end":{"line":235,"column":null}},"loc":{"start":{"line":235,"column":0},"end":{"line":237,"column":null}}},"36":{"name":"set","decl":{"start":{"line":238,"column":0},"end":{"line":238,"column":null}},"loc":{"start":{"line":238,"column":0},"end":{"line":240,"column":null}}},"37":{"name":"get","decl":{"start":{"line":243,"column":0},"end":{"line":243,"column":null}},"loc":{"start":{"line":243,"column":0},"end":{"line":245,"column":null}}},"38":{"name":"get","decl":{"start":{"line":248,"column":0},"end":{"line":248,"column":null}},"loc":{"start":{"line":248,"column":0},"end":{"line":250,"column":null}}},"39":{"name":"set","decl":{"start":{"line":251,"column":0},"end":{"line":251,"column":null}},"loc":{"start":{"line":251,"column":0},"end":{"line":253,"column":null}}},"40":{"name":"themesList","decl":{"start":{"line":255,"column":0},"end":{"line":255,"column":null}},"loc":{"start":{"line":255,"column":0},"end":{"line":264,"column":null}}},"41":{"name":"(anonymous_42)","decl":{"start":{"line":257,"column":0},"end":{"line":257,"column":null}},"loc":{"start":{"line":257,"column":0},"end":{"line":262,"column":null}}}},"branchMap":{"0":{"loc":{"start":{"line":88,"column":0},"end":{"line":93,"column":null}},"type":"if","locations":[{"start":{"line":88,"column":0},"end":{"line":93,"column":null}},{"start":{"line":88,"column":0},"end":{"line":93,"column":null}}]},"1":{"loc":{"start":{"line":100,"column":0},"end":{"line":100,"column":null}},"type":"cond-expr","locations":[{"start":{"line":100,"column":0},"end":{"line":100,"column":null}},{"start":{"line":100,"column":0},"end":{"line":100,"column":null}}]},"2":{"loc":{"start":{"line":106,"column":0},"end":{"line":106,"column":null}},"type":"cond-expr","locations":[{"start":{"line":106,"column":0},"end":{"line":106,"column":null}},{"start":{"line":106,"column":0},"end":{"line":106,"column":null}}]},"3":{"loc":{"start":{"line":109,"column":0},"end":{"line":111,"column":null}},"type":"if","locations":[{"start":{"line":109,"column":0},"end":{"line":111,"column":null}},{"start":{"line":109,"column":0},"end":{"line":111,"column":null}}]},"4":{"loc":{"start":{"line":109,"column":0},"end":{"line":109,"column":null}},"type":"binary-expr","locations":[{"start":{"line":109,"column":0},"end":{"line":109,"column":null}},{"start":{"line":109,"column":0},"end":{"line":109,"column":null}}]}},"s":{"0":0,"1":0,"2":0,"3":0,"4":0,"5":0,"6":0,"7":0,"8":0,"9":0,"10":0,"11":0,"12":0,"13":0,"14":0,"15":0,"16":0,"17":0,"18":0,"19":0,"20":0,"21":0,"22":0,"23":0,"24":0,"25":0,"26":0,"27":0,"28":0,"29":0,"30":0,"31":0,"32":0,"33":0,"34":0,"35":0,"36":0,"37":0,"38":0,"39":0,"40":0,"41":0,"42":0,"43":0,"44":0,"45":0,"46":0,"47":0,"48":0,"49":0,"50":0,"51":0,"52":0,"53":0,"54":0,"55":0,"56":0,"57":0},"f":{"0":0,"1":0,"2":0,"3":0,"4":0,"5":0,"6":0,"7":0,"8":0,"9":0,"10":0,"11":0,"12":0,"13":0,"14":0,"15":0,"16":0,"17":0,"18":0,"19":0,"20":0,"21":0,"22":0,"23":0,"24":0,"25":0,"26":0,"27":0,"28":0,"29":0,"30":0,"31":0,"32":0,"33":0,"34":0,"35":0,"36":0,"37":0,"38":0,"39":0,"40":0,"41":0},"b":{"0":[0,0],"1":[0,0],"2":[0,0],"3":[0,0],"4":[0,0]}}
,"/home/eladyaniv01/projects/nutrition-front/src/components/index.js": {"path":"/home/eladyaniv01/projects/nutrition-front/src/components/index.js","statementMap":{},"fnMap":{},"branchMap":{},"s":{},"f":{},"b":{},"hash":"5b6e274b8ceb6883d6719b49c0840f2ce3ddf45c"}
,"/home/eladyaniv01/projects/nutrition-front/src/components/Form/ProfileForm.vue": {"path":"/home/eladyaniv01/projects/nutrition-front/src/components/Form/ProfileForm.vue","statementMap":{"0":{"start":{"line":13,"column":0},"end":{"line":13,"column":null}},"1":{"start":{"line":20,"column":0},"end":{"line":20,"column":null}}},"fnMap":{"0":{"name":"data","decl":{"start":{"line":19,"column":0},"end":{"line":19,"column":null}},"loc":{"start":{"line":19,"column":0},"end":{"line":35,"column":null}}}},"branchMap":{},"s":{"0":0,"1":0},"f":{"0":0},"b":{}}
,"/home/eladyaniv01/projects/nutrition-front/src/components/Form/ProfileFormCard.vue": {"path":"/home/eladyaniv01/projects/nutrition-front/src/components/Form/ProfileFormCard.vue","statementMap":{"0":{"start":{"line":22,"column":0},"end":{"line":22,"column":null}},"1":{"start":{"line":23,"column":0},"end":{"line":23,"column":null}},"2":{"start":{"line":24,"column":0},"end":{"line":24,"column":null}},"3":{"start":{"line":30,"column":0},"end":{"line":30,"column":null}},"4":{"start":{"line":31,"column":0},"end":{"line":31,"column":null}},"5":{"start":{"line":43,"column":0},"end":{"line":43,"column":null}},"6":{"start":{"line":47,"column":0},"end":{"line":47,"column":null}},"7":{"start":{"line":48,"column":0},"end":{"line":48,"column":null}},"8":{"start":{"line":49,"column":0},"end":{"line":49,"column":null}},"9":{"start":{"line":52,"column":0},"end":{"line":54,"column":null}},"10":{"start":{"line":53,"column":0},"end":{"line":53,"column":null}},"11":{"start":{"line":55,"column":0},"end":{"line":57,"column":null}},"12":{"start":{"line":56,"column":0},"end":{"line":56,"column":null}},"13":{"start":{"line":58,"column":0},"end":{"line":58,"column":null}},"14":{"start":{"line":68,"column":0},"end":{"line":68,"column":null}},"15":{"start":{"line":73,"column":0},"end":{"line":73,"column":null}},"16":{"start":{"line":78,"column":0},"end":{"line":78,"column":null}},"17":{"start":{"line":81,"column":0},"end":{"line":81,"column":null}},"18":{"start":{"line":83,"column":0},"end":{"line":83,"column":null}},"19":{"start":{"line":85,"column":0},"end":{"line":85,"column":null}},"20":{"start":{"line":87,"column":0},"end":{"line":87,"column":null}},"21":{"start":{"line":89,"column":0},"end":{"line":89,"column":null}},"22":{"start":{"line":90,"column":0},"end":{"line":90,"column":null}},"23":{"start":{"line":91,"column":0},"end":{"line":91,"column":null}},"24":{"start":{"line":92,"column":0},"end":{"line":92,"column":null}},"25":{"start":{"line":93,"column":0},"end":{"line":93,"column":null}},"26":{"start":{"line":94,"column":0},"end":{"line":94,"column":null}},"27":{"start":{"line":95,"column":0},"end":{"line":95,"column":null}},"28":{"start":{"line":96,"column":0},"end":{"line":96,"column":null}},"29":{"start":{"line":97,"column":0},"end":{"line":97,"column":null}},"30":{"start":{"line":98,"column":0},"end":{"line":98,"column":null}},"31":{"start":{"line":99,"column":0},"end":{"line":99,"column":null}},"32":{"start":{"line":100,"column":0},"end":{"line":100,"column":null}},"33":{"start":{"line":103,"column":0},"end":{"line":103,"column":null}},"34":{"start":{"line":107,"column":0},"end":{"line":107,"column":null}},"35":{"start":{"line":108,"column":0},"end":{"line":108,"column":null}},"36":{"start":{"line":110,"column":0},"end":{"line":110,"column":null}},"37":{"start":{"line":111,"column":0},"end":{"line":111,"column":null}},"38":{"start":{"line":112,"column":0},"end":{"line":112,"column":null}}},"fnMap":{"0":{"name":"data","decl":{"start":{"line":42,"column":0},"end":{"line":42,"column":null}},"loc":{"start":{"line":42,"column":0},"end":{"line":44,"column":null}}},"1":{"name":"user","decl":{"start":{"line":47,"column":0},"end":{"line":47,"column":null}},"loc":{"start":{"line":47,"column":0},"end":{"line":47,"column":null}}},"2":{"name":"username","decl":{"start":{"line":48,"column":0},"end":{"line":48,"column":null}},"loc":{"start":{"line":48,"column":0},"end":{"line":48,"column":null}}},"3":{"name":"nutritionist","decl":{"start":{"line":49,"column":0},"end":{"line":49,"column":null}},"loc":{"start":{"line":49,"column":0},"end":{"line":49,"column":null}}},"4":{"name":"sex","decl":{"start":{"line":51,"column":0},"end":{"line":51,"column":null}},"loc":{"start":{"line":51,"column":0},"end":{"line":59,"column":null}}},"5":{"name":"user","decl":{"start":{"line":67,"column":0},"end":{"line":67,"column":null}},"loc":{"start":{"line":67,"column":0},"end":{"line":71,"column":null}}},"6":{"name":"username","decl":{"start":{"line":72,"column":0},"end":{"line":72,"column":null}},"loc":{"start":{"line":72,"column":0},"end":{"line":76,"column":null}}},"7":{"name":"id","decl":{"start":{"line":77,"column":0},"end":{"line":77,"column":null}},"loc":{"start":{"line":77,"column":0},"end":{"line":79,"column":null}}},"8":{"name":"(anonymous_9)","decl":{"start":{"line":82,"column":0},"end":{"line":82,"column":null}},"loc":{"start":{"line":82,"column":0},"end":{"line":81,"column":null}}},"9":{"name":"_callee","decl":{"start":{"line":81,"column":0},"end":{"line":81,"column":null}},"loc":{"start":{"line":81,"column":0},"end":{"line":81,"column":null}}}},"branchMap":{"0":{"loc":{"start":{"line":52,"column":0},"end":{"line":54,"column":null}},"type":"if","locations":[{"start":{"line":52,"column":0},"end":{"line":54,"column":null}},{"start":{"line":52,"column":0},"end":{"line":54,"column":null}}]},"1":{"loc":{"start":{"line":55,"column":0},"end":{"line":57,"column":null}},"type":"if","locations":[{"start":{"line":55,"column":0},"end":{"line":57,"column":null}},{"start":{"line":55,"column":0},"end":{"line":57,"column":null}}]},"2":{"loc":{"start":{"line":81,"column":0},"end":{"line":81,"column":null}},"type":"switch","locations":[{"start":{"line":81,"column":0},"end":{"line":81,"column":null}},{"start":{"line":81,"column":0},"end":{"line":81,"column":null}},{"start":{"line":81,"column":0},"end":{"line":81,"column":null}},{"start":{"line":81,"column":0},"end":{"line":81,"column":null}},{"start":{"line":81,"column":0},"end":{"line":81,"column":null}},{"start":{"line":81,"column":0},"end":{"line":81,"column":null}}]},"3":{"loc":{"start":{"line":85,"column":0},"end":{"line":85,"column":null}},"type":"binary-expr","locations":[{"start":{"line":85,"column":0},"end":{"line":85,"column":null}},{"start":{"line":85,"column":0},"end":{"line":85,"column":null}}]}},"s":{"0":0,"1":0,"2":0,"3":0,"4":0,"5":0,"6":0,"7":0,"8":0,"9":0,"10":0,"11":0,"12":0,"13":0,"14":0,"15":0,"16":0,"17":0,"18":0,"19":0,"20":0,"21":0,"22":0,"23":0,"24":0,"25":0,"26":0,"27":0,"28":0,"29":0,"30":0,"31":0,"32":0,"33":0,"34":0,"35":0,"36":0,"37":0,"38":0},"f":{"0":0,"1":0,"2":0,"3":0,"4":0,"5":0,"6":0,"7":0,"8":0,"9":0},"b":{"0":[0,0],"1":[0,0],"2":[0,0,0,0,0,0],"3":[0,0]}}
,"/home/eladyaniv01/projects/nutrition-front/src/components/directives/resize.js": {"path":"/home/eladyaniv01/projects/nutrition-front/src/components/directives/resize.js","statementMap":{"0":{"start":{"line":5,"column":21},"end":{"line":5,"column":34}},"1":{"start":{"line":6,"column":20},"end":{"line":6,"column":56}},"2":{"start":{"line":8,"column":4},"end":{"line":8,"column":56}},"3":{"start":{"line":9,"column":4},"end":{"line":12,"column":5}},"4":{"start":{"line":14,"column":4},"end":{"line":16,"column":5}},"5":{"start":{"line":15,"column":6},"end":{"line":15,"column":16}},"6":{"start":{"line":20,"column":4},"end":{"line":20,"column":29}},"7":{"start":{"line":20,"column":23},"end":{"line":20,"column":29}},"8":{"start":{"line":22,"column":34},"end":{"line":22,"column":46}},"9":{"start":{"line":23,"column":4},"end":{"line":23,"column":59}},"10":{"start":{"line":24,"column":4},"end":{"line":24,"column":23}}},"fnMap":{"0":{"name":"(anonymous_0)","decl":{"start":{"line":4,"column":2},"end":{"line":4,"column":3}},"loc":{"start":{"line":4,"column":25},"end":{"line":17,"column":3}},"line":4},"1":{"name":"(anonymous_1)","decl":{"start":{"line":19,"column":2},"end":{"line":19,"column":3}},"loc":{"start":{"line":19,"column":14},"end":{"line":25,"column":3}},"line":19}},"branchMap":{"0":{"loc":{"start":{"line":6,"column":20},"end":{"line":6,"column":56}},"type":"binary-expr","locations":[{"start":{"line":6,"column":20},"end":{"line":6,"column":35}},{"start":{"line":6,"column":39},"end":{"line":6,"column":56}}],"line":6},"1":{"loc":{"start":{"line":14,"column":4},"end":{"line":16,"column":5}},"type":"if","locations":[{"start":{"line":14,"column":4},"end":{"line":16,"column":5}},{"start":{"line":14,"column":4},"end":{"line":16,"column":5}}],"line":14},"2":{"loc":{"start":{"line":14,"column":8},"end":{"line":14,"column":54}},"type":"binary-expr","locations":[{"start":{"line":14,"column":8},"end":{"line":14,"column":26}},{"start":{"line":14,"column":30},"end":{"line":14,"column":54}}],"line":14},"3":{"loc":{"start":{"line":20,"column":4},"end":{"line":20,"column":29}},"type":"if","locations":[{"start":{"line":20,"column":4},"end":{"line":20,"column":29}},{"start":{"line":20,"column":4},"end":{"line":20,"column":29}}],"line":20}},"s":{"0":0,"1":0,"2":0,"3":0,"4":0,"5":0,"6":0,"7":0,"8":0,"9":0,"10":0},"f":{"0":0,"1":0},"b":{"0":[0,0],"1":[0,0],"2":[0,0],"3":[0,0]},"hash":"43bb8334e26d0740c2151587dc8d5b4e694e75c9"}
,"/home/eladyaniv01/projects/nutrition-front/src/components/mixins/calendar-base.js": {"path":"/home/eladyaniv01/projects/nutrition-front/src/components/mixins/calendar-base.js","statementMap":{"0":{"start":{"line":32,"column":21},"end":{"line":32,"column":47}},"1":{"start":{"line":42,"column":4},"end":{"line":45,"column":5}},"2":{"start":{"line":50,"column":6},"end":{"line":50,"column":43}},"3":{"start":{"line":53,"column":6},"end":{"line":53,"column":39}},"4":{"start":{"line":56,"column":6},"end":{"line":56,"column":37}},"5":{"start":{"line":59,"column":6},"end":{"line":64,"column":7}},"6":{"start":{"line":67,"column":22},"end":{"line":67,"column":57}},"7":{"start":{"line":69,"column":6},"end":{"line":72,"column":7}},"8":{"start":{"line":71,"column":26},"end":{"line":71,"column":33}},"9":{"start":{"line":75,"column":26},"end":{"line":75,"column":62}},"10":{"start":{"line":76,"column":27},"end":{"line":76,"column":64}},"11":{"start":{"line":78,"column":6},"end":{"line":81,"column":7}},"12":{"start":{"line":80,"column":25},"end":{"line":80,"column":59}},"13":{"start":{"line":87,"column":6},"end":{"line":92,"column":7}},"14":{"start":{"line":95,"column":6},"end":{"line":95,"column":71}},"15":{"start":{"line":98,"column":6},"end":{"line":98,"column":69}}},"fnMap":{"0":{"name":"(anonymous_0)","decl":{"start":{"line":32,"column":15},"end":{"line":32,"column":16}},"loc":{"start":{"line":32,"column":21},"end":{"line":32,"column":47}},"line":32},"1":{"name":"(anonymous_1)","decl":{"start":{"line":41,"column":2},"end":{"line":41,"column":3}},"loc":{"start":{"line":41,"column":10},"end":{"line":46,"column":3}},"line":41},"2":{"name":"(anonymous_2)","decl":{"start":{"line":49,"column":4},"end":{"line":49,"column":5}},"loc":{"start":{"line":49,"column":20},"end":{"line":51,"column":5}},"line":49},"3":{"name":"(anonymous_3)","decl":{"start":{"line":52,"column":4},"end":{"line":52,"column":5}},"loc":{"start":{"line":52,"column":19},"end":{"line":54,"column":5}},"line":52},"4":{"name":"(anonymous_4)","decl":{"start":{"line":55,"column":4},"end":{"line":55,"column":5}},"loc":{"start":{"line":55,"column":17},"end":{"line":57,"column":5}},"line":55},"5":{"name":"(anonymous_5)","decl":{"start":{"line":58,"column":4},"end":{"line":58,"column":5}},"loc":{"start":{"line":58,"column":12},"end":{"line":65,"column":5}},"line":58},"6":{"name":"(anonymous_6)","decl":{"start":{"line":66,"column":4},"end":{"line":66,"column":5}},"loc":{"start":{"line":66,"column":20},"end":{"line":73,"column":5}},"line":66},"7":{"name":"(anonymous_7)","decl":{"start":{"line":71,"column":8},"end":{"line":71,"column":9}},"loc":{"start":{"line":71,"column":26},"end":{"line":71,"column":33}},"line":71},"8":{"name":"(anonymous_8)","decl":{"start":{"line":74,"column":4},"end":{"line":74,"column":5}},"loc":{"start":{"line":74,"column":24},"end":{"line":82,"column":5}},"line":74},"9":{"name":"(anonymous_9)","decl":{"start":{"line":80,"column":8},"end":{"line":80,"column":9}},"loc":{"start":{"line":80,"column":25},"end":{"line":80,"column":59}},"line":80},"10":{"name":"(anonymous_10)","decl":{"start":{"line":86,"column":4},"end":{"line":86,"column":5}},"loc":{"start":{"line":86,"column":52},"end":{"line":93,"column":5}},"line":86},"11":{"name":"(anonymous_11)","decl":{"start":{"line":94,"column":4},"end":{"line":94,"column":5}},"loc":{"start":{"line":94,"column":31},"end":{"line":96,"column":5}},"line":94},"12":{"name":"(anonymous_12)","decl":{"start":{"line":97,"column":4},"end":{"line":97,"column":5}},"loc":{"start":{"line":97,"column":29},"end":{"line":99,"column":5}},"line":97}},"branchMap":{"0":{"loc":{"start":{"line":80,"column":25},"end":{"line":80,"column":59}},"type":"cond-expr","locations":[{"start":{"line":80,"column":33},"end":{"line":80,"column":45}},{"start":{"line":80,"column":48},"end":{"line":80,"column":59}}],"line":80},"1":{"loc":{"start":{"line":86,"column":35},"end":{"line":86,"column":50}},"type":"default-arg","locations":[{"start":{"line":86,"column":45},"end":{"line":86,"column":50}}],"line":86}},"s":{"0":0,"1":0,"2":0,"3":0,"4":0,"5":0,"6":0,"7":0,"8":0,"9":0,"10":
[...]
,"/home/eladyaniv01/projects/nutrition-front/src/store/scroller/index.js": {"path":"/home/eladyaniv01/projects/nutrition-front/src/store/scroller/index.js","statementMap":{},"fnMap":{},"branchMap":{},"s":{},"f":{},"b":{},"hash":"630023fb0a14fef4eaa24c496e56895fd85cb321"}
,"/home/eladyaniv01/projects/nutrition-front/src/store/scroller/mutations.js": {"path":"/home/eladyaniv01/projects/nutrition-front/src/store/scroller/mutations.js","statementMap":{"0":{"start":{"line":1,"column":20},"end":{"line":3,"column":1}},"1":{"start":{"line":2,"column":2},"end":{"line":2,"column":19}},"2":{"start":{"line":4,"column":22},"end":{"line":6,"column":1}},"3":{"start":{"line":5,"column":2},"end":{"line":5,"column":23}},"4":{"start":{"line":7,"column":30},"end":{"line":9,"column":1}},"5":{"start":{"line":8,"column":2},"end":{"line":8,"column":26}},"6":{"start":{"line":10,"column":27},"end":{"line":12,"column":1}},"7":{"start":{"line":11,"column":2},"end":{"line":11,"column":27}},"8":{"start":{"line":13,"column":24},"end":{"line":15,"column":1}},"9":{"start":{"line":14,"column":2},"end":{"line":14,"column":24}},"10":{"start":{"line":16,"column":21},"end":{"line":18,"column":1}},"11":{"start":{"line":17,"column":2},"end":{"line":17,"column":21}},"12":{"start":{"line":19,"column":31},"end":{"line":21,"column":1}},"13":{"start":{"line":20,"column":2},"end":{"line":20,"column":31}},"14":{"start":{"line":22,"column":26},"end":{"line":24,"column":1}},"15":{"start":{"line":23,"column":2},"end":{"line":23,"column":26}},"16":{"start":{"line":25,"column":36},"end":{"line":27,"column":1}},"17":{"start":{"line":26,"column":2},"end":{"line":26,"column":36}},"18":{"start":{"line":28,"column":24},"end":{"line":30,"column":1}},"19":{"start":{"line":29,"column":2},"end":{"line":29,"column":20}},"20":{"start":{"line":31,"column":24},"end":{"line":33,"column":1}},"21":{"start":{"line":32,"column":2},"end":{"line":32,"column":20}},"22":{"start":{"line":34,"column":21},"end":{"line":36,"column":1}},"23":{"start":{"line":35,"column":2},"end":{"line":35,"column":17}},"24":{"start":{"line":37,"column":23},"end":{"line":39,"column":1}},"25":{"start":{"line":38,"column":2},"end":{"line":38,"column":19}},"26":{"start":{"line":40,"column":24},"end":{"line":42,"column":1}},"27":{"start":{"line":41,"column":2},"end":{"line":41,"column":20}},"28":{"start":{"line":43,"column":24},"end":{"line":45,"column":1}},"29":{"start":{"line":44,"column":2},"end":{"line":44,"column":20}},"30":{"start":{"line":47,"column":28},"end":{"line":49,"column":1}},"31":{"start":{"line":48,"column":2},"end":{"line":48,"column":27}},"32":{"start":{"line":50,"column":29},"end":{"line":52,"column":1}},"33":{"start":{"line":51,"column":2},"end":{"line":51,"column":25}},"34":{"start":{"line":53,"column":31},"end":{"line":55,"column":1}},"35":{"start":{"line":54,"column":2},"end":{"line":54,"column":27}},"36":{"start":{"line":56,"column":30},"end":{"line":58,"column":1}},"37":{"start":{"line":57,"column":2},"end":{"line":57,"column":26}},"38":{"start":{"line":59,"column":30},"end":{"line":61,"column":1}},"39":{"start":{"line":60,"column":2},"end":{"line":60,"column":26}},"40":{"start":{"line":62,"column":32},"end":{"line":64,"column":1}},"41":{"start":{"line":63,"column":2},"end":{"line":63,"column":28}},"42":{"start":{"line":65,"column":23},"end":{"line":67,"column":1}},"43":{"start":{"line":66,"column":2},"end":{"line":66,"column":19}},"44":{"start":{"line":68,"column":24},"end":{"line":70,"column":1}},"45":{"start":{"line":69,"column":2},"end":{"line":69,"column":20}},"46":{"start":{"line":71,"column":22},"end":{"line":73,"column":1}},"47":{"start":{"line":72,"column":2},"end":{"line":72,"column":18}},"48":{"start":{"line":75,"column":28},"end":{"line":77,"column":1}},"49":{"start":{"line":76,"column":2},"end":{"line":76,"column":27}},"50":{"start":{"line":78,"column":28},"end":{"line":80,"column":1}},"51":{"start":{"line":79,"column":2},"end":{"line":79,"column":24}},"52":{"start":{"line":81,"column":25},"end":{"line":83,"column":1}},"53":{"start":{"line":82,"column":2},"end":{"line":82,"column":21}},"54":{"start":{"line":84,"column":23},"end":{"line":86,"column":1}},"55":{"start":{"line":85,"column":2},"end":{"line":85,"column":19}}},"fnMap":{"0":{"name":"(anonymous_0)","decl":{"start":{"line":1,"column":20},"end":{"line":1,"column":21}},"loc":{"start":{"line":1,"column":37},"end":{"line":3,"column":1}},"line":1},"1":{"name":"(anonymous_1)","decl":{"start":{"line":4,"column":22},"end":{"line":4,"column":23}},"loc":{"start":{"line":4,"column":41},"end":{"line":6,"column":1}},"line":4},"2":{"name":"(anonymous_2)","decl":{"start":{"line":7,"column":30},"end":{"line":7,"column":31}},"loc":{"start":{"line":7,"column":44},"end":{"line":9,"column":1}},"line":7},"3":{"name":"(anonymous_3)","decl":{"start":{"line":10,"column":27},"end":{"line":10,"column":28}},"loc":{"start":{"line":10,"column":45},"end":{"line":12,"column":1}},"line":10},"4":{"name":"(anonymous_4)","decl":{"start":{"line":13,"column":24},"end":{"line":13,"column":25}},"loc":{"start":{"line":13,"column":42},"end":{"line":15,"column":1}},"line":13},"5":{"name":"(anonymous_5)","decl":{"start":{"line":16,"column":21},"end":{"line":16,"column":22}},"loc":{"start":{"line":16,"column":39},"end":{"line":18,"column":1}},"line":16},"6":{"name":"(anonymous_6)","decl":{"start":{"line":19,"column":31},"end":{"line":19,"column":32}},"loc":{"start":{"line":19,"column":49},"end":{"line":21,"column":1}},"line":19},"7":{"name":"(anonymous_7)","decl":{"start":{"line":22,"column":26},"end":{"line":22,"column":27}},"loc":{"start":{"line":22,"column":44},"end":{"line":24,"column":1}},"line":22},"8":{"name":"(anonymous_8)","decl":{"start":{"line":25,"column":36},"end":{"line":25,"column":37}},"loc":{"start":{"line":25,"column":54},"end":{"line":27,"column":1}},"line":25},"9":{"name":"(anonymous_9)","decl":{"start":{"line":28,"column":24},"end":{"line":28,"column":25}},"loc":{"start":{"line":28,"column":38},"end":{"line":30,"column":1}},"line":28},"10":{"name":"(anonymous_10)","decl":{"start":{"line":31,"column":24},"end":{"line":31,"column":25}},"loc":{"start":{"line":31,"column":38},"end":{"line":33,"column":1}},"line":31},"11":{"name":"(anonymous_11)","decl":{"start":{"line":34,"column":21},"end":{"line":34,"column":22}},"loc":{"start":{"line":34,"column":35},"end":{"line":36,"column":1}},"line":34},"12":{"name":"(anonymous_12)","decl":{"start":{"line":37,"column":23},"end":{"line":37,"column":24}},"loc":{"start":{"line":37,"column":37},"end":{"line":39,"column":1}},"line":37},"13":{"name":"(anonymous_13)","decl":{"start":{"line":40,"column":24},"end":{"line":40,"column":25}},"loc":{"start":{"line":40,"column":38},"end":{"line":42,"column":1}},"line":40},"14":{"name":"(anonymous_14)","decl":{"start":{"line":43,"column":24},"end":{"line":43,"column":25}},"loc":{"start":{"line":43,"column":38},"end":{"line":45,"column":1}},"line":43},"15":{"name":"(anonymous_15)","decl":{"start":{"line":47,"column":28},"end":{"line":47,"column":29}},"loc":{"start":{"line":47,"column":45},"end":{"line":49,"column":1}},"line":47},"16":{"name":"(anonymous_16)","decl":{"start":{"line":50,"column":29},"end":{"line":50,"column":30}},"loc":{"start":{"line":50,"column":43},"end":{"line":52,"column":1}},"line":50},"17":{"name":"(anonymous_17)","decl":{"start":{"line":53,"column":31},"end":{"line":53,"column":32}},"loc":{"start":{"line":53,"column":45},"end":{"line":55,"column":1}},"line":53},"18":{"name":"(anonymous_18)","decl":{"start":{"line":56,"column":30},"end":{"line":56,"column":31}},"loc":{"start":{"line":56,"column":44},"end":{"line":58,"column":1}},"line":56},"19":{"name":"(anonymous_19)","decl":{"start":{"line":59,"column":30},"end":{"line":59,"column":31}},"loc":{"start":{"line":59,"column":44},"end":{"line":61,"column":1}},"line":59},"20":{"name":"(anonymous_20)","decl":{"start":{"line":62,"column":32},"end":{"line":62,"column":33}},"loc":{"start":{"line":62,"column":46},"end":{"line":64,"column":1}},"line":62},"21":{"name":"(anonymous_21)","decl":{"start":{"line":65,"column":23},"end":{"line":65,"column":24}},"loc":{"start":{"line":65,"column":37},"end":{"line":67,"column":1}},"line":65},"22":{"name":"(anonymous_22)","decl":{"start":{"line":68,"column":24},"end":{"line":68,"column":25}},"loc":{"start":{"line":68,"column":38},"end":{"line":70,"column":1}},"line":68},"23":{"name":"(anonymous_23)","decl":{"start":{"line":71,"column":22},"end":{"line":71,"column":23}},"loc":{"start":{"line":71,"column":36},"end":{"line":73,"column":1}},"line":71},"24":{"name":"(anonymous_24)","decl":{"start":{"line":75,"column":28},"end":{"line":75,"column":29}},"loc":{"start":{"line":75,"column":45},"end":{"line":77,"column":1}},"line":75},"25":{"name":"(anonymous_25)","decl":{"start":{"line":78,"column":28},"end":{"line":78,"column":29}},"loc":{"start":{"line":78,"column":42},"end":{"line":80,"column":1}},"line":78},"26":{"name":"(anonymous_26)","decl":{"start":{"line":81,"column":25},"end":{"line":81,"column":26}},"loc":{"start":{"line":81,"column":39},"end":{"line":83,"column":1}},"line":81},"27":{"name":"(anonymous_27)","decl":{"start":{"line":84,"column":23},"end":{"line":84,"column":24}},"loc":{"start":{"line":84,"column":37},"end":{"line":86,"column":1}},"line":84}},"branchMap":{},"s":{"0":0,"1":0,"2":0,"3":0,"4":0,"5":0,"6":0,"7":0,"8":0,"9":0,"10":0,"11":0,"12":0,"13":0,"14":0,"15":0,"16":0,"17":0,"18":0,"19":0,"20":0,"21":0,"22":0,"23":0,"24":0,"25":0,"26":0,"27":0,"28":0,"29":0,"30":0,"31":0,"32":0,"33":0,"34":0,"35":0,"36":0,"37":0,"38":0,"39":0,"40":0,"41":0,"42":0,"43":0,"44":0,"45":0,"46":0,"47":0,"48":0,"49":0,"50":0,"51":0,"52":0,"53":0,"54":0,"55":0},"f":{"0":0,"1":0,"2":0,"3":0,"4":0,"5":0,"6":0,"7":0,"8":0,"9":0,"10":0,"11":0,"12":0,"13":0,"14":0,"15":0,"16":0,"17":0,"18":0,"19":0,"20":0,"21":0,"22":0,"23":0,"24":0,"25":0,"26":0,"27":0},"b":{},"hash":"9ed762bc5be9f3a44e236282951c7130a7cabd15"}
,"/home/eladyaniv01/projects/nutrition-front/src/store/scroller/state.js": {"path":"/home/eladyaniv01/projects/nutrition-front/src/store/scroller/state.js","statementMap":{},"fnMap":{},"branchMap":{},"s":{},"f":{},"b":{},"hash":"7faa68e69bd34d9a2f857089b5905f274852436b"}
,"/home/eladyaniv01/projects/nutrition-front/src/utils/color.js": {"path":"/home/eladyaniv01/projects/nutrition-front/src/utils/color.js","statementMap":{"0":{"start":{"line":1,"column":26},"end":{"line":3,"column":1}},"1":{"start":{"line":2,"column":2},"end":{"line":2,"column":55}}},"fnMap":{"0":{"name":"(anonymous_0)","decl":{"start":{"line":1,"column":26},"end":{"line":1,"column":27}},"loc":{"start":{"line":1,"column":37},"end":{"line":3,"column":1}},"line":1}},"branchMap":{"0":{"loc":{"start":{"line":2,"column":9},"end":{"line":2,"column":55}},"type":"binary-expr","locations":[{"start":{"line":2,"column":9},"end":{"line":2,"column":16}},{"start":{"line":2,"column":20},"end":{"line":2,"column":55}}],"line":2}},"s":{"0":2,"1":0},"f":{"0":0},"b":{"0":[0,0]},"_coverageSchema":"43e27e138ebf9cfc5966b082cf9a028302ed4184","hash":"952f7b3886da26b927d5ccc178c133e9cae09de5"}
,"/home/eladyaniv01/projects/nutrition-front/src/utils/events.js": {"path":"/home/eladyaniv01/projects/nutrition-front/src/utils/events.js","statementMap":{},"fnMap":{},"branchMap":{},"s":{},"f":{},"b":{},"_coverageSchema":"43e27e138ebf9cfc5966b082cf9a028302ed4184","hash":"6a22888ff829652e22034c31cd734c47d9dbe730"}
,"/home/eladyaniv01/projects/nutrition-front/src/utils/getLocale.js": {"path":"/home/eladyaniv01/projects/nutrition-front/src/utils/getLocale.js","statementMap":{"0":{"start":{"line":1,"column":25},"end":{"line":7,"column":1}},"1":{"start":{"line":2,"column":2},"end":{"line":6,"column":3}},"2":{"start":{"line":3,"column":4},"end":{"line":3,"column":33}},"3":{"start":{"line":5,"column":4},"end":{"line":5,"column":97}}},"fnMap":{"0":{"name":"(anonymous_0)","decl":{"start":{"line":1,"column":25},"end":{"line":1,"column":26}},"loc":{"start":{"line":1,"column":31},"end":{"line":7,"column":1}},"line":1}},"branchMap":{"0":{"loc":{"start":{"line":2,"column":2},"end":{"line":6,"column":3}},"type":"if","locations":[{"start":{"line":2,"column":2},"end":{"line":6,"column":3}},{"start":{"line":2,"column":2},"end":{"line":6,"column":3}}],"line":2},"1":{"loc":{"start":{"line":2,"column":6},"end":{"line":2,"column":59}},"type":"binary-expr","locations":[{"start":{"line":2,"column":6},"end":{"line":2,"column":25}},{"start":{"line":2,"column":29},"end":{"line":2,"column":59}}],"line":2},"2":{"loc":{"start":{"line":5,"column":11},"end":{"line":5,"column":97}},"type":"binary-expr","locations":[{"start":{"line":5,"column":11},"end":{"line":5,"column":34}},{"start":{"line":5,"column":38},"end":{"line":5,"column":56}},{"start":{"line":5,"column":60},"end":{"line":5,"column":86}},{"start":{"line":5,"column":90},"end":{"line":5,"column":97}}],"line":5}},"s":{"0":0,"1":0,"2":0,"3":0},"f":{"0":0},"b":{"0":[0,0],"1":[0,0],"2":[0,0,0,0]},"hash":"4fe140e9344fd26deb012b2c97f22fb81dc5eb6d"}
,"/home/eladyaniv01/projects/nutrition-front/src/utils/stringutils.js": {"path":"/home/eladyaniv01/projects/nutrition-front/src/utils/stringutils.js","statementMap":{"0":{"start":{"line":2,"column":2},"end":{"line":6,"column":24}},"1":{"start":{"line":10,"column":2},"end":{"line":10,"column":60}},"2":{"start":{"line":11,"column":2},"end":{"line":13,"column":3}},"3":{"start":{"line":12,"column":4},"end":{"line":12,"column":31}},"4":{"start":{"line":14,"column":2},"end":{"line":18,"column":6}},"5":{"start":{"line":17,"column":6},"end":{"line":17,"column":49}},"6":{"start":{"line":22,"column":16},"end":{"line":22,"column":39}},"7":{"start":{"line":23,"column":12},"end":{"line":23,"column":40}},"8":{"start":{"line":24,"column":12},"end":{"line":24,"column":26}},"9":{"start":{"line":25,"column":2},"end":{"line":27,"column":3}},"10":{"start":{"line":26,"column":4},"end":{"line":26,"column":53}},"11":{"start":{"line":29,"column":2},"end":{"line":29,"column":11}},"12":{"start":{"line":32,"column":2},"end":{"line":32,"column":26}},"13":{"start":{"line":37,"column":16},"end":{"line":37,"column":32}},"14":{"start":{"line":39,"column":14},"end":{"line":40,"column":30}},"15":{"start":{"line":41,"column":12},"end":{"line":41,"column":72}},"16":{"start":{"line":42,"column":13},"end":{"line":42,"column":39}},"17":{"start":{"line":44,"column":2},"end":{"line":44,"column":39}}},"fnMap":{"0":{"name":"myRep","decl":{"start":{"line":1,"column":16},"end":{"line":1,"column":21}},"loc":{"start":{"line":1,"column":29},"end":{"line":7,"column":1}},"line":1},"1":{"name":"sentenceCase","decl":{"start":{"line":9,"column":16},"end":{"line":9,"column":28}},"loc":{"start":{"line":9,"column":53},"end":{"line":19,"column":1}},"line":9},"2":{"name":"(anonymous_2)","decl":{"start":{"line":16,"column":33},"end":{"line":16,"column":34}},"loc":{"start":{"line":16,"column":67},"end":{"line":18,"column":5}},"line":16},"3":{"name":"prettyStringJson","decl":{"start":{"line":21,"column":16},"end":{"line":21,"column":32}},"loc":{"start":{"line":21,"column":42},"end":{"line":30,"column":1}},"line":21},"4":{"name":"doNotify","decl":{"start":{"line":31,"column":16},"end":{"line":31,"column":24}},"loc":{"start":{"line":31,"column":46},"end":{"line":33,"column":1}},"line":31},"5":{"name":"GetFormattedDate","decl":{"start":{"line":36,"column":16},"end":{"line":36,"column":32}},"loc":{"start":{"line":36,"column":41},"end":{"line":45,"column":1}},"line":36}},"branchMap":{"0":{"loc":{"start":{"line":10,"column":10},"end":{"line":10,"column":60}},"type":"cond-expr","locations":[{"start":{"line":10,"column":50},"end":{"line":10,"column":52}},{"start":{"line":10,"column":55},"end":{"line":10,"column":60}}],"line":10},"1":{"loc":{"start":{"line":10,"column":10},"end":{"line":10,"column":47}},"type":"binary-expr","locations":[{"start":{"line":10,"column":10},"end":{"line":10,"column":29}},{"start":{"line":10,"column":33},"end":{"line":10,"column":47}}],"line":10},"2":{"loc":{"start":{"line":11,"column":2},"end":{"line":13,"column":3}},"type":"if","locations":[{"start":{"line":11,"column":2},"end":{"line":13,"column":3}},{"start":{"line":11,"column":2},"end":{"line":13,"column":3}}],"line":11},"3":{"loc":{"start":{"line":39,"column":18},"end":{"line":39,"column":56}},"type":"cond-expr","locations":[{"start":{"line":39,"column":48},"end":{"line":39,"column":51}},{"start":{"line":39,"column":54},"end":{"line":39,"column":56}}],"line":39},"4":{"loc":{"start":{"line":41,"column":16},"end":{"line":41,"column":49}},"type":"cond-expr","locations":[{"start":{"line":41,"column":41},"end":{"line":41,"column":44}},{"start":{"line":41,"column":47},"end":{"line":41,"column":49}}],"line":41}},"s":{"0":0,"1":0,"2":0,"3":0,"4":0,"5":0,"6":0,"7":0,"8":0,"9":0,"10":0,"11":0,"12":0,"13":2,"14":2,"15":2,"16":2,"17":2},"f":{"0":0,"1":0,"2":0,"3":0,"4":0,"5":2},"b":{"0":[0,0],"1":[0,0],"2":[0,0],"3":[2,0],"4":[0,2]},"_coverageSchema":"43e27e138ebf9cfc5966b082cf9a028302ed4184","hash":"4005876b730c25e69a4b7450361aeedae7e700f6"}
,"/home/eladyaniv01/projects/nutrition-front/src/utils/themes.js": {"path":"/home/eladyaniv01/projects/nutrition-front/src/utils/themes.js","statementMap":{},"fnMap":{},"branchMap":{},"s":{},"f":{},"b":{},"hash":"35cf018599bb0efa0e0bf6646abb03aea7202551"}
,"/home/eladyaniv01/projects/nutrition-front/src/utils/time.js": {"path":"/home/eladyaniv01/projects/nutrition-front/src/utils/time.js","statementMap":{"0":{"start":{"line":1,"column":23},"end":{"line":7,"column":1}},"1":{"start":{"line":2,"column":2},"end":{"line":2,"column":23}},"2":{"start":{"line":3,"column":2},"end":{"line":5,"column":3}},"3":{"start":{"line":4,"column":4},"end":{"line":4,"column":20}},"4":{"start":{"line":6,"column":2},"end":{"line":6,"column":17}}},"fnMap":{"0":{"name":"(anonymous_0)","decl":{"start":{"line":1,"column":23},"end":{"line":1,"column":24}},"loc":{"start":{"line":1,"column":32},"end":{"line":7,"column":1}},"line":1}},"branchMap":{"0":{"loc":{"start":{"line":3,"column":2},"end":{"line":5,"column":3}},"type":"if","locations":[{"start":{"line":3,"column":2},"end":{"line":5,"column":3}},{"start":{"line":3,"column":2},"end":{"line":5,"column":3}}],"line":3}},"s":{"0":2,"1":0,"2":0,"3":0,"4":0},"f":{"0":0},"b":{"0":[0,0]},"_coverageSchema":"43e27e138ebf9cfc5966b082cf9a028302ed4184","hash":"426ee39539af1fcc2cf2fac745feb796233d40ca"}
}
