TN:
SF:/home/eladyaniv01/projects/frontend-master/src/jest.config.js
FNF:0
FNH:0
DA:1,0
DA:4,0
DA:7,0
DA:8,0
DA:9,0
DA:15,0
DA:23,0
DA:28,0
DA:36,0
DA:45,0
DA:53,0
DA:56,0
LF:12
LH:0
BRF:0
BRH:0
end_of_record
TN:
SF:/home/eladyaniv01/projects/frontend-master/src/boot/Ftitle.js
FN:4,(anonymous_0)
FN:5,(anonymous_1)
FNF:2
FNH:0
FNDA:0,(anonymous_0)
FNDA:0,(anonymous_1)
DA:5,0
DA:6,0
DA:7,0
DA:8,0
LF:4
LH:0
BRDA:6,0,0,0
BRDA:6,0,1,0
BRF:2
BRH:0
end_of_record
TN:
SF:/home/eladyaniv01/projects/frontend-master/src/boot/HighchartsVue.js
FN:4,(anonymous_0)
FNF:1
FNH:0
FNDA:0,(anonymous_0)
DA:5,0
LF:1
LH:0
BRF:0
BRH:0
end_of_record
TN:
SF:/home/eladyaniv01/projects/frontend-master/src/boot/axios.js
FN:10,(anonymous_0)
FNF:1
FNH:0
FNDA:0,(anonymous_0)
DA:11,0
LF:1
LH:0
BRF:0
BRH:0
end_of_record
TN:
SF:/home/eladyaniv01/projects/frontend-master/src/boot/i18n.js
FN:4,(anonymous_0)
FNF:1
FNH:0
FNDA:0,(anonymous_0)
DA:5,0
DA:8,0
LF:2
LH:0
BRF:0
BRH:0
end_of_record
TN:
SF:/home/eladyaniv01/projects/frontend-master/src/boot/lodash.js
FN:7,(anonymous_0)
FNF:1
FNH:0
FNDA:0,(anonymous_0)
DA:8,0
LF:1
LH:0
BRF:0
BRH:0
end_of_record
TN:
SF:/home/eladyaniv01/projects/frontend-master/src/boot/noConsole.js
FNF:0
FNH:0
DA:1,0
DA:2,0
DA:3,0
LF:3
LH:0
BRDA:2,0,0,0
BRDA:2,0,1,0
BRF:2
BRH:0
end_of_record
TN:
SF:/home/eladyaniv01/projects/frontend-master/src/boot/notify-defaults.js
FNF:0
FNH:0
DA:6,0
LF:1
LH:0
BRF:0
BRH:0
end_of_record
TN:
SF:/home/eladyaniv01/projects/frontend-master/src/boot/quasar-calendar.js
FN:6,(anonymous_0)
FNF:1
FNH:0
FNDA:0,(anonymous_0)
DA:7,0
LF:1
LH:0
BRF:0
BRH:0
end_of_record
TN:
SF:/home/eladyaniv01/projects/frontend-master/src/boot/vuelidate.js
FN:3,(anonymous_0)
FNF:1
FNH:0
FNDA:0,(anonymous_0)
DA:4,0
LF:1
LH:0
BRF:0
BRH:0
end_of_record
TN:
SF:/home/eladyaniv01/projects/frontend-master/src/components/Box.vue
FN:107,data
FN:110,created
FN:115,sortedFields
FN:118,(anonymous_4)
FN:121,(anonymous_5)
FN:140,singularize
FN:146,eventCount
FN:154,menuCount
FN:162,noteCount
FN:170,clientName
FN:175,nutritionistName
FN:181,getPath
FN:188,getDate
FNF:13
FNH:13
FNDA:2,data
FNDA:2,created
FNDA:2,sortedFields
FNDA:8,(anonymous_4)
FNDA:8,(anonymous_5)
FNDA:6,singularize
FNDA:1,eventCount
FNDA:1,menuCount
FNDA:1,noteCount
FNDA:2,clientName
FNDA:1,nutritionistName
FNDA:3,getPath
FNDA:2,getDate
DA:91,2
DA:92,2
DA:93,2
DA:94,2
DA:95,2
DA:96,2
DA:97,2
DA:108,2
DA:116,2
DA:118,2
DA:119,8
DA:121,2
DA:122,8
DA:124,2
DA:125,1
DA:126,1
DA:128,1
DA:130,1
DA:131,1
DA:141,6
DA:142,4
DA:144,2
DA:147,1
DA:148,1
DA:152,1
DA:155,1
DA:156,1
DA:160,1
DA:163,1
DA:164,1
DA:168,1
DA:171,2
DA:173,2
DA:176,1
DA:178,1
DA:182,3
DA:183,1
DA:186,2
DA:189,2
LF:39
LH:39
BRDA:122,0,0,8
BRDA:122,0,1,7
BRDA:124,1,0,1
BRDA:124,1,1,1
BRDA:141,2,0,4
BRDA:141,2,1,2
BRDA:141,3,0,6
BRDA:141,3,1,2
BRDA:182,4,0,1
BRDA:182,4,1,2
BRDA:182,5,0,3
BRDA:182,5,1,1
BRF:12
BRH:12
end_of_record
TN:
SF:/home/eladyaniv01/projects/frontend-master/src/components/Event.vue
FN:122,data
FN:138,clients
FN:151,client
FN:164,user
FN:165,msg
FN:166,userState
FN:174,del
FN:179,(anonymous_8)
FN:192,(anonymous_9)
FN:204,save
FN:218,(anonymous_11)
FN:233,(anonymous_12)
FN:266,(anonymous_13)
FN:281,(anonymous_14)
FN:317,show
FN:323,hide
FN:327,onDialogHide
FN:333,onOKClick
FN:350,onCancelClick
FNF:19
FNH:4
FNDA:2,data
FNDA:2,clients
FNDA:2,client
FNDA:0,user
FNDA:0,msg
FNDA:0,userState
FNDA:1,del
FNDA:0,(anonymous_8)
FNDA:0,(anonymous_9)
FNDA:0,save
FNDA:0,(anonymous_11)
FNDA:0,(anonymous_12)
FNDA:0,(anonymous_13)
FNDA:0,(anonymous_14)
FNDA:0,show
FNDA:0,hide
FNDA:0,onDialogHide
FNDA:0,onOKClick
FNDA:0,onCancelClick
DA:111,4
DA:112,4
DA:113,4
DA:123,2
DA:139,2
DA:140,2
DA:141,2
DA:144,2
DA:145,2
DA:149,2
DA:152,2
DA:154,2
DA:157,2
DA:158,1
DA:160,1
DA:161,1
DA:164,0
DA:165,0
DA:166,0
DA:174,1
DA:175,1
DA:177,1
DA:178,1
DA:179,1
DA:182,0
DA:190,0
DA:191,0
DA:202,0
DA:204,0
DA:205,0
DA:207,0
DA:209,0
DA:211,0
DA:213,0
DA:214,0
DA:216,0
DA:218,0
DA:221,0
DA:223,0
DA:231,0
DA:232,0
DA:235,0
DA:236,0
DA:237,0
DA:238,0
DA:239,0
DA:240,0
DA:249,0
DA:250,0
DA:260,0
DA:261,0
DA:263,0
DA:264,0
DA:265,0
DA:266,0
DA:269,0
DA:271,0
DA:279,0
DA:280,0
DA:283,0
DA:284,0
DA:285,0
DA:286,0
DA:287,0
DA:288,0
DA:297,0
DA:298,0
DA:313,0
DA:318,0
DA:324,0
DA:330,0
DA:337,0
DA:338,0
DA:340,0
DA:341,0
DA:342,0
DA:343,0
DA:347,0
DA:352,0
DA:353,0
LF:80
LH:21
BRDA:157,0,0,1
BRDA:157,0,1,1
BRDA:178,1,0,1
BRDA:178,1,1,0
BRDA:178,2,0,1
BRDA:178,2,1,1
BRDA:211,3,0,0
BRDA:211,3,1,0
BRDA:211,4,0,0
BRDA:211,4,1,0
BRDA:213,5,0,0
BRDA:213,5,1,0
BRDA:236,6,0,0
BRDA:236,6,1,0
BRDA:239,7,0,0
BRDA:239,7,1,0
BRDA:260,8,0,0
BRDA:260,8,1,0
BRDA:284,9,0,0
BRDA:284,9,1,0
BRDA:287,10,0,0
BRDA:287,10,1,0
BRF:22
BRH:5
end_of_record
TN:
SF:/home/eladyaniv01/projects/frontend-master/src/components/EventBox.vue
FN:100,data
FN:103,created
FN:107,model
FN:110,sortedFields
FN:113,(anonymous_5)
FN:116,(anonymous_6)
FN:128,clientId
FN:141,singularize
FN:147,eventCount
FN:155,menuCount
FN:163,clientName
FN:168,nutritionistName
FN:174,getPath
FN:184,getDate
FNF:14
FNH:0
FNDA:0,data
FNDA:0,created
FNDA:0,model
FNDA:0,sortedFields
FNDA:0,(anonymous_5)
FNDA:0,(anonymous_6)
FNDA:0,clientId
FNDA:0,singularize
FNDA:0,eventCount
FNDA:0,menuCount
FNDA:0,clientName
FNDA:0,nutritionistName
FNDA:0,getPath
FNDA:0,getDate
DA:85,0
DA:86,0
DA:87,0
DA:88,0
DA:89,0
DA:90,0
DA:101,0
DA:111,0
DA:113,0
DA:114,0
DA:116,0
DA:117,0
DA:119,0
DA:120,0
DA:121,0
DA:123,0
DA:125,0
DA:126,0
DA:129,0
DA:133,0
DA:142,0
DA:143,0
DA:145,0
DA:148,0
DA:149,0
DA:153,0
DA:156,0
DA:157,0
DA:161,0
DA:164,0
DA:166,0
DA:169,0
DA:171,0
DA:175,0
DA:176,0
DA:178,0
DA:179,0
DA:182,0
DA:185,0
LF:39
LH:0
BRDA:117,0,0,0
BRDA:117,0,1,0
BRDA:119,1,0,0
BRDA:119,1,1,0
BRDA:142,2,0,0
BRDA:142,2,1,0
BRDA:142,3,0,0
BRDA:142,3,1,0
BRDA:175,4,0,0
BRDA:175,4,1,0
BRDA:175,5,0,0
BRDA:175,5,1,0
BRDA:178,6,0,0
BRDA:178,6,1,0
BRF:14
BRH:0
end_of_record
TN:
SF:/home/eladyaniv01/projects/frontend-master/src/components/MenuBox.vue
FN:94,data
FN:97,created
FN:101,model
FN:104,sortedFields
FN:107,(anonymous_5)
FN:110,(anonymous_6)
FN:122,clientId
FN:135,singularize
FN:141,eventCount
FN:149,menuCount
FN:157,clientName
FN:162,nutritionistName
FN:168,getPath
FN:178,getDate
FNF:14
FNH:0
FNDA:0,data
FNDA:0,created
FNDA:0,model
FNDA:0,sortedFields
FNDA:0,(anonymous_5)
FNDA:0,(anonymous_6)
FNDA:0,clientId
FNDA:0,singularize
FNDA:0,eventCount
FNDA:0,menuCount
FNDA:0,clientName
FNDA:0,nutritionistName
FNDA:0,getPath
FNDA:0,getDate
DA:79,0
DA:80,0
DA:81,0
DA:82,0
DA:83,0
DA:84,0
DA:95,0
DA:105,0
DA:107,0
DA:108,0
DA:110,0
DA:111,0
DA:113,0
DA:114,0
DA:115,0
DA:117,0
DA:119,0
DA:120,0
DA:123,0
DA:127,0
DA:136,0
DA:137,0
DA:139,0
DA:142,0
DA:143,0
DA:147,0
DA:150,0
DA:151,0
DA:155,0
DA:158,0
DA:160,0
DA:163,0
DA:165,0
DA:169,0
DA:170,0
DA:172,0
DA:173,0
DA:176,0
DA:179,0
LF:39
LH:0
BRDA:111,0,0,0
BRDA:111,0,1,0
BRDA:113,1,0,0
BRDA:113,1,1,0
BRDA:136,2,0,0
BRDA:136,2,1,0
BRDA:136,3,0,0
BRDA:136,3,1,0
BRDA:169,4,0,0
BRDA:169,4,1,0
BRDA:169,5,0,0
BRDA:169,5,1,0
BRDA:172,6,0,0
BRDA:172,6,1,0
BRF:14
BRH:0
end_of_record
TN:
SF:/home/eladyaniv01/projects/frontend-master/src/components/MinBox.vue
FN:112,data
FN:115,created
FN:119,model
FN:122,sortedFields
FN:125,(anonymous_5)
FN:128,(anonymous_6)
FN:140,clientId
FN:153,singularize
FN:159,eventCount
FN:167,noteCount
FN:175,menuCount
FN:183,clientName
FN:188,nutritionistName
FN:194,getPath
FN:204,getDate
FNF:15
FNH:0
FNDA:0,data
FNDA:0,created
FNDA:0,model
FNDA:0,sortedFields
FNDA:0,(anonymous_5)
FNDA:0,(anonymous_6)
FNDA:0,clientId
FNDA:0,singularize
FNDA:0,eventCount
FNDA:0,noteCount
FNDA:0,menuCount
FNDA:0,clientName
FNDA:0,nutritionistName
FNDA:0,getPath
FNDA:0,getDate
DA:97,0
DA:98,0
DA:99,0
DA:100,0
DA:101,0
DA:102,0
DA:113,0
DA:123,0
DA:125,0
DA:126,0
DA:128,0
DA:129,0
DA:131,0
DA:132,0
DA:133,0
DA:135,0
DA:137,0
DA:138,0
DA:141,0
DA:145,0
DA:154,0
DA:155,0
DA:157,0
DA:160,0
DA:161,0
DA:165,0
DA:168,0
DA:169,0
DA:173,0
DA:176,0
DA:177,0
DA:181,0
DA:184,0
DA:186,0
DA:189,0
DA:191,0
DA:195,0
DA:196,0
DA:198,0
DA:199,0
DA:202,0
DA:205,0
LF:42
LH:0
BRDA:129,0,0,0
BRDA:129,0,1,0
BRDA:131,1,0,0
BRDA:131,1,1,0
BRDA:154,2,0,0
BRDA:154,2,1,0
BRDA:154,3,0,0
BRDA:154,3,1,0
BRDA:195,4,0,0
BRDA:195,4,1,0
BRDA:195,5,0,0
BRDA:195,5,1,0
BRDA:198,6,0,0
BRDA:198,6,1,0
BRF:14
BRH:0
end_of_record
TN:
SF:/home/eladyaniv01/projects/frontend-master/src/components/Form/ProfileForm.vue
FN:19,data
FNF:1
FNH:0
FNDA:0,data
DA:13,0
DA:20,0
LF:2
LH:0
BRF:0
BRH:0
end_of_record
TN:
SF:/home/eladyaniv01/projects/frontend-master/src/components/Form/ProfileFormCard.vue
FN:42,data
FN:47,user
FN:48,username
FN:49,nutritionist
FN:51,sex
FN:67,user
FN:72,username
FN:77,id
FN:82,(anonymous_9)
FN:81,_callee
FNF:10
FNH:0
FNDA:0,data
FNDA:0,user
FNDA:0,username
FNDA:0,nutritionist
FNDA:0,sex
FNDA:0,user
FNDA:0,username
FNDA:0,id
FNDA:0,(anonymous_9)
FNDA:0,_callee
DA:22,0
DA:23,0
DA:24,0
DA:30,0
DA:31,0
DA:43,0
DA:47,0
DA:48,0
DA:49,0
DA:52,0
DA:53,0
DA:55,0
DA:56,0
DA:58,0
DA:68,0
DA:73,0
DA:78,0
DA:81,0
DA:83,0
DA:85,0
DA:87,0
DA:89,0
DA:90,0
DA:91,0
DA:92,0
DA:93,0
DA:94,0
DA:95,0
DA:96,0
DA:97,0
DA:98,0
DA:99,0
DA:100,0
DA:103,0
DA:107,0
DA:108,0
DA:110,0
DA:111,0
DA:112,0
LF:39
LH:0
BRDA:52,0,0,0
BRDA:52,0,1,0
BRDA:55,1,0,0
BRDA:55,1,1,0
BRDA:81,2,0,0
BRDA:81,2,1,0
BRDA:81,2,2,0
BRDA:81,2,3,0
BRDA:81,2,4,0
BRDA:81,2,5,0
BRDA:85,3,0,0
BRDA:85,3,1,0
BRF:12
BRH:0
end_of_record
TN:
SF:/home/eladyaniv01/projects/frontend-master/src/components/directives/resize.js
FN:4,(anonymous_0)
FN:19,(anonymous_1)
FNF:2
FNH:0
FNDA:0,(anonymous_0)
FNDA:0,(anonymous_1)
DA:5,0
DA:6,0
DA:8,0
DA:9,0
DA:14,0
DA:15,0
DA:20,0
DA:22,0
DA:23,0
DA:24,0
LF:10
LH:0
BRDA:6,0,0,0
BRDA:6,0,1,0
BRDA:14,1,0,0
BRDA:14,1,1,0
BRDA:14,2,0,0
BRDA:14,2,1,0
BRDA:20,3,0,0
BRDA:20,3,1,0
BRF:8
BRH:0
end_of_record
TN:
SF:/home/eladyaniv01/projects/frontend-master/src/components/utils/helpers.js
FN:1,convertToUnit
FNF:1
FNH:0
FNDA:0,convertToUnit
DA:2,0
DA:3,0
DA:4,0
DA:5,0
DA:7,0
LF:5
LH:0
BRDA:1,0,0,0
BRDA:2,1,0,0
BRDA:2,1,1,0
BRDA:2,2,0,0
BRDA:2,2,1,0
BRDA:4,3,0,0
BRDA:4,3,1,0
BRF:7
BRH:0
end_of_record
TN:
SF:/home/eladyaniv01/projects/frontend-master/src/components/utils/props.js
FN:8,(anonymous_0)
FN:94,(anonymous_1)
FNF:2
FNH:0
FNDA:0,(anonymous_0)
FNDA:0,(anonymous_1)
DA:8,0
DA:94,0
LF:2
LH:0
BRF:0
BRH:0
end_of_record
TN:
SF:/home/eladyaniv01/projects/frontend-master/src/components/utils/timestamp.js
FN:44,getStartOfWeek
FN:54,getEndOfWeek
FN:64,getStartOfMonth
FN:71,getEndOfMonth
FN:78,parseTime
FN:101,validateTimestamp
FN:105,parsed
FN:130,parseTimestamp
FN:143,parseDate
FN:163,getDayIdentifier
FN:167,getTimeIdentifier
FN:171,updateRelative
FN:189,updateMinutes
FN:201,updateWeekday
FN:207,updateDayOfYear
FN:213,updateWorkWeek
FN:219,updateFormatted
FN:229,getDayOfYear
FN:235,getWorkWeek
FN:241,getWeekday
FN:250,isLeapYear
FN:254,daysInMonth
FN:258,copyTimestamp
FN:262,padNumber
FN:271,getDate
FN:279,getTime
FN:287,nextMinutes
FN:301,nextDay
FN:316,prevDay
FN:331,relativeDays
FN:340,findWeekday
FN:346,getWeekdaySkips
FN:367,createDayList
FN:395,createIntervalList
FN:407,createNativeLocaleFormatter
FN:408,(anonymous_35)
FN:414,(anonymous_36)
FN:426,validateNumber
FNF:38
FNH:0
FNDA:0,getStartOfWeek
FNDA:0,getEndOfWeek
FNDA:0,getStartOfMonth
FNDA:0,getEndOfMonth
FNDA:0,parseTime
FNDA:0,validateTimestamp
FNDA:0,parsed
FNDA:0,parseTimestamp
FNDA:0,parseDate
FNDA:0,getDayIdentifier
FNDA:0,getTimeIdentifier
FNDA:0,updateRelative
FNDA:0,updateMinutes
FNDA:0,updateWeekday
FNDA:0,updateDayOfYear
FNDA:0,updateWorkWeek
FNDA:0,updateFormatted
FNDA:0,getDayOfYear
FNDA:0,getWorkWeek
FNDA:0,getWeekday
FNDA:0,isLeapYear
FNDA:0,daysInMonth
FNDA:0,copyTimestamp
FNDA:0,padNumber
FNDA:0,getDate
FNDA:0,getTime
FNDA:0,nextMinutes
FNDA:0,nextDay
FNDA:0,prevDay
FNDA:0,relativeDays
FNDA:0,findWeekday
FNDA:0,getWeekdaySkips
FNDA:0,createDayList
FNDA:0,createIntervalList
FNDA:0,createNativeLocaleFormatter
FNDA:0,(anonymous_35)
FNDA:0,(anonymous_36)
FNDA:0,validateNumber
DA:3,0
DA:4,0
DA:6,0
DA:7,0
DA:8,0
DA:9,0
DA:10,0
DA:11,0
DA:12,0
DA:13,0
DA:14,0
DA:15,0
DA:16,0
DA:17,0
DA:18,0
DA:19,0
DA:21,0
DA:39,0
DA:45,0
DA:46,0
DA:47,0
DA:48,0
DA:49,0
DA:51,0
DA:55,0
DA:56,0
DA:57,0
DA:58,0
DA:59,0
DA:61,0
DA:65,0
DA:66,0
DA:67,0
DA:68,0
DA:72,0
DA:73,0
DA:74,0
DA:75,0
DA:79,0
DA:81,0
DA:82,0
DA:84,0
DA:85,0
DA:86,0
DA:88,0
DA:89,0
DA:91,0
DA:92,0
DA:94,0
DA:97,0
DA:102,0
DA:107,0
DA:109,0
DA:111,0
DA:131,0
DA:132,0
DA:134,0
DA:136,0
DA:137,0
DA:140,0
DA:144,0
DA:164,0
DA:168,0
DA:172,0
DA:173,0
DA:174,0
DA:176,0
DA:177,0
DA:178,0
DA:179,0
DA:182,0
DA:183,0
DA:184,0
DA:186,0
DA:190,0
DA:191,0
DA:192,0
DA:193,0
DA:194,0
DA:195,0
DA:198,0
DA:202,0
DA:204,0
DA:208,0
DA:210,0
DA:214,0
DA:216,0
DA:220,0
DA:221,0
DA:222,0
DA:223,0
DA:224,0
DA:226,0
DA:230,0
DA:231,0
DA:232,0
DA:236,0
DA:237,0
DA:238,0
DA:242,0
DA:243,0
DA:244,0
DA:247,0
DA:251,0
DA:255,0
DA:259,0
DA:263,0
DA:264,0
DA:265,0
DA:268,0
DA:272,0
DA:274,0
DA:276,0
DA:280,0
DA:281,0
DA:284,0
DA:288,0
DA:289,0
DA:290,0
DA:291,0
DA:292,0
DA:293,0
DA:294,0
DA:298,0
DA:302,0
DA:303,0
DA:304,0
DA:305,0
DA:306,0
DA:307,0
DA:308,0
DA:309,0
DA:313,0
DA:317,0
DA:318,0
DA:319,0
DA:320,0
DA:321,0
DA:322,0
DA:323,0
DA:325,0
DA:328,0
DA:332,0
DA:333,0
DA:334,0
DA:337,0
DA:341,0
DA:343,0
DA:347,0
DA:348,0
DA:349,0
DA:350,0
DA:352,0
DA:353,0
DA:354,0
DA:355,0
DA:356,0
DA:357,0
DA:359,0
DA:361,0
DA:364,0
DA:368,0
DA:369,0
DA:370,0
DA:371,0
DA:372,0
DA:374,0
DA:375,0
DA:378,0
DA:379,0
DA:380,0
DA:381,0
DA:382,0
DA:383,0
DA:385,0
DA:386,0
DA:387,0
DA:388,0
DA:389,0
DA:392,0
DA:396,0
DA:398,0
DA:399,0
DA:400,0
DA:401,0
DA:404,0
DA:408,0
DA:410,0
DA:411,0
DA:414,0
DA:415,0
DA:416,0
DA:417,0
DA:418,0
DA:419,0
DA:421,0
DA:427,0
LF:197
LH:0
BRDA:48,0,0,0
BRDA:48,0,1,0
BRDA:58,1,0,0
BRDA:58,1,1,0
BRDA:79,2,0,0
BRDA:79,2,1,0
BRDA:82,3,0,0
BRDA:82,3,1,0
BRDA:85,4,0,0
BRDA:85,4,1,0
BRDA:88,5,0,0
BRDA:88,5,1,0
BRDA:89,6,0,0
BRDA:89,6,1,0
BRDA:91,7,0,0
BRDA:91,7,1,0
BRDA:91,8,0,0
BRDA:91,8,1,0
BRDA:109,9,0,0
BRDA:109,9,1,0
BRDA:116,10,0,0
BRDA:116,10,1,0
BRDA:117,11,0,0
BRDA:117,11,1,0
BRDA:118,12,0,0
BRDA:118,12,1,0
BRDA:123,13,0,0
BRDA:123,13,1,0
BRDA:132,14,0,0
BRDA:132,14,1,0
BRDA:136,15,0,0
BRDA:136,15,1,0
BRDA:171,16,0,0
BRDA:176,17,0,0
BRDA:176,17,1,0
BRDA:176,18,0,0
BRDA:176,18,1,0
BRDA:176,18,2,0
BRDA:194,19,0,0
BRDA:194,19,1,0
BRDA:230,20,0,0
BRDA:230,20,1,0
BRDA:236,21,0,0
BRDA:236,21,1,0
BRDA:242,22,0,0
BRDA:242,22,1,0
BRDA:251,23,0,0
BRDA:251,23,1,0
BRDA:251,23,2,0
BRDA:255,24,0,0
BRDA:255,24,1,0
BRDA:274,25,0,0
BRDA:274,25,1,0
BRDA:280,26,0,0
BRDA:280,26,1,0
BRDA:292,27,0,0
BRDA:292,27,1,0
BRDA:304,28,0,0
BRDA:304,28,1,0
BRDA:304,29,0,0
BRDA:304,29,1,0
BRDA:307,30,0,0
BRDA:307,30,1,0
BRDA:319,31,0,0
BRDA:319,31,1,0
BRDA:321,32,0,0
BRDA:321,32,1,0
BRDA:331,33,0,0
BRDA:331,34,0,0
BRDA:331,35,0,0
BRDA:334,36,0,0
BRDA:334,36,1,0
BRDA:334,37,0,0
BRDA:334,37,1,0
BRDA:340,38,0,0
BRDA:340,39,0,0
BRDA:341,40,0,0
BRDA:341,40,1,0
BRDA:356,41,0,0
BRDA:356,41,1,0
BRDA:367,42,0,0
BRDA:367,43,0,0
BRDA:374,44,0,0
BRDA:374,44,1,0
BRDA:378,45,0,0
BRDA:378,45,1,0
BRDA:378,45,2,0
BRDA:380,46,0,0
BRDA:380,46,1,0
BRDA:381,47,0,0
BRDA:381,47,1,0
BRDA:410,48,0,0
BRDA:410,48,1,0
BRDA:410,49,0,0
BRDA:410,49,1,0
BRDA:416,50,0,0
BRDA:416,50,1,0
BRF:97
BRH:0
end_of_record
TN:
SF:/home/eladyaniv01/projects/frontend-master/src/helpers/auth-header.js
FN:1,authHeader
FNF:1
FNH:0
FNDA:0,authHeader
DA:2,0
DA:3,0
DA:4,0
DA:5,0
DA:7,0
LF:5
LH:0
BRDA:4,0,0,0
BRDA:4,0,1,0
BRDA:4,1,0,0
BRDA:4,1,1,0
BRF:4
BRH:0
end_of_record
TN:
SF:/home/eladyaniv01/projects/frontend-master/src/i18n/index.js
FNF:0
FNH:0
LF:0
LH:0
BRF:0
BRH:0
end_of_record
TN:
SF:/home/eladyaniv01/projects/frontend-master/src/i18n/en-us/index.js
FNF:0
FNH:0
LF:0
LH:0
BRF:0
BRH:0
end_of_record
TN:
SF:/home/eladyaniv01/projects/frontend-master/src/layouts/BaseLayout.vue
FN:249,created
FN:258,data
FN:273,enterClass
FN:276,leaveClass
FN:280,user
FN:281,msg
FN:282,loggedin
FN:284,stickyHeader
FN:286,devnum
FN:292,devnum2
FN:306,logit
FN:309,logItOut
FN:316,drawerActive
FN:319,clientAdd
FNF:14
FNH:0
FNDA:0,created
FNDA:0,data
FNDA:0,enterClass
FNDA:0,leaveClass
FNDA:0,user
FNDA:0,msg
FNDA:0,loggedin
FNDA:0,stickyHeader
FNDA:0,devnum
FNDA:0,devnum2
FNDA:0,logit
FNDA:0,logItOut
FNDA:0,drawerActive
FNDA:0,clientAdd
DA:189,0
DA:234,0
DA:235,0
DA:236,0
DA:237,0
DA:238,0
DA:250,0
DA:251,0
DA:253,0
DA:254,0
DA:259,0
DA:274,0
DA:277,0
DA:280,0
DA:281,0
DA:282,0
DA:284,0
DA:287,0
DA:288,0
DA:289,0
DA:290,0
DA:293,0
DA:294,0
DA:295,0
DA:296,0
DA:307,0
DA:310,0
DA:311,0
DA:312,0
DA:314,0
DA:317,0
DA:320,0
LF:32
LH:0
BRDA:250,0,0,0
BRDA:250,0,1,0
BRDA:253,1,0,0
BRDA:253,1,1,0
BRF:4
BRH:0
end_of_record
TN:
SF:/home/eladyaniv01/projects/frontend-master/src/pages/Calendar.vue
FN:188,data
FN:208,mounted
FN:211,events
FN:213,(anonymous_4)
FN:222,(anonymous_5)
FN:228,clients
FN:244,selectedDate
FN:251,getClient
FN:256,add
FN:262,(anonymous_10)
FN:287,(anonymous_11)
FN:312,onEventClick
FN:317,(anonymous_13)
FN:327,(anonymous_14)
FN:330,(anonymous_15)
FNF:15
FNH:9
FNDA:2,data
FNDA:2,mounted
FNDA:2,events
FNDA:2,(anonymous_4)
FNDA:2,(anonymous_5)
FNDA:2,clients
FNDA:2,selectedDate
FNDA:1,getClient
FNDA:1,add
FNDA:0,(anonymous_10)
FNDA:0,(anonymous_11)
FNDA:0,onEventClick
FNDA:0,(anonymous_13)
FNDA:0,(anonymous_14)
FNDA:0,(anonymous_15)
DA:157,2
DA:158,2
DA:159,2
DA:160,2
DA:161,2
DA:162,2
DA:163,2
DA:164,2
DA:165,2
DA:166,2
DA:167,2
DA:174,2
DA:189,2
DA:212,2
DA:213,2
DA:215,2
DA:217,2
DA:219,2
DA:220,2
DA:222,2
DA:223,2
DA:225,2
DA:226,2
DA:229,2
DA:230,2
DA:231,2
DA:234,2
DA:235,2
DA:236,2
DA:237,2
DA:238,2
DA:241,2
DA:245,2
DA:246,2
DA:252,1
DA:253,1
DA:254,1
DA:256,1
DA:257,1
DA:258,1
DA:259,1
DA:260,1
DA:262,1
DA:265,0
DA:266,0
DA:274,0
DA:275,0
DA:276,0
DA:286,0
DA:289,0
DA:290,0
DA:291,0
DA:292,0
DA:293,0
DA:294,0
DA:303,0
DA:313,0
DA:314,0
DA:315,0
DA:316,0
DA:326,0
DA:329,0
DA:332,0
LF:63
LH:43
BRDA:290,0,0,0
BRDA:290,0,1,0
BRDA:293,1,0,0
BRDA:293,1,1,0
BRF:4
BRH:0
end_of_record
TN:
SF:/home/eladyaniv01/projects/frontend-master/src/pages/Index.vue
FN:145,data
FN:159,rightBlocks
FN:160,leftBlocks
FN:161,landingHeader
FN:162,landingCards
FN:168,getUser
FN:172,style
FN:194,cardImgStyle
FN:207,botstyle
FN:220,getBody
FN:229,created
FN:230,(anonymous_12)
FN:253,(anonymous_13)
FNF:13
FNH:11
FNDA:2,data
FNDA:2,rightBlocks
FNDA:2,leftBlocks
FNDA:2,landingHeader
FNDA:2,landingCards
FNDA:2,getUser
FNDA:2,style
FNDA:2,cardImgStyle
FNDA:2,botstyle
FNDA:1,getBody
FNDA:2,created
FNDA:0,(anonymous_12)
FNDA:0,(anonymous_13)
DA:138,2
DA:139,2
DA:140,2
DA:141,2
DA:146,2
DA:147,2
DA:148,2
DA:159,2
DA:160,2
DA:161,2
DA:162,2
DA:169,2
DA:173,2
DA:174,1
DA:184,1
DA:195,2
DA:196,1
DA:201,1
DA:208,2
DA:221,1
DA:225,1
DA:226,1
DA:229,2
DA:230,2
DA:233,0
DA:237,0
DA:241,0
DA:245,0
DA:249,0
DA:275,2
LF:30
LH:25
BRDA:173,0,0,1
BRDA:173,0,1,1
BRDA:195,1,0,1
BRDA:195,1,1,1
BRF:4
BRH:4
end_of_record
TN:
SF:/home/eladyaniv01/projects/frontend-master/src/pages/Auth/Login.vue
FN:100,data
FN:119,user
FN:124,logItIn
FN:136,(anonymous_4)
FN:183,(anonymous_5)
FNF:5
FNH:0
FNDA:0,data
FNDA:0,user
FNDA:0,logItIn
FNDA:0,(anonymous_4)
FNDA:0,(anonymous_5)
DA:85,0
DA:86,0
DA:87,0
DA:88,0
DA:89,0
DA:90,0
DA:96,0
DA:101,0
DA:120,0
DA:124,0
DA:125,0
DA:130,0
DA:131,0
DA:132,0
DA:133,0
DA:135,0
DA:136,0
DA:139,0
DA:142,0
DA:144,0
DA:169,0
DA:170,0
DA:172,0
DA:173,0
DA:174,0
DA:182,0
DA:185,0
DA:186,0
DA:187,0
DA:188,0
DA:189,0
DA:190,0
DA:192,0
DA:193,0
DA:201,0
LF:35
LH:0
BRDA:186,0,0,0
BRDA:186,0,1,0
BRDA:189,1,0,0
BRDA:189,1,1,0
BRDA:192,2,0,0
BRDA:192,2,1,0
BRF:6
BRH:0
end_of_record
TN:
SF:/home/eladyaniv01/projects/frontend-master/src/pages/Auth/Register.vue
FN:71,data
FN:89,created
FN:93,registerIt
FN:108,(anonymous_4)
FN:131,(anonymous_5)
FNF:5
FNH:3
FNDA:1,data
FNDA:1,created
FNDA:1,registerIt
FNDA:0,(anonymous_4)
FNDA:0,(anonymous_5)
DA:59,1
DA:60,1
DA:61,1
DA:67,1
DA:72,1
DA:90,1
DA:93,1
DA:94,1
DA:95,1
DA:99,1
DA:101,1
DA:103,1
DA:104,1
DA:105,1
DA:107,1
DA:108,1
DA:111,0
DA:112,0
DA:113,0
DA:114,0
DA:115,0
DA:117,0
DA:118,0
DA:121,0
DA:129,0
DA:130,0
DA:133,0
DA:134,0
DA:135,0
DA:136,0
DA:137,0
DA:138,0
DA:147,0
LF:33
LH:16
BRDA:134,0,0,0
BRDA:134,0,1,0
BRDA:137,1,0,0
BRDA:137,1,1,0
BRF:4
BRH:0
end_of_record
TN:
SF:/home/eladyaniv01/projects/frontend-master/src/pages/Nutritionists/ClientDetail.vue
FN:179,data
FN:196,created
FN:197,mounted
FN:209,user
FN:210,userName
FN:212,clients
FN:215,Menus
FN:218,(anonymous_8)
FN:219,(anonymous_9)
FN:225,PrivateNotes
FN:227,(anonymous_11)
FN:233,Events
FN:236,(anonymous_13)
FN:237,(anonymous_14)
FN:243,MenuTableToolTip
FN:246,heading
FN:253,NOupdatePath
FN:256,updatePath
FN:262,EditClient
FN:266,(anonymous_20)
FN:278,(anonymous_21)
FN:281,(anonymous_22)
FN:286,createNote
FN:307,(anonymous_24)
FN:338,(anonymous_25)
FN:367,onReset
FN:372,fields
FN:377,gotoMenu
FN:382,(anonymous_29)
FN:387,(anonymous_30)
FNF:30
FNH:0
FNDA:0,data
FNDA:0,created
FNDA:0,mounted
FNDA:0,user
FNDA:0,userName
FNDA:0,clients
FNDA:0,Menus
FNDA:0,(anonymous_8)
FNDA:0,(anonymous_9)
FNDA:0,PrivateNotes
FNDA:0,(anonymous_11)
FNDA:0,Events
FNDA:0,(anonymous_13)
FNDA:0,(anonymous_14)
FNDA:0,MenuTableToolTip
FNDA:0,heading
FNDA:0,NOupdatePath
FNDA:0,updatePath
FNDA:0,EditClient
FNDA:0,(anonymous_20)
FNDA:0,(anonymous_21)
FNDA:0,(anonymous_22)
FNDA:0,createNote
FNDA:0,(anonymous_24)
FNDA:0,(anonymous_25)
FNDA:0,onReset
FNDA:0,fields
FNDA:0,gotoMenu
FNDA:0,(anonymous_29)
FNDA:0,(anonymous_30)
DA:151,0
DA:152,0
DA:153,0
DA:154,0
DA:155,0
DA:156,0
DA:157,0
DA:158,0
DA:159,0
DA:160,0
DA:161,0
DA:162,0
DA:163,0
DA:164,0
DA:180,0
DA:198,0
DA:199,0
DA:201,0
DA:202,0
DA:203,0
DA:204,0
DA:205,0
DA:209,0
DA:210,0
DA:212,0
DA:216,0
DA:217,0
DA:218,0
DA:219,0
DA:220,0
DA:223,0
DA:226,0
DA:227,0
DA:228,0
DA:231,0
DA:234,0
DA:235,0
DA:236,0
DA:237,0
DA:238,0
DA:241,0
DA:244,0
DA:247,0
DA:248,0
DA:249,0
DA:254,0
DA:257,0
DA:258,0
DA:263,0
DA:265,0
DA:277,0
DA:280,0
DA:283,0
DA:286,0
DA:287,0
DA:291,0
DA:293,0
DA:295,0
DA:296,0
DA:297,0
DA:298,0
DA:299,0
DA:300,0
DA:307,0
DA:310,0
DA:312,0
DA:320,0
DA:321,0
DA:329,0
DA:330,0
DA:334,0
DA:335,0
DA:336,0
DA:337,0
DA:340,0
DA:341,0
DA:342,0
DA:343,0
DA:344,0
DA:345,0
DA:346,0
DA:347,0
DA:348,0
DA:349,0
DA:358,0
DA:368,0
DA:369,0
DA:370,0
DA:373,0
DA:375,0
DA:377,0
DA:379,0
DA:380,0
DA:381,0
DA:382,0
DA:385,0
DA:386,0
DA:389,0
DA:390,0
DA:391,0
DA:392,0
DA:393,0
DA:402,0
LF:103
LH:0
BRDA:286,0,0,0
BRDA:286,0,1,0
BRDA:345,1,0,0
BRDA:345,1,1,0
BRDA:348,2,0,0
BRDA:348,2,1,0
BRDA:373,3,0,0
BRDA:373,3,1,0
BRDA:392,4,0,0
BRDA:392,4,1,0
BRF:10
BRH:0
end_of_record
TN:
SF:/home/eladyaniv01/projects/frontend-master/src/pages/Nutritionists/ClientList.vue
FN:31,filterIt
FN:39,data
FN:48,user
FN:49,clients
FN:51,nutid
FN:54,nutritionist
FN:56,getApiUrl
FN:59,title
FN:62,modelList
FN:67,(anonymous_10)
FN:77,modelName
FN:82,clients
FN:89,APIURL
FN:92,refresh
FN:93,(anonymous_15)
FN:98,(anonymous_16)
FN:124,created
FN:125,(anonymous_18)
FN:130,(anonymous_19)
FNF:19
FNH:0
FNDA:0,filterIt
FNDA:0,data
FNDA:0,user
FNDA:0,clients
FNDA:0,nutid
FNDA:0,nutritionist
FNDA:0,getApiUrl
FNDA:0,title
FNDA:0,modelList
FNDA:0,(anonymous_10)
FNDA:0,modelName
FNDA:0,clients
FNDA:0,APIURL
FNDA:0,refresh
FNDA:0,(anonymous_15)
FNDA:0,(anonymous_16)
FNDA:0,created
FNDA:0,(anonymous_18)
FNDA:0,(anonymous_19)
DA:17,0
DA:18,0
DA:19,0
DA:20,0
DA:21,0
DA:27,0
DA:28,0
DA:29,0
DA:30,0
DA:32,0
DA:40,0
DA:48,0
DA:49,0
DA:51,0
DA:54,0
DA:57,0
DA:60,0
DA:62,0
DA:65,0
DA:67,0
DA:68,0
DA:74,0
DA:78,0
DA:83,0
DA:90,0
DA:92,0
DA:93,0
DA:96,0
DA:97,0
DA:100,0
DA:101,0
DA:102,0
DA:103,0
DA:104,0
DA:113,0
DA:124,0
DA:125,0
DA:128,0
DA:129,0
DA:132,0
DA:133,0
DA:134,0
DA:135,0
DA:136,0
DA:145,0
LF:45
LH:0
BRDA:103,0,0,0
BRDA:103,0,1,0
BRDA:135,1,0,0
BRDA:135,1,1,0
BRF:4
BRH:0
end_of_record
TN:
SF:/home/eladyaniv01/projects/frontend-master/src/pages/Nutritionists/MenuDetailView.vue
FN:85,data
FN:101,user
FN:102,userName
FN:103,nutritionist
FN:104,currentClient
FN:106,heading
FN:109,updatePath
FN:112,menu
FN:117,probCount
FN:121,Problems
FN:145,back
FN:148,showProbs
FN:150,(anonymous_13)
FN:159,showStats
FN:178,(anonymous_17)
FNF:15
FNH:0
FNDA:0,data
FNDA:0,user
FNDA:0,userName
FNDA:0,nutritionist
FNDA:0,currentClient
FNDA:0,heading
FNDA:0,updatePath
FNDA:0,menu
FNDA:0,probCount
FNDA:0,Problems
FNDA:0,back
FNDA:0,showProbs
FNDA:0,(anonymous_13)
FNDA:0,showStats
FNDA:0,(anonymous_17)
DA:73,0
DA:74,0
DA:75,0
DA:86,0
DA:101,0
DA:102,0
DA:103,0
DA:104,0
DA:107,0
DA:110,0
DA:113,0
DA:115,0
DA:118,0
DA:119,0
DA:122,0
DA:124,0
DA:125,0
DA:131,0
DA:132,0
DA:138,0
DA:140,0
DA:146,0
DA:149,0
DA:160,0
DA:162,0
DA:163,0
DA:168,0
DA:169,0
DA:175,0
DA:177,0
LF:30
LH:0
BRF:0
BRH:0
end_of_record
TN:
SF:/home/eladyaniv01/projects/frontend-master/src/pages/Nutritionists/MenuList.vue
FN:35,data
FN:44,user
FN:47,nutid
FN:50,nutritionist
FN:52,getApiUrl
FN:55,title
FN:58,modelList
FN:62,modelName
FN:68,APIURL
FN:71,refresh
FN:72,(anonymous_11)
FN:79,(anonymous_12)
FN:105,created
FNF:13
FNH:0
FNDA:0,data
FNDA:0,user
FNDA:0,nutid
FNDA:0,nutritionist
FNDA:0,getApiUrl
FNDA:0,title
FNDA:0,modelList
FNDA:0,modelName
FNDA:0,APIURL
FNDA:0,refresh
FNDA:0,(anonymous_11)
FNDA:0,(anonymous_12)
FNDA:0,created
DA:16,0
DA:17,0
DA:18,0
DA:19,0
DA:25,0
DA:26,0
DA:27,0
DA:28,0
DA:36,0
DA:44,0
DA:47,0
DA:50,0
DA:53,0
DA:56,0
DA:59,0
DA:60,0
DA:63,0
DA:69,0
DA:71,0
DA:72,0
DA:75,0
DA:76,0
DA:77,0
DA:78,0
DA:81,0
DA:82,0
DA:83,0
DA:84,0
DA:85,0
DA:94,0
LF:30
LH:0
BRDA:84,0,0,0
BRDA:84,0,1,0
BRF:2
BRH:0
end_of_record
TN:
SF:/home/eladyaniv01/projects/frontend-master/src/pages/Nutritionists/Profile.vue
FN:21,data
FN:26,user
FN:27,userName
FN:28,nutritionist
FN:30,heading
FN:33,updatePath
FNF:6
FNH:0
FNDA:0,data
FNDA:0,user
FNDA:0,userName
FNDA:0,nutritionist
FNDA:0,heading
FNDA:0,updatePath
DA:12,0
DA:14,0
DA:22,0
DA:26,0
DA:27,0
DA:28,0
DA:31,0
DA:34,0
LF:8
LH:0
BRF:0
BRH:0
end_of_record
TN:
SF:/home/eladyaniv01/projects/frontend-master/src/pages/Nutritionists/Forms/ClientUpdate.vue
FN:25,data
FN:29,show
FN:35,hide
FN:39,onDialogHide
FN:45,onOKClick
FN:58,onCancelClick
FN:66,user
FN:67,userName
FN:68,nutritionist
FN:69,clients
FN:72,Client
FN:77,heading
FN:80,successPath
FN:84,getApiUrl
FNF:14
FNH:0
FNDA:0,data
FNDA:0,show
FNDA:0,hide
FNDA:0,onDialogHide
FNDA:0,onOKClick
FNDA:0,onCancelClick
FNDA:0,user
FNDA:0,userName
FNDA:0,nutritionist
FNDA:0,clients
FNDA:0,Client
FNDA:0,heading
FNDA:0,successPath
FNDA:0,getApiUrl
DA:15,0
DA:17,0
DA:18,0
DA:26,0
DA:30,0
DA:36,0
DA:42,0
DA:49,0
DA:51,0
DA:55,0
DA:60,0
DA:61,0
DA:66,0
DA:67,0
DA:68,0
DA:69,0
DA:73,0
DA:74,0
DA:75,0
DA:78,0
DA:81,0
DA:82,0
DA:85,0
DA:86,0
LF:24
LH:0
BRF:0
BRH:0
end_of_record
TN:
SF:/home/eladyaniv01/projects/frontend-master/src/pages/Nutritionists/Forms/MenuGetter.vue
FN:18,data
FN:33,user
FN:34,userName
FN:35,nutritionist
FN:36,currentClient
FN:38,heading
FN:41,updatePath
FN:44,menu
FN:49,mounted
FN:54,loadMenu
FN:66,(anonymous_11)
FN:88,(anonymous_12)
FN:105,showProbs
FN:118,(anonymous_14)
FN:127,showStats
FN:140,(anonymous_18)
FNF:16
FNH:0
FNDA:0,data
FNDA:0,user
FNDA:0,userName
FNDA:0,nutritionist
FNDA:0,currentClient
FNDA:0,heading
FNDA:0,updatePath
FNDA:0,menu
FNDA:0,mounted
FNDA:0,loadMenu
FNDA:0,(anonymous_11)
FNDA:0,(anonymous_12)
FNDA:0,showProbs
FNDA:0,(anonymous_14)
FNDA:0,showStats
FNDA:0,(anonymous_18)
DA:6,0
DA:7,0
DA:8,0
DA:19,0
DA:33,0
DA:34,0
DA:35,0
DA:36,0
DA:39,0
DA:42,0
DA:45,0
DA:46,0
DA:50,0
DA:54,0
DA:55,0
DA:60,0
DA:62,0
DA:63,0
DA:64,0
DA:66,0
DA:69,0
DA:70,0
DA:71,0
DA:77,0
DA:83,0
DA:84,0
DA:85,0
DA:86,0
DA:87,0
DA:90,0
DA:91,0
DA:106,0
DA:108,0
DA:109,0
DA:115,0
DA:117,0
DA:128,0
DA:130,0
DA:131,0
DA:137,0
DA:139,0
LF:41
LH:0
BRDA:69,0,0,0
BRDA:69,0,1,0
BRF:2
BRH:0
end_of_record
TN:
SF:/home/eladyaniv01/projects/frontend-master/src/pages/Nutritionists/Forms/RegisterClient.vue
FN:190,data
FN:214,user
FN:215,username
FN:216,nutritionist
FN:227,registerIt
FN:247,(anonymous_6)
FN:262,(anonymous_7)
FNF:7
FNH:0
FNDA:0,data
FNDA:0,user
FNDA:0,username
FNDA:0,nutritionist
FNDA:0,registerIt
FNDA:0,(anonymous_6)
FNDA:0,(anonymous_7)
DA:179,0
DA:180,0
DA:181,0
DA:191,0
DA:214,0
DA:215,0
DA:216,0
DA:227,0
DA:228,0
DA:232,0
DA:234,0
DA:235,0
DA:236,0
DA:237,0
DA:238,0
DA:239,0
DA:240,0
DA:241,0
DA:242,0
DA:243,0
DA:244,0
DA:245,0
DA:247,0
DA:250,0
DA:251,0
DA:259,0
DA:260,0
DA:261,0
DA:264,0
DA:265,0
DA:266,0
DA:267,0
DA:268,0
DA:269,0
DA:270,0
DA:271,0
DA:272,0
DA:273,0
DA:282,0
LF:39
LH:0
BRDA:269,0,0,0
BRDA:269,0,1,0
BRDA:272,1,0,0
BRDA:272,1,1,0
BRF:4
BRH:0
end_of_record
TN:
SF:/home/eladyaniv01/projects/frontend-master/src/pages/Nutritionists/Forms/RegisterClientNote.vue
FN:16,data
FN:21,user
FN:22,userName
FN:24,nutritionist
FN:28,heading
FN:31,updatePath
FN:34,getApiUrl
FN:37,successPath
FN:42,registerIt
FN:62,(anonymous_10)
FN:77,(anonymous_11)
FNF:11
FNH:0
FNDA:0,data
FNDA:0,user
FNDA:0,userName
FNDA:0,nutritionist
FNDA:0,heading
FNDA:0,updatePath
FNDA:0,getApiUrl
FNDA:0,successPath
FNDA:0,registerIt
FNDA:0,(anonymous_10)
FNDA:0,(anonymous_11)
DA:5,0
DA:7,0
DA:8,0
DA:9,0
DA:17,0
DA:21,0
DA:22,0
DA:25,0
DA:26,0
DA:29,0
DA:32,0
DA:35,0
DA:38,0
DA:42,0
DA:43,0
DA:47,0
DA:49,0
DA:50,0
DA:51,0
DA:52,0
DA:53,0
DA:54,0
DA:55,0
DA:56,0
DA:57,0
DA:58,0
DA:59,0
DA:60,0
DA:62,0
DA:65,0
DA:66,0
DA:74,0
DA:75,0
DA:76,0
DA:79,0
DA:80,0
DA:81,0
DA:82,0
DA:83,0
DA:84,0
DA:85,0
DA:86,0
DA:87,0
DA:88,0
DA:97,0
LF:45
LH:0
BRDA:84,0,0,0
BRDA:84,0,1,0
BRDA:87,1,0,0
BRDA:87,1,1,0
BRF:4
BRH:0
end_of_record
TN:
SF:/home/eladyaniv01/projects/frontend-master/src/pages/Nutritionists/Forms/UpdateNutProfile.vue
FN:23,data
FN:28,user
FN:29,userName
FN:30,nutritionist
FN:32,heading
FN:35,updatePath
FN:38,getApiUrl
FN:41,successPath
FNF:8
FNH:0
FNDA:0,data
FNDA:0,user
FNDA:0,userName
FNDA:0,nutritionist
FNDA:0,heading
FNDA:0,updatePath
FNDA:0,getApiUrl
FNDA:0,successPath
DA:13,0
DA:15,0
DA:16,0
DA:24,0
DA:28,0
DA:29,0
DA:30,0
DA:33,0
DA:36,0
DA:39,0
DA:42,0
LF:11
LH:0
BRF:0
BRH:0
end_of_record
TN:
SF:/home/eladyaniv01/projects/frontend-master/src/pages/Views/IconMapper.js
FNF:0
FNH:0
DA:3,0
LF:1
LH:0
BRF:0
BRH:0
end_of_record
TN:
SF:/home/eladyaniv01/projects/frontend-master/src/pages/Views/ViewTitle.vue
FN:43,data
FNF:1
FNH:0
FNDA:0,data
DA:44,0
LF:1
LH:0
BRF:0
BRH:0
end_of_record
TN:
SF:/home/eladyaniv01/projects/frontend-master/src/pages/Views/ListViews/EventListView.vue
FN:77,data
FN:87,data
FN:94,user
FN:95,token
FN:96,clients
FN:98,letter
FN:101,maxPage
FN:105,searchRegExp
FN:110,searchMatch
FN:113,doSomething
FN:116,CleanModel
FN:122,clientName
FN:127,fields
FN:130,getPath
FN:138,defs
FN:146,getDate
FNF:16
FNH:0
FNDA:0,data
FNDA:0,data
FNDA:0,user
FNDA:0,token
FNDA:0,clients
FNDA:0,letter
FNDA:0,maxPage
FNDA:0,searchRegExp
FNDA:0,searchMatch
FNDA:0,doSomething
FNDA:0,CleanModel
FNDA:0,clientName
FNDA:0,fields
FNDA:0,getPath
FNDA:0,defs
FNDA:0,getDate
DA:18,0
DA:19,0
DA:20,0
DA:21,0
DA:22,0
DA:23,0
DA:24,0
DA:78,0
DA:88,0
DA:94,0
DA:95,0
DA:96,0
DA:99,0
DA:102,0
DA:106,0
DA:111,0
DA:114,0
DA:117,0
DA:118,0
DA:119,0
DA:120,0
DA:123,0
DA:125,0
DA:128,0
DA:131,0
DA:132,0
DA:133,0
DA:135,0
DA:139,0
DA:147,0
LF:30
LH:0
BRDA:102,0,0,0
BRDA:102,0,1,0
BRDA:132,1,0,0
BRDA:132,1,1,0
BRF:4
BRH:0
end_of_record
TN:
SF:/home/eladyaniv01/projects/frontend-master/src/pages/Views/ListViews/MenuListView.vue
FN:73,data
FN:83,data
FN:90,user
FN:91,token
FN:92,clients
FN:94,letter
FN:97,maxPage
FN:101,searchRegExp
FN:106,searchMatch
FN:109,doSomething
FN:112,CleanModel
FN:118,clientName
FN:123,fields
FN:126,getPath
FN:133,menuCount
FN:141,defs
FN:149,getDate
FNF:17
FNH:0
FNDA:0,data
FNDA:0,data
FNDA:0,user
FNDA:0,token
FNDA:0,clients
FNDA:0,letter
FNDA:0,maxPage
FNDA:0,searchRegExp
FNDA:0,searchMatch
FNDA:0,doSomething
FNDA:0,CleanModel
FNDA:0,clientName
FNDA:0,fields
FNDA:0,getPath
FNDA:0,menuCount
FNDA:0,defs
FNDA:0,getDate
DA:15,0
DA:16,0
DA:18,0
DA:19,0
DA:20,0
DA:21,0
DA:74,0
DA:84,0
DA:90,0
DA:91,0
DA:92,0
DA:95,0
DA:98,0
DA:102,0
DA:107,0
DA:110,0
DA:113,0
DA:114,0
DA:115,0
DA:116,0
DA:119,0
DA:121,0
DA:124,0
DA:127,0
DA:128,0
DA:129,0
DA:131,0
DA:134,0
DA:135,0
DA:139,0
DA:142,0
DA:150,0
LF:32
LH:0
BRDA:98,0,0,0
BRDA:98,0,1,0
BRDA:128,1,0,0
BRDA:128,1,1,0
BRF:4
BRH:0
end_of_record
TN:
SF:/home/eladyaniv01/projects/frontend-master/src/pages/Views/ListViews/MinListView.vue
FN:72,data
FN:82,data
FN:89,user
FN:90,token
FN:91,clients
FN:93,letter
FN:96,maxPage
FN:100,searchRegExp
FN:105,searchMatch
FN:108,doSomething
FN:111,CleanModel
FN:117,clientName
FN:122,fields
FN:146,getPath
FN:153,menuCount
FN:161,defs
FN:169,getDate
FNF:17
FNH:0
FNDA:0,data
FNDA:0,data
FNDA:0,user
FNDA:0,token
FNDA:0,clients
FNDA:0,letter
FNDA:0,maxPage
FNDA:0,searchRegExp
FNDA:0,searchMatch
FNDA:0,doSomething
FNDA:0,CleanModel
FNDA:0,clientName
FNDA:0,fields
FNDA:0,getPath
FNDA:0,menuCount
FNDA:0,defs
FNDA:0,getDate
DA:15,0
DA:16,0
DA:17,0
DA:18,0
DA:19,0
DA:20,0
DA:73,0
DA:83,0
DA:89,0
DA:90,0
DA:91,0
DA:94,0
DA:97,0
DA:101,0
DA:106,0
DA:109,0
DA:112,0
DA:113,0
DA:114,0
DA:115,0
DA:118,0
DA:120,0
DA:123,0
DA:125,0
DA:126,0
DA:127,0
DA:138,0
DA:141,0
DA:142,0
DA:144,0
DA:147,0
DA:148,0
DA:149,0
DA:151,0
DA:154,0
DA:155,0
DA:159,0
DA:162,0
DA:170,0
LF:39
LH:0
BRDA:97,0,0,0
BRDA:97,0,1,0
BRDA:123,1,0,0
BRDA:123,1,1,0
BRDA:127,2,0,0
BRDA:127,2,1,0
BRDA:127,3,0,0
BRDA:127,3,1,0
BRDA:127,3,2,0
BRDA:127,3,3,0
BRDA:127,3,4,0
BRDA:127,3,5,0
BRDA:127,3,6,0
BRDA:127,3,7,0
BRDA:127,3,8,0
BRDA:148,4,0,0
BRDA:148,4,1,0
BRF:17
BRH:0
end_of_record
TN:
SF:/home/eladyaniv01/projects/frontend-master/src/pages/Views/ListViews/ModelListView.vue
FN:72,data
FN:82,data
FN:89,user
FN:90,token
FN:91,clients
FN:93,letter
FN:96,maxPage
FN:100,searchRegExp
FN:105,searchMatch
FN:108,doSomething
FN:111,CleanModel
FN:117,clientName
FN:122,fields
FN:130,getPath
FN:137,menuCount
FN:145,defs
FN:153,getDate
FNF:17
FNH:0
FNDA:0,data
FNDA:0,data
FNDA:0,user
FNDA:0,token
FNDA:0,clients
FNDA:0,letter
FNDA:0,maxPage
FNDA:0,searchRegExp
FNDA:0,searchMatch
FNDA:0,doSomething
FNDA:0,CleanModel
FNDA:0,clientName
FNDA:0,fields
FNDA:0,getPath
FNDA:0,menuCount
FNDA:0,defs
FNDA:0,getDate
DA:15,0
DA:16,0
DA:17,0
DA:18,0
DA:19,0
DA:20,0
DA:73,0
DA:83,0
DA:89,0
DA:90,0
DA:91,0
DA:94,0
DA:97,0
DA:101,0
DA:106,0
DA:109,0
DA:112,0
DA:113,0
DA:114,0
DA:115,0
DA:118,0
DA:120,0
DA:123,0
DA:125,0
DA:126,0
DA:128,0
DA:131,0
DA:132,0
DA:133,0
DA:135,0
DA:138,0
DA:139,0
DA:143,0
DA:146,0
DA:154,0
LF:35
LH:0
BRDA:97,0,0,0
BRDA:97,0,1,0
BRDA:123,1,0,0
BRDA:123,1,1,0
BRDA:132,2,0,0
BRDA:132,2,1,0
BRF:6
BRH:0
end_of_record
TN:
SF:/home/eladyaniv01/projects/frontend-master/src/pages/Views/ListViews/NoteListView.vue
FN:83,data
FN:94,data
FN:101,user
FN:102,token
FN:103,clients
FN:105,letter
FN:108,maxPage
FN:112,searchRegExp
FN:117,deleteNote
FN:118,(anonymous_10)
FN:125,(anonymous_11)
FN:140,(anonymous_12)
FN:169,searchMatch
FN:172,doSomething
FN:175,CleanModel
FN:181,clientName
FN:186,fields
FN:194,getPath
FN:201,menuCount
FN:209,defs
FN:217,getDate
FNF:21
FNH:0
FNDA:0,data
FNDA:0,data
FNDA:0,user
FNDA:0,token
FNDA:0,clients
FNDA:0,letter
FNDA:0,maxPage
FNDA:0,searchRegExp
FNDA:0,deleteNote
FNDA:0,(anonymous_10)
FNDA:0,(anonymous_11)
FNDA:0,(anonymous_12)
FNDA:0,searchMatch
FNDA:0,doSomething
FNDA:0,CleanModel
FNDA:0,clientName
FNDA:0,fields
FNDA:0,getPath
FNDA:0,menuCount
FNDA:0,defs
FNDA:0,getDate
DA:26,0
DA:27,0
DA:28,0
DA:29,0
DA:30,0
DA:31,0
DA:84,0
DA:95,0
DA:101,0
DA:102,0
DA:103,0
DA:106,0
DA:109,0
DA:113,0
DA:117,0
DA:118,0
DA:119,0
DA:121,0
DA:125,0
DA:128,0
DA:130,0
DA:139,0
DA:142,0
DA:143,0
DA:144,0
DA:145,0
DA:146,0
DA:147,0
DA:148,0
DA:149,0
DA:150,0
DA:151,0
DA:160,0
DA:170,0
DA:173,0
DA:176,0
DA:177,0
DA:178,0
DA:179,0
DA:182,0
DA:184,0
DA:187,0
DA:189,0
DA:190,0
DA:192,0
DA:195,0
DA:196,0
DA:197,0
DA:199,0
DA:202,0
DA:203,0
DA:207,0
DA:210,0
DA:218,0
LF:54
LH:0
BRDA:109,0,0,0
BRDA:109,0,1,0
BRDA:147,1,0,0
BRDA:147,1,1,0
BRDA:150,2,0,0
BRDA:150,2,1,0
BRDA:187,3,0,0
BRDA:187,3,1,0
BRDA:196,4,0,0
BRDA:196,4,1,0
BRF:10
BRH:0
end_of_record
TN:
SF:/home/eladyaniv01/projects/frontend-master/src/pages/Views/SingleViews/ModelCard.vue
FN:70,data
FNF:1
FNH:0
FNDA:0,data
DA:39,0
DA:40,0
DA:71,0
LF:3
LH:0
BRF:0
BRH:0
end_of_record
TN:
SF:/home/eladyaniv01/projects/frontend-master/src/pages/Views/SingleViews/ModelCardForm.vue
FN:51,data
FNF:1
FNH:0
FNDA:0,data
DA:20,0
DA:21,0
DA:52,0
LF:3
LH:0
BRF:0
BRH:0
end_of_record
TN:
SF:/home/eladyaniv01/projects/frontend-master/src/pages/Views/SingleViews/ModelDetailView.vue
FN:36,data
FNF:1
FNH:0
FNDA:0,data
DA:14,0
DA:37,0
LF:2
LH:0
BRF:0
BRH:0
end_of_record
TN:
SF:/home/eladyaniv01/projects/frontend-master/src/pages/Views/SingleViews/ModelRenderer.vue
FN:130,data
FN:177,constructTree
FN:182,eachKey
FN:206,fields
FN:226,submitIt
FN:233,(anonymous_6)
FN:247,(anonymous_7)
FN:256,mapFields
FN:264,slicedModel
FN:270,openGroupModal
FN:283,getIcon
FN:287,getField
FN:291,getM2MField
FN:295,getToolTipColor
FN:299,getToolTipBG
FN:303,getToolTipAnchor
FN:307,getDate
FN:311,logIt
FNF:18
FNH:0
FNDA:0,data
FNDA:0,constructTree
FNDA:0,eachKey
FNDA:0,fields
FNDA:0,submitIt
FNDA:0,(anonymous_6)
FNDA:0,(anonymous_7)
FNDA:0,mapFields
FNDA:0,slicedModel
FNDA:0,openGroupModal
FNDA:0,getIcon
FNDA:0,getField
FNDA:0,getM2MField
FNDA:0,getToolTipColor
FNDA:0,getToolTipBG
FNDA:0,getToolTipAnchor
FNDA:0,getDate
FNDA:0,logIt
DA:117,0
DA:118,0
DA:119,0
DA:126,0
DA:131,0
DA:178,0
DA:179,0
DA:180,0
DA:182,0
DA:183,0
DA:185,0
DA:186,0
DA:187,0
DA:198,0
DA:203,0
DA:207,0
DA:209,0
DA:210,0
DA:211,0
DA:212,0
DA:213,0
DA:216,0
DA:226,0
DA:227,0
DA:228,0
DA:233,0
DA:236,0
DA:245,0
DA:246,0
DA:257,0
DA:265,0
DA:267,0
DA:275,0
DA:284,0
DA:288,0
DA:292,0
DA:296,0
DA:300,0
DA:304,0
DA:308,0
DA:312,0
LF:41
LH:0
BRDA:183,0,0,0
BRDA:183,0,1,0
BRDA:185,1,0,0
BRDA:185,1,1,0
BRDA:209,2,0,0
BRDA:209,2,1,0
BRDA:288,3,0,0
BRDA:288,3,1,0
BRF:8
BRH:0
end_of_record
TN:
SF:/home/eladyaniv01/projects/frontend-master/src/pages/Views/SingleViews/ModelUpdateView.vue
FN:42,data
FNF:1
FNH:0
FNDA:0,data
DA:16,0
DA:43,0
LF:2
LH:0
BRF:0
BRH:0
end_of_record
TN:
SF:/home/eladyaniv01/projects/frontend-master/src/pages/Views/SingleViews/SingleModelUpdateView.vue
FN:42,data
FNF:1
FNH:0
FNDA:0,data
DA:13,0
DA:43,0
LF:2
LH:0
BRF:0
BRH:0
end_of_record
TN:
SF:/home/eladyaniv01/projects/frontend-master/src/pages/Views/SingleViews/SingleModelView.vue
FN:38,data
FNF:1
FNH:0
FNDA:0,data
DA:13,0
DA:39,0
LF:2
LH:0
BRF:0
BRH:0
end_of_record
TN:
SF:/home/eladyaniv01/projects/frontend-master/src/router/index.js
FN:19,parseBool
FN:22,(anonymous_1)
FN:24,(anonymous_2)
FN:36,(anonymous_3)
FN:57,(anonymous_4)
FNF:5
FNH:0
FNDA:0,parseBool
FNDA:0,(anonymous_1)
FNDA:0,(anonymous_2)
FNDA:0,(anonymous_3)
FNDA:0,(anonymous_4)
DA:13,0
DA:20,0
DA:23,0
DA:24,0
DA:36,0
DA:38,0
DA:39,0
DA:43,0
DA:49,0
DA:50,0
DA:53,0
DA:57,0
DA:58,0
DA:61,0
LF:14
LH:0
BRDA:20,0,0,0
BRDA:20,0,1,0
BRDA:43,1,0,0
BRDA:43,1,1,0
BRDA:44,2,0,0
BRDA:44,2,1,0
BRDA:44,2,2,0
BRF:7
BRH:0
end_of_record
TN:
SF:/home/eladyaniv01/projects/frontend-master/src/router/routes.js
FN:16,(anonymous_0)
FN:17,(anonymous_1)
FN:21,(anonymous_2)
FN:22,(anonymous_3)
FN:26,(anonymous_4)
FN:27,(anonymous_5)
FN:31,(anonymous_6)
FN:32,(anonymous_7)
FN:36,(anonymous_8)
FN:37,(anonymous_9)
FN:42,(anonymous_10)
FN:43,(anonymous_11)
FN:48,(anonymous_12)
FN:53,(anonymous_13)
FN:59,(anonymous_14)
FN:63,(anonymous_15)
FN:69,(anonymous_16)
FN:73,(anonymous_17)
FN:79,(anonymous_18)
FN:83,(anonymous_19)
FN:92,(anonymous_20)
FN:93,(anonymous_21)
FN:98,(anonymous_22)
FN:99,(anonymous_23)
FN:104,(anonymous_24)
FN:105,(anonymous_25)
FN:112,(anonymous_26)
FN:113,(anonymous_27)
FN:118,(anonymous_28)
FN:119,(anonymous_29)
FN:127,(anonymous_30)
FN:128,(anonymous_31)
FNF:32
FNH:0
FNDA:0,(anonymous_0)
FNDA:0,(anonymous_1)
FNDA:0,(anonymous_2)
FNDA:0,(anonymous_3)
FNDA:0,(anonymous_4)
FNDA:0,(anonymous_5)
FNDA:0,(anonymous_6)
FNDA:0,(anonymous_7)
FNDA:0,(anonymous_8)
FNDA:0,(anonymous_9)
FNDA:0,(anonymous_10)
FNDA:0,(anonymous_11)
FNDA:0,(anonymous_12)
FNDA:0,(anonymous_13)
FNDA:0,(anonymous_14)
FNDA:0,(anonymous_15)
FNDA:0,(anonymous_16)
FNDA:0,(anonymous_17)
FNDA:0,(anonymous_18)
FNDA:0,(anonymous_19)
FNDA:0,(anonymous_20)
FNDA:0,(anonymous_21)
FNDA:0,(anonymous_22)
FNDA:0,(anonymous_23)
FNDA:0,(anonymous_24)
FNDA:0,(anonymous_25)
FNDA:0,(anonymous_26)
FNDA:0,(anonymous_27)
FNDA:0,(anonymous_28)
FNDA:0,(anonymous_29)
FNDA:0,(anonymous_30)
FNDA:0,(anonymous_31)
DA:1,0
DA:16,0
DA:17,0
DA:21,0
DA:22,0
DA:26,0
DA:27,0
DA:31,0
DA:32,0
DA:36,0
DA:37,0
DA:42,0
DA:43,0
DA:48,0
DA:53,0
DA:59,0
DA:63,0
DA:69,0
DA:73,0
DA:79,0
DA:83,0
DA:92,0
DA:93,0
DA:98,0
DA:99,0
DA:104,0
DA:105,0
DA:112,0
DA:113,0
DA:118,0
DA:119,0
DA:124,0
DA:125,0
DA:127,0
DA:128,0
LF:35
LH:0
BRDA:124,0,0,0
BRDA:124,0,1,0
BRF:2
BRH:0
end_of_record
TN:
SF:/home/eladyaniv01/projects/frontend-master/src/services/LoginService.js
FN:16,(anonymous_0)
FNF:1
FNH:0
FNDA:0,(anonymous_0)
DA:6,0
DA:17,0
LF:2
LH:0
BRF:0
BRH:0
end_of_record
TN:
SF:/home/eladyaniv01/projects/frontend-master/src/services/NutritionistService.js
FN:13,(anonymous_0)
FNF:1
FNH:0
FNDA:0,(anonymous_0)
DA:3,0
DA:17,0
LF:2
LH:0
BRF:0
BRH:0
end_of_record
TN:
SF:/home/eladyaniv01/projects/frontend-master/src/services/ServiceConstants.js
FNF:0
FNH:0
DA:1,5
DA:2,5
DA:3,5
DA:4,5
DA:5,0
DA:7,5
DA:10,5
LF:7
LH:6
BRDA:4,0,0,0
BRDA:4,0,1,5
BRF:2
BRH:1
end_of_record
TN:
SF:/home/eladyaniv01/projects/frontend-master/src/services/UserService.js
FN:13,(anonymous_0)
FNF:1
FNH:0
FNDA:0,(anonymous_0)
DA:3,0
DA:17,0
LF:2
LH:0
BRF:0
BRH:0
end_of_record
TN:
SF:/home/eladyaniv01/projects/frontend-master/src/store/index.js
FNF:0
FNH:0
DA:21,0
DA:22,0
DA:24,0
DA:25,0
DA:26,0
DA:27,0
DA:28,0
DA:37,0
LF:8
LH:0
BRF:0
BRH:0
end_of_record
TN:
SF:/home/eladyaniv01/projects/frontend-master/src/store/CMS/actions.js
FN:7,UpdateRightBlocks
FN:12,UpdateLeftBlocks
FN:17,UpdateLandingHeader
FN:22,UpdateLandingCards
FN:27,UpdateStickyHeader
FNF:5
FNH:0
FNDA:0,UpdateRightBlocks
FNDA:0,UpdateLeftBlocks
FNDA:0,UpdateLandingHeader
FNDA:0,UpdateLandingCards
FNDA:0,UpdateStickyHeader
DA:9,0
DA:14,0
DA:19,0
DA:24,0
DA:29,0
LF:5
LH:0
BRF:0
BRH:0
end_of_record
TN:
SF:/home/eladyaniv01/projects/frontend-master/src/store/CMS/getters.js
FN:2,stateGetter
FNF:1
FNH:0
FNDA:0,stateGetter
DA:3,0
LF:1
LH:0
BRF:0
BRH:0
end_of_record
TN:
SF:/home/eladyaniv01/projects/frontend-master/src/store/CMS/index.js
FNF:0
FNH:0
LF:0
LH:0
BRF:0
BRH:0
end_of_record
TN:
SF:/home/eladyaniv01/projects/frontend-master/src/store/CMS/mutations.js
FN:7,UPDATERIGHTBLOCKS
FN:17,UPDATELEFTBLOCKS
FN:27,UPDATELANDINGHEADER
FN:37,UPDATELANDINGCARDS
FN:47,UPDATESTICKYHEADER
FNF:5
FNH:0
FNDA:0,UPDATERIGHTBLOCKS
FNDA:0,UPDATELEFTBLOCKS
FNDA:0,UPDATELANDINGHEADER
FNDA:0,UPDATELANDINGCARDS
FNDA:0,UPDATESTICKYHEADER
DA:8,0
DA:9,0
DA:10,0
DA:14,0
DA:18,0
DA:19,0
DA:20,0
DA:24,0
DA:28,0
DA:29,0
DA:30,0
DA:34,0
DA:38,0
DA:39,0
DA:40,0
DA:44,0
DA:48,0
DA:49,0
DA:50,0
DA:54,0
LF:20
LH:0
BRDA:8,0,0,0
BRDA:8,0,1,0
BRDA:18,1,0,0
BRDA:18,1,1,0
BRDA:28,2,0,0
BRDA:28,2,1,0
BRDA:38,3,0,0
BRDA:38,3,1,0
BRDA:48,4,0,0
BRDA:48,4,1,0
BRF:10
BRH:0
end_of_record
TN:
SF:/home/eladyaniv01/projects/frontend-master/src/store/CMS/state.js
FNF:0
FNH:0
DA:2,5
LF:1
LH:1
BRF:0
BRH:0
end_of_record
TN:
SF:/home/eladyaniv01/projects/frontend-master/src/store/ORM/calendarevents.js
FN:9,(anonymous_0)
FNF:1
FNH:1
FNDA:81,(anonymous_0)
DA:5,9
DA:6,9
DA:10,81
LF:3
LH:3
BRF:0
BRH:0
end_of_record
TN:
SF:/home/eladyaniv01/projects/frontend-master/src/store/ORM/client.js
FN:12,(anonymous_0)
FNF:1
FNH:1
FNDA:81,(anonymous_0)
DA:8,9
DA:9,9
DA:13,81
LF:3
LH:3
BRF:0
BRH:0
end_of_record
TN:
SF:/home/eladyaniv01/projects/frontend-master/src/store/ORM/menu.js
FN:9,(anonymous_0)
FNF:1
FNH:1
FNDA:81,(anonymous_0)
DA:5,9
DA:10,81
LF:2
LH:2
BRF:0
BRH:0
end_of_record
TN:
SF:/home/eladyaniv01/projects/frontend-master/src/store/ORM/models.js
FNF:0
FNH:0
DA:7,8
LF:1
LH:1
BRF:0
BRH:0
end_of_record
TN:
SF:/home/eladyaniv01/projects/frontend-master/src/store/ORM/nutritionists.js
FN:13,(anonymous_0)
FNF:1
FNH:1
FNDA:81,(anonymous_0)
DA:9,9
DA:10,9
DA:14,81
LF:3
LH:3
BRF:0
BRH:0
end_of_record
TN:
SF:/home/eladyaniv01/projects/frontend-master/src/store/ORM/private_notes.js
FN:9,(anonymous_0)
FNF:1
FNH:1
FNDA:81,(anonymous_0)
DA:5,9
DA:10,81
LF:2
LH:2
BRF:0
BRH:0
end_of_record
TN:
SF:/home/eladyaniv01/projects/frontend-master/src/store/UserModules/actions.js
FN:11,UpdateUser
FN:19,UpdateNutritionist
FN:27,UpdateToken
FN:32,FetchToken
FN:35,LogOut
FN:38,DoLogin
FN:41,StopLogin
FN:44,DoRegister
FN:47,StopRegister
FN:50,AddClient
FN:53,FetchClients
FN:57,SetCurrentClient
FN:61,SetClients
FN:64,SetClientNotes
FNF:14
FNH:1
FNDA:0,UpdateUser
FNDA:0,UpdateNutritionist
FNDA:0,UpdateToken
FNDA:0,FetchToken
FNDA:0,LogOut
FNDA:0,DoLogin
FNDA:0,StopLogin
FNDA:1,DoRegister
FNDA:0,StopRegister
FNDA:0,AddClient
FNDA:0,FetchClients
FNDA:0,SetCurrentClient
FNDA:0,SetClients
FNDA:0,SetClientNotes
DA:12,0
DA:13,0
DA:15,0
DA:16,0
DA:20,0
DA:21,0
DA:23,0
DA:24,0
DA:28,0
DA:29,0
DA:33,0
DA:36,0
DA:39,0
DA:42,0
DA:45,1
DA:48,0
DA:51,0
DA:54,0
DA:58,0
DA:62,0
DA:65,0
LF:21
LH:1
BRDA:12,0,0,0
BRDA:12,0,1,0
BRDA:15,1,0,0
BRDA:15,1,1,0
BRDA:20,2,0,0
BRDA:20,2,1,0
BRDA:23,3,0,0
BRDA:23,3,1,0
BRDA:28,4,0,0
BRDA:28,4,1,0
BRF:10
BRH:0
end_of_record
TN:
SF:/home/eladyaniv01/projects/frontend-master/src/store/UserModules/getters.js
FN:1,nutritionist
FN:4,getUser
FNF:2
FNH:1
FNDA:0,nutritionist
FNDA:2,getUser
DA:2,0
DA:5,2
DA:6,2
DA:7,2
DA:8,0
DA:10,2
LF:6
LH:4
BRDA:7,0,0,0
BRDA:7,0,1,2
BRF:2
BRH:1
end_of_record
TN:
SF:/home/eladyaniv01/projects/frontend-master/src/store/UserModules/index.js
FNF:0
FNH:0
DA:6,5
LF:1
LH:1
BRF:0
BRH:0
end_of_record
TN:
SF:/home/eladyaniv01/projects/frontend-master/src/store/UserModules/mutations.js
FN:3,REGISTERSTART
FN:6,REGISTERSTOP
FN:10,LOGINSTART
FN:13,LOGINSTOP
FN:17,LOGOUT
FN:30,UPDATEUSER
FN:72,FETCHTOKEN
FN:87,SETTOKEN
FN:100,ADDCLIENT
FN:109,FETCHCLIENTS
FN:117,SETCURRENTCLIENT
FN:121,SETCLIENTS
FN:125,SETCLIENTNOTES
FNF:13
FNH:1
FNDA:1,REGISTERSTART
FNDA:0,REGISTERSTOP
FNDA:0,LOGINSTART
FNDA:0,LOGINSTOP
FNDA:0,LOGOUT
FNDA:0,UPDATEUSER
FNDA:0,FETCHTOKEN
FNDA:0,SETTOKEN
FNDA:0,ADDCLIENT
FNDA:0,FETCHCLIENTS
FNDA:0,SETCURRENTCLIENT
FNDA:0,SETCLIENTS
FNDA:0,SETCLIENTNOTES
DA:4,1
DA:7,0
DA:8,0
DA:11,0
DA:14,0
DA:15,0
DA:18,0
DA:19,0
DA:20,0
DA:21,0
DA:23,0
DA:24,0
DA:25,0
DA:26,0
DA:28,0
DA:32,0
DA:33,0
DA:34,0
DA:35,0
DA:36,0
DA:38,0
DA:39,0
DA:40,0
DA:41,0
DA:43,0
DA:47,0
DA:48,0
DA:49,0
DA:50,0
DA:73,0
DA:74,0
DA:76,0
DA:77,0
DA:80,0
DA:81,0
DA:83,0
DA:84,0
DA:88,0
DA:89,0
DA:92,0
DA:94,0
DA:96,0
DA:97,0
DA:102,0
DA:103,0
DA:105,0
DA:110,0
DA:111,0
DA:112,0
DA:114,0
DA:118,0
DA:122,0
DA:126,0
LF:53
LH:1
BRDA:32,0,0,0
BRDA:32,0,1,0
BRDA:73,1,0,0
BRDA:73,1,1,0
BRDA:76,2,0,0
BRDA:76,2,1,0
BRDA:80,3,0,0
BRDA:80,3,1,0
BRDA:83,4,0,0
BRDA:83,4,1,0
BRDA:88,5,0,0
BRDA:88,5,1,0
BRDA:102,6,0,0
BRDA:102,6,1,0
BRDA:111,7,0,0
BRDA:111,7,1,0
BRDA:112,8,0,0
BRDA:112,8,1,0
BRF:18
BRH:0
end_of_record
TN:
SF:/home/eladyaniv01/projects/frontend-master/src/store/UserModules/state.js
FNF:0
FNH:0
DA:1,5
LF:1
LH:1
BRF:0
BRH:0
end_of_record
TN:
SF:/home/eladyaniv01/projects/frontend-master/src/utils/color.js
FN:1,(anonymous_0)
FNF:1
FNH:0
FNDA:0,(anonymous_0)
DA:1,2
DA:2,0
LF:2
LH:1
BRDA:2,0,0,0
BRDA:2,0,1,0
BRF:2
BRH:0
end_of_record
TN:
SF:/home/eladyaniv01/projects/frontend-master/src/utils/events.js
FNF:0
FNH:0
LF:0
LH:0
BRF:0
BRH:0
end_of_record
TN:
SF:/home/eladyaniv01/projects/frontend-master/src/utils/getLocale.js
FN:1,(anonymous_0)
FNF:1
FNH:0
FNDA:0,(anonymous_0)
DA:1,0
DA:2,0
DA:3,0
DA:5,0
LF:4
LH:0
BRDA:2,0,0,0
BRDA:2,0,1,0
BRDA:2,1,0,0
BRDA:2,1,1,0
BRDA:5,2,0,0
BRDA:5,2,1,0
BRDA:5,2,2,0
BRDA:5,2,3,0
BRF:8
BRH:0
end_of_record
TN:
SF:/home/eladyaniv01/projects/frontend-master/src/utils/stringutils.js
FN:1,myRep
FN:9,sentenceCase
FN:16,(anonymous_2)
FN:21,prettyStringJson
FN:31,doNotify
FN:36,GetFormattedDate
FNF:6
FNH:1
FNDA:0,myRep
FNDA:0,sentenceCase
FNDA:0,(anonymous_2)
FNDA:0,prettyStringJson
FNDA:0,doNotify
FNDA:2,GetFormattedDate
DA:2,0
DA:10,0
DA:11,0
DA:12,0
DA:14,0
DA:17,0
DA:22,0
DA:23,0
DA:24,0
DA:25,0
DA:26,0
DA:29,0
DA:32,0
DA:37,2
DA:39,2
DA:41,2
DA:42,2
DA:44,2
LF:18
LH:5
BRDA:10,0,0,0
BRDA:10,0,1,0
BRDA:10,1,0,0
BRDA:10,1,1,0
BRDA:11,2,0,0
BRDA:11,2,1,0
BRDA:39,3,0,2
BRDA:39,3,1,0
BRDA:41,4,0,0
BRDA:41,4,1,2
BRF:10
BRH:2
end_of_record
TN:
SF:/home/eladyaniv01/projects/frontend-master/src/utils/time.js
FN:1,(anonymous_0)
FNF:1
FNH:0
FNDA:0,(anonymous_0)
DA:1,2
DA:2,0
DA:3,0
DA:4,0
DA:6,0
LF:5
LH:1
BRDA:3,0,0,0
BRDA:3,0,1,0
BRF:2
BRH:0
end_of_record
